08:35:03:324  INFO 13248 --- [main] com.hmall.pay.PayApplication             : Starting PayApplication using Java 17.0.6 on WIN-I0IUI0L6MJS with PID 13248 (D:\ideaworkspace\hmall\pay-service\target\classes started by Administrator in D:\ideaworkspace\hmall)
08:35:03:332 DEBUG 13248 --- [main] com.hmall.pay.PayApplication             : Running with Spring Boot v2.7.12, Spring v5.3.27
08:35:03:333  INFO 13248 --- [main] com.hmall.pay.PayApplication             : The following 1 profile is active: "dev"
08:35:05:164  INFO 13248 --- [main] o.s.cloud.context.scope.GenericScope     : BeanFactory id=01d8b01a-9dca-395a-8a21-45a8fef661c6
08:35:05:885  INFO 13248 --- [main] o.s.b.w.embedded.tomcat.TomcatWebServer  : Tomcat initialized with port(s): 8085 (http)
08:35:05:899  INFO 13248 --- [main] o.apache.catalina.core.StandardService   : Starting service [Tomcat]
08:35:05:901  INFO 13248 --- [main] org.apache.catalina.core.StandardEngine  : Starting Servlet engine: [Apache Tomcat/9.0.75]
08:35:06:132  INFO 13248 --- [main] o.a.c.c.C.[Tomcat].[localhost].[/]       : Initializing Spring embedded WebApplicationContext
08:35:06:132  INFO 13248 --- [main] w.s.c.ServletWebServerApplicationContext : Root WebApplicationContext: initialization completed in 2682 ms
08:35:06:443  INFO 13248 --- [main] o.s.c.openfeign.FeignClientFactoryBean   : For 'user-service' URL not provided. Will try picking an instance via load-balancing.
08:35:06:511  INFO 13248 --- [main] o.s.c.openfeign.FeignClientFactoryBean   : For 'trade-service' URL not provided. Will try picking an instance via load-balancing.
08:35:07:115  WARN 13248 --- [main] c.b.m.e.s.MybatisSqlSessionFactoryBean   : Can't find class in '[com.hmall.common.enums]' package. Please check your configuration.
08:35:09:330  INFO 13248 --- [main] o.s.cloud.commons.util.InetUtils         : Cannot determine local hostname
08:35:09:375  INFO 13248 --- [main] pertySourcedRequestMappingHandlerMapping : Mapped URL path [/v2/api-docs] onto method [springfox.documentation.swagger2.web.Swagger2ControllerWebMvc#getDocumentation(String, HttpServletRequest)]
08:35:10:803  INFO 13248 --- [main] o.s.cloud.commons.util.InetUtils         : Cannot determine local hostname
08:35:11:047  INFO 13248 --- [main] com.alibaba.nacos.common.remote.client   : [RpcClientFactory] create a new rpc client of 85cbcb64-4b15-4c56-b0de-1d3b1c9460a5
08:35:11:161  INFO 13248 --- [main] org.reflections.Reflections              : Reflections took 37 ms to scan 1 urls, producing 3 keys and 6 values 
08:35:11:205  INFO 13248 --- [main] org.reflections.Reflections              : Reflections took 20 ms to scan 1 urls, producing 4 keys and 9 values 
08:35:11:217  INFO 13248 --- [main] org.reflections.Reflections              : Reflections took 8 ms to scan 1 urls, producing 3 keys and 10 values 
08:35:11:220  WARN 13248 --- [main] org.reflections.Reflections              : given scan urls are empty. set urls in the configuration
08:35:11:229  INFO 13248 --- [main] org.reflections.Reflections              : Reflections took 8 ms to scan 1 urls, producing 1 keys and 5 values 
08:35:11:241  INFO 13248 --- [main] org.reflections.Reflections              : Reflections took 9 ms to scan 1 urls, producing 1 keys and 7 values 
08:35:11:254  INFO 13248 --- [main] org.reflections.Reflections              : Reflections took 9 ms to scan 1 urls, producing 2 keys and 8 values 
08:35:11:261  WARN 13248 --- [main] org.reflections.Reflections              : given scan urls are empty. set urls in the configuration
08:35:11:264  INFO 13248 --- [main] com.alibaba.nacos.common.remote.client   : [85cbcb64-4b15-4c56-b0de-1d3b1c9460a5] RpcClient init label, labels = {module=naming, source=sdk}
08:35:11:267  INFO 13248 --- [main] com.alibaba.nacos.common.remote.client   : [85cbcb64-4b15-4c56-b0de-1d3b1c9460a5] RpcClient init, ServerListFactory = com.alibaba.nacos.client.naming.core.ServerListManager
08:35:11:268  INFO 13248 --- [main] com.alibaba.nacos.common.remote.client   : [85cbcb64-4b15-4c56-b0de-1d3b1c9460a5] Registry connection listener to current client:com.alibaba.nacos.client.naming.remote.gprc.redo.NamingGrpcRedoService
08:35:11:269  INFO 13248 --- [main] com.alibaba.nacos.common.remote.client   : [85cbcb64-4b15-4c56-b0de-1d3b1c9460a5] Register server push request handler:com.alibaba.nacos.client.naming.remote.gprc.NamingPushRequestHandler
08:35:11:273  INFO 13248 --- [main] com.alibaba.nacos.common.remote.client   : [85cbcb64-4b15-4c56-b0de-1d3b1c9460a5] Try to connect to server on start up, server: {serverIp = '192.168.58.129', server main port = 8848}
08:35:13:278  INFO 13248 --- [main] com.alibaba.nacos.common.remote.client   : [85cbcb64-4b15-4c56-b0de-1d3b1c9460a5] Success to connect to server [192.168.58.129:8848] on start up, connectionId = 1714350916696_192.168.58.1_3314
08:35:13:279  INFO 13248 --- [com.alibaba.nacos.client.remote.worker] com.alibaba.nacos.common.remote.client   : [85cbcb64-4b15-4c56-b0de-1d3b1c9460a5] Notify connected event to listeners.
08:35:13:280  INFO 13248 --- [main] com.alibaba.nacos.common.remote.client   : [85cbcb64-4b15-4c56-b0de-1d3b1c9460a5] Register server push request handler:com.alibaba.nacos.common.remote.client.RpcClient$ConnectResetRequestHandler
08:35:13:281  INFO 13248 --- [main] com.alibaba.nacos.common.remote.client   : [85cbcb64-4b15-4c56-b0de-1d3b1c9460a5] Register server push request handler:com.alibaba.nacos.common.remote.client.RpcClient$$Lambda$999/0x000000080138ae10
08:35:13:363  INFO 13248 --- [main] o.s.b.w.embedded.tomcat.TomcatWebServer  : Tomcat started on port(s): 8085 (http) with context path ''
08:35:13:376  INFO 13248 --- [main] c.a.c.n.registry.NacosServiceRegistry    : nacos registry, DEFAULT_GROUP pay-service 192.168.58.1:8085 register finished
08:35:13:914  INFO 13248 --- [nacos-grpc-client-executor-10] com.alibaba.nacos.common.remote.client   : [85cbcb64-4b15-4c56-b0de-1d3b1c9460a5] Receive server push request, request = NotifySubscriberRequest, requestId = 5
08:35:13:934  INFO 13248 --- [nacos-grpc-client-executor-10] com.alibaba.nacos.common.remote.client   : [85cbcb64-4b15-4c56-b0de-1d3b1c9460a5] Ack server push request, request = NotifySubscriberRequest, requestId = 5
08:35:14:804  INFO 13248 --- [main] o.s.cloud.commons.util.InetUtils         : Cannot determine local hostname
08:35:14:806  INFO 13248 --- [main] d.s.w.p.DocumentationPluginsBootstrapper : Documentation plugins bootstrapped
08:35:14:810  INFO 13248 --- [main] d.s.w.p.DocumentationPluginsBootstrapper : Found 1 custom documentation plugin(s)
08:35:14:844  INFO 13248 --- [main] s.d.s.w.s.ApiListingReferenceScanner     : Scanning for api listing references
08:35:14:981  INFO 13248 --- [main] com.hmall.pay.PayApplication             : Started PayApplication in 14.163 seconds (JVM running for 15.48)
08:40:07:982  INFO 13248 --- [http-nio-8085-exec-1] o.a.c.c.C.[Tomcat].[localhost].[/]       : Initializing Spring DispatcherServlet 'dispatcherServlet'
08:40:07:990  INFO 13248 --- [http-nio-8085-exec-1] o.s.web.servlet.DispatcherServlet        : Initializing Servlet 'dispatcherServlet'
08:40:08:057  INFO 13248 --- [http-nio-8085-exec-1] o.s.web.servlet.DispatcherServlet        : Completed initialization in 67 ms
08:40:08:521  WARN 13248 --- [http-nio-8085-exec-1] c.b.m.c.t.support.ReflectLambdaMeta      : Unable to make field private final java.lang.Class java.lang.invoke.SerializedLambda.capturingClass accessible: module java.base does not "opens java.lang.invoke" to unnamed module @6302bbb1
08:40:08:557  INFO 13248 --- [http-nio-8085-exec-1] com.zaxxer.hikari.HikariDataSource       : HikariPool-1 - Starting...
08:40:09:359  INFO 13248 --- [http-nio-8085-exec-1] com.zaxxer.hikari.HikariDataSource       : HikariPool-1 - Start completed.
08:40:09:383 DEBUG 13248 --- [http-nio-8085-exec-1] c.h.p.mapper.PayOrderMapper.selectList   : ==>  Preparing: SELECT id,biz_order_no,pay_order_no,biz_user_id,pay_channel_code,amount,pay_type,status,expand_json,result_code,result_msg,pay_success_time,pay_over_time,qr_code_url,create_time,update_time,creater,updater,is_delete FROM pay_order WHERE (biz_order_no = ?)
08:40:09:424 DEBUG 13248 --- [http-nio-8085-exec-1] c.h.p.mapper.PayOrderMapper.selectList   : ==> Parameters: 1784744433539940353(Long)
08:40:09:487 DEBUG 13248 --- [http-nio-8085-exec-1] c.h.p.mapper.PayOrderMapper.selectList   : <==      Total: 0
08:40:09:616 DEBUG 13248 --- [http-nio-8085-exec-1] c.h.pay.mapper.PayOrderMapper.insert     : ==>  Preparing: INSERT INTO pay_order ( id, biz_order_no, pay_order_no, biz_user_id, pay_channel_code, amount, pay_type, status, pay_over_time ) VALUES ( ?, ?, ?, ?, ?, ?, ?, ?, ? )
08:40:09:621 DEBUG 13248 --- [http-nio-8085-exec-1] c.h.pay.mapper.PayOrderMapper.insert     : ==> Parameters: 1784744446349295618(Long), 1784744433539940353(Long), 1784744446290575361(Long), 1(Long), balance(String), 35400(Integer), 5(Integer), 1(Integer), 2024-04-29T10:40:09.585684400(LocalDateTime)
08:40:09:632 DEBUG 13248 --- [http-nio-8085-exec-1] c.h.pay.mapper.PayOrderMapper.insert     : <==    Updates: 1
08:42:04:753 DEBUG 13248 --- [http-nio-8085-exec-2] c.h.p.mapper.PayOrderMapper.selectList   : ==>  Preparing: SELECT id,biz_order_no,pay_order_no,biz_user_id,pay_channel_code,amount,pay_type,status,expand_json,result_code,result_msg,pay_success_time,pay_over_time,qr_code_url,create_time,update_time,creater,updater,is_delete FROM pay_order WHERE (biz_order_no = ?)
08:42:04:755 DEBUG 13248 --- [http-nio-8085-exec-2] c.h.p.mapper.PayOrderMapper.selectList   : ==> Parameters: 1784744927809306626(Long)
08:42:04:758 DEBUG 13248 --- [http-nio-8085-exec-2] c.h.p.mapper.PayOrderMapper.selectList   : <==      Total: 0
08:42:04:760 DEBUG 13248 --- [http-nio-8085-exec-2] c.h.pay.mapper.PayOrderMapper.insert     : ==>  Preparing: INSERT INTO pay_order ( id, biz_order_no, pay_order_no, biz_user_id, pay_channel_code, amount, pay_type, status, pay_over_time ) VALUES ( ?, ?, ?, ?, ?, ?, ?, ?, ? )
08:42:04:761 DEBUG 13248 --- [http-nio-8085-exec-2] c.h.pay.mapper.PayOrderMapper.insert     : ==> Parameters: 1784744929264680962(Long), 1784744927809306626(Long), 1784744929264680961(Long), 1(Long), balance(String), 35400(Integer), 5(Integer), 1(Integer), 2024-04-29T10:42:04.759408600(LocalDateTime)
08:42:04:777 DEBUG 13248 --- [http-nio-8085-exec-2] c.h.pay.mapper.PayOrderMapper.insert     : <==    Updates: 1
08:43:35:293 DEBUG 13248 --- [http-nio-8085-exec-4] c.h.p.mapper.PayOrderMapper.selectById   : ==>  Preparing: SELECT id,biz_order_no,pay_order_no,biz_user_id,pay_channel_code,amount,pay_type,status,expand_json,result_code,result_msg,pay_success_time,pay_over_time,qr_code_url,create_time,update_time,creater,updater,is_delete FROM pay_order WHERE id=?
08:43:35:293 DEBUG 13248 --- [http-nio-8085-exec-4] c.h.p.mapper.PayOrderMapper.selectById   : ==> Parameters: 1784744929264680962(Long)
08:43:35:346 DEBUG 13248 --- [http-nio-8085-exec-4] c.h.p.mapper.PayOrderMapper.selectById   : <==      Total: 1
08:43:35:387 DEBUG 13248 --- [http-nio-8085-exec-4] com.hmall.api.client.UserClient          : [UserClient#deductMoney] ---> PUT http://user-service/users/money/deduct?pw=123&amount=35400 HTTP/1.1
08:43:35:389 DEBUG 13248 --- [http-nio-8085-exec-4] com.hmall.api.client.UserClient          : [UserClient#deductMoney] user-info: 1
08:43:35:389 DEBUG 13248 --- [http-nio-8085-exec-4] com.hmall.api.client.UserClient          : [UserClient#deductMoney] ---> END HTTP (0-byte body)
08:43:36:101 DEBUG 13248 --- [http-nio-8085-exec-4] com.hmall.api.client.UserClient          : [UserClient#deductMoney] <--- HTTP/1.1 200 (710ms)
08:43:36:101 DEBUG 13248 --- [http-nio-8085-exec-4] com.hmall.api.client.UserClient          : [UserClient#deductMoney] connection: keep-alive
08:43:36:101 DEBUG 13248 --- [http-nio-8085-exec-4] com.hmall.api.client.UserClient          : [UserClient#deductMoney] content-length: 0
08:43:36:101 DEBUG 13248 --- [http-nio-8085-exec-4] com.hmall.api.client.UserClient          : [UserClient#deductMoney] date: Mon, 29 Apr 2024 00:43:36 GMT
08:43:36:101 DEBUG 13248 --- [http-nio-8085-exec-4] com.hmall.api.client.UserClient          : [UserClient#deductMoney] keep-alive: timeout=60
08:43:36:101 DEBUG 13248 --- [http-nio-8085-exec-4] com.hmall.api.client.UserClient          : [UserClient#deductMoney] 
08:43:36:101 DEBUG 13248 --- [http-nio-8085-exec-4] com.hmall.api.client.UserClient          : [UserClient#deductMoney] <--- END HTTP (0-byte body)
08:43:36:206 DEBUG 13248 --- [http-nio-8085-exec-4] c.h.pay.mapper.PayOrderMapper.update     : ==>  Preparing: UPDATE pay_order SET status=?,pay_success_time=? WHERE (id = ? AND status IN (?,?))
08:43:36:208 DEBUG 13248 --- [http-nio-8085-exec-4] c.h.pay.mapper.PayOrderMapper.update     : ==> Parameters: 3(Integer), 2024-04-29T08:43:36.103851(LocalDateTime), 1784744929264680962(Long), 0(Integer), 1(Integer)
08:43:36:211 DEBUG 13248 --- [http-nio-8085-exec-4] c.h.pay.mapper.PayOrderMapper.update     : <==    Updates: 1
08:43:36:212 DEBUG 13248 --- [http-nio-8085-exec-4] com.hmall.api.client.TradeClient         : [TradeClient#markOrderPaySuccess] ---> PUT http://trade-service/orders/1784744927809306626 HTTP/1.1
08:43:36:212 DEBUG 13248 --- [http-nio-8085-exec-4] com.hmall.api.client.TradeClient         : [TradeClient#markOrderPaySuccess] user-info: 1
08:43:36:212 DEBUG 13248 --- [http-nio-8085-exec-4] com.hmall.api.client.TradeClient         : [TradeClient#markOrderPaySuccess] ---> END HTTP (0-byte body)
08:43:36:256  INFO 13248 --- [nacos-grpc-client-executor-124] com.alibaba.nacos.common.remote.client   : [85cbcb64-4b15-4c56-b0de-1d3b1c9460a5] Receive server push request, request = NotifySubscriberRequest, requestId = 18
08:43:36:257  INFO 13248 --- [nacos-grpc-client-executor-124] com.alibaba.nacos.common.remote.client   : [85cbcb64-4b15-4c56-b0de-1d3b1c9460a5] Ack server push request, request = NotifySubscriberRequest, requestId = 18
08:43:36:423 DEBUG 13248 --- [http-nio-8085-exec-4] com.hmall.api.client.TradeClient         : [TradeClient#markOrderPaySuccess] <--- HTTP/1.1 200 (211ms)
08:43:36:423 DEBUG 13248 --- [http-nio-8085-exec-4] com.hmall.api.client.TradeClient         : [TradeClient#markOrderPaySuccess] connection: keep-alive
08:43:36:423 DEBUG 13248 --- [http-nio-8085-exec-4] com.hmall.api.client.TradeClient         : [TradeClient#markOrderPaySuccess] content-length: 0
08:43:36:423 DEBUG 13248 --- [http-nio-8085-exec-4] com.hmall.api.client.TradeClient         : [TradeClient#markOrderPaySuccess] date: Mon, 29 Apr 2024 00:43:36 GMT
08:43:36:423 DEBUG 13248 --- [http-nio-8085-exec-4] com.hmall.api.client.TradeClient         : [TradeClient#markOrderPaySuccess] keep-alive: timeout=60
08:43:36:424 DEBUG 13248 --- [http-nio-8085-exec-4] com.hmall.api.client.TradeClient         : [TradeClient#markOrderPaySuccess] 
08:43:36:424 DEBUG 13248 --- [http-nio-8085-exec-4] com.hmall.api.client.TradeClient         : [TradeClient#markOrderPaySuccess] <--- END HTTP (0-byte body)
08:43:36:766  INFO 13248 --- [nacos-grpc-client-executor-126] com.alibaba.nacos.common.remote.client   : [85cbcb64-4b15-4c56-b0de-1d3b1c9460a5] Receive server push request, request = NotifySubscriberRequest, requestId = 19
08:43:36:769  INFO 13248 --- [nacos-grpc-client-executor-126] com.alibaba.nacos.common.remote.client   : [85cbcb64-4b15-4c56-b0de-1d3b1c9460a5] Ack server push request, request = NotifySubscriberRequest, requestId = 19
08:59:42:391 DEBUG 13248 --- [http-nio-8085-exec-6] c.h.p.mapper.PayOrderMapper.selectList   : ==>  Preparing: SELECT id,biz_order_no,pay_order_no,biz_user_id,pay_channel_code,amount,pay_type,status,expand_json,result_code,result_msg,pay_success_time,pay_over_time,qr_code_url,create_time,update_time,creater,updater,is_delete FROM pay_order WHERE (biz_order_no = ?)
08:59:42:406 DEBUG 13248 --- [http-nio-8085-exec-6] c.h.p.mapper.PayOrderMapper.selectList   : ==> Parameters: 1784749363063488514(Long)
08:59:42:415 DEBUG 13248 --- [http-nio-8085-exec-6] c.h.p.mapper.PayOrderMapper.selectList   : <==      Total: 0
08:59:42:433 DEBUG 13248 --- [http-nio-8085-exec-6] c.h.pay.mapper.PayOrderMapper.insert     : ==>  Preparing: INSERT INTO pay_order ( id, biz_order_no, pay_order_no, biz_user_id, pay_channel_code, amount, pay_type, status, pay_over_time ) VALUES ( ?, ?, ?, ?, ?, ?, ?, ?, ? )
08:59:42:498 DEBUG 13248 --- [http-nio-8085-exec-6] c.h.pay.mapper.PayOrderMapper.insert     : ==> Parameters: 1784749365487747073(Long), 1784749363063488514(Long), 1784749365470969858(Long), 2(Long), balance(String), 35400(Integer), 5(Integer), 1(Integer), 2024-04-29T10:59:42.426792700(LocalDateTime)
08:59:42:503 DEBUG 13248 --- [http-nio-8085-exec-6] c.h.pay.mapper.PayOrderMapper.insert     : <==    Updates: 1
09:02:17:806 ERROR 13248 --- [com.alibaba.nacos.client.naming.updater.1] com.alibaba.nacos.common.remote.client   : Send request fail, request = ServiceQueryRequest{headers={}, requestId='null'}, retryTimes = 0, errorMessage = java.util.concurrent.TimeoutException: Waited 3000 milliseconds (plus 1 milliseconds, 426400 nanoseconds delay) for com.alibaba.nacos.shaded.io.grpc.stub.ClientCalls$GrpcFuture@1745372a[status=PENDING, info=[GrpcFuture{clientCall={delegate={delegate=ClientCallImpl{method=MethodDescriptor{fullMethodName=Request/request, type=UNARY, idempotent=false, safe=false, sampledToLocalTracing=true, requestMarshaller=com.alibaba.nacos.shaded.io.grpc.protobuf.lite.ProtoLiteUtils$MessageMarshaller@75841332, responseMarshaller=com.alibaba.nacos.shaded.io.grpc.protobuf.lite.ProtoLiteUtils$MessageMarshaller@132ca9d2, schemaDescriptor=com.alibaba.nacos.api.grpc.auto.RequestGrpc$RequestMethodDescriptorSupplier@2dee30fa}}}}}]]
09:02:18:635  INFO 13248 --- [com.alibaba.nacos.client.remote.worker] com.alibaba.nacos.common.remote.client   : [85cbcb64-4b15-4c56-b0de-1d3b1c9460a5] Server check success, currentServer is 192.168.58.129:8848 
09:15:54:380  WARN 13248 --- [Thread-7] c.a.n.common.http.HttpClientBeanHolder   : [HttpClientBeanHolder] Start destroying common HttpClient
09:15:54:380  WARN 13248 --- [Thread-4] c.a.nacos.common.notify.NotifyCenter     : [NotifyCenter] Start destroying Publisher
09:15:54:452  WARN 13248 --- [Thread-4] c.a.nacos.common.notify.NotifyCenter     : [NotifyCenter] Destruction of the end
09:15:54:532  WARN 13248 --- [Thread-7] c.a.n.common.http.HttpClientBeanHolder   : [HttpClientBeanHolder] Destruction of the end
09:15:54:736  INFO 13248 --- [SpringApplicationShutdownHook] c.a.c.n.registry.NacosServiceRegistry    : De-registering from Nacos Server now...
09:15:54:776  INFO 13248 --- [SpringApplicationShutdownHook] c.a.c.n.registry.NacosServiceRegistry    : De-registration finished.
09:15:55:327  INFO 13248 --- [SpringApplicationShutdownHook] com.alibaba.nacos.common.remote.client   : Shutdown rpc client, set status to shutdown
09:15:55:329  INFO 13248 --- [SpringApplicationShutdownHook] com.alibaba.nacos.common.remote.client   : Shutdown client event executor java.util.concurrent.ScheduledThreadPoolExecutor@ab6b27b[Running, pool size = 2, active threads = 2, queued tasks = 0, completed tasks = 0]
09:15:55:329  INFO 13248 --- [SpringApplicationShutdownHook] com.alibaba.nacos.common.remote.client   : Close current connection 1714350916696_192.168.58.1_3314
09:15:55:335  INFO 13248 --- [nacos-grpc-client-executor-561] c.a.n.c.remote.client.grpc.GrpcClient    : [1714350916696_192.168.58.1_3314]Ignore complete event,isRunning:false,isAbandon=false
09:15:55:451  INFO 13248 --- [SpringApplicationShutdownHook] c.a.n.c.remote.client.grpc.GrpcClient    : Shutdown grpc executor java.util.concurrent.ThreadPoolExecutor@5a61100e[Running, pool size = 6, active threads = 0, queued tasks = 0, completed tasks = 562]
09:15:55:478  INFO 13248 --- [SpringApplicationShutdownHook] com.zaxxer.hikari.HikariDataSource       : HikariPool-1 - Shutdown initiated...
09:15:55:544  INFO 13248 --- [SpringApplicationShutdownHook] com.zaxxer.hikari.HikariDataSource       : HikariPool-1 - Shutdown completed.
