08:34:20:054  INFO 4132 --- [main] com.hmall.cart.CartApplication           : Starting CartApplication using Java 17.0.6 on WIN-I0IUI0L6MJS with PID 4132 (D:\ideaworkspace\hmall\cart-service\target\classes started by Administrator in D:\ideaworkspace\hmall)
08:34:20:078 DEBUG 4132 --- [main] com.hmall.cart.CartApplication           : Running with Spring Boot v2.7.12, Spring v5.3.27
08:34:20:081  INFO 4132 --- [main] com.hmall.cart.CartApplication           : The following 1 profile is active: "dev"
08:34:21:753  INFO 4132 --- [main] o.s.cloud.context.scope.GenericScope     : BeanFactory id=d41c8f7d-0748-3c34-9100-94bb8dcb2705
08:34:22:468  INFO 4132 --- [main] o.s.b.w.embedded.tomcat.TomcatWebServer  : Tomcat initialized with port(s): 8082 (http)
08:34:22:482  INFO 4132 --- [main] o.apache.catalina.core.StandardService   : Starting service [Tomcat]
08:34:22:482  INFO 4132 --- [main] org.apache.catalina.core.StandardEngine  : Starting Servlet engine: [Apache Tomcat/9.0.75]
08:34:22:739  INFO 4132 --- [main] o.a.c.c.C.[Tomcat].[localhost].[/]       : Initializing Spring embedded WebApplicationContext
08:34:22:739  INFO 4132 --- [main] w.s.c.ServletWebServerApplicationContext : Root WebApplicationContext: initialization completed in 2515 ms
08:34:23:069  INFO 4132 --- [main] o.s.c.openfeign.FeignClientFactoryBean   : For 'item-service' URL not provided. Will try picking an instance via load-balancing.
08:34:24:071  WARN 4132 --- [main] c.b.m.e.s.MybatisSqlSessionFactoryBean   : Can't find class in '[com.hmall.common.enums]' package. Please check your configuration.
08:34:26:219  INFO 4132 --- [main] o.s.cloud.commons.util.InetUtils         : Cannot determine local hostname
08:34:26:295  INFO 4132 --- [main] pertySourcedRequestMappingHandlerMapping : Mapped URL path [/v2/api-docs] onto method [springfox.documentation.swagger2.web.Swagger2ControllerWebMvc#getDocumentation(String, HttpServletRequest)]
08:34:27:720  INFO 4132 --- [main] o.s.cloud.commons.util.InetUtils         : Cannot determine local hostname
08:34:28:024  INFO 4132 --- [main] com.alibaba.nacos.common.remote.client   : [RpcClientFactory] create a new rpc client of 13764d54-606e-41b5-8901-51f834c059fe
08:34:28:144  INFO 4132 --- [main] org.reflections.Reflections              : Reflections took 38 ms to scan 1 urls, producing 3 keys and 6 values 
08:34:28:191  INFO 4132 --- [main] org.reflections.Reflections              : Reflections took 25 ms to scan 1 urls, producing 4 keys and 9 values 
08:34:28:205  INFO 4132 --- [main] org.reflections.Reflections              : Reflections took 11 ms to scan 1 urls, producing 3 keys and 10 values 
08:34:28:207  WARN 4132 --- [main] org.reflections.Reflections              : given scan urls are empty. set urls in the configuration
08:34:28:224  INFO 4132 --- [main] org.reflections.Reflections              : Reflections took 17 ms to scan 1 urls, producing 1 keys and 5 values 
08:34:28:240  INFO 4132 --- [main] org.reflections.Reflections              : Reflections took 13 ms to scan 1 urls, producing 1 keys and 7 values 
08:34:28:262  INFO 4132 --- [main] org.reflections.Reflections              : Reflections took 16 ms to scan 1 urls, producing 2 keys and 8 values 
08:34:28:268  WARN 4132 --- [main] org.reflections.Reflections              : given scan urls are empty. set urls in the configuration
08:34:28:273  INFO 4132 --- [main] com.alibaba.nacos.common.remote.client   : [13764d54-606e-41b5-8901-51f834c059fe] RpcClient init label, labels = {module=naming, source=sdk}
08:34:28:289  INFO 4132 --- [main] com.alibaba.nacos.common.remote.client   : [13764d54-606e-41b5-8901-51f834c059fe] RpcClient init, ServerListFactory = com.alibaba.nacos.client.naming.core.ServerListManager
08:34:28:289  INFO 4132 --- [main] com.alibaba.nacos.common.remote.client   : [13764d54-606e-41b5-8901-51f834c059fe] Registry connection listener to current client:com.alibaba.nacos.client.naming.remote.gprc.redo.NamingGrpcRedoService
08:34:28:289  INFO 4132 --- [main] com.alibaba.nacos.common.remote.client   : [13764d54-606e-41b5-8901-51f834c059fe] Register server push request handler:com.alibaba.nacos.client.naming.remote.gprc.NamingPushRequestHandler
08:34:28:292  INFO 4132 --- [main] com.alibaba.nacos.common.remote.client   : [13764d54-606e-41b5-8901-51f834c059fe] Try to connect to server on start up, server: {serverIp = '192.168.58.129', server main port = 8848}
08:34:30:525  INFO 4132 --- [main] com.alibaba.nacos.common.remote.client   : [13764d54-606e-41b5-8901-51f834c059fe] Success to connect to server [192.168.58.129:8848] on start up, connectionId = 1714350873978_192.168.58.1_3299
08:34:30:536  INFO 4132 --- [com.alibaba.nacos.client.remote.worker] com.alibaba.nacos.common.remote.client   : [13764d54-606e-41b5-8901-51f834c059fe] Notify connected event to listeners.
08:34:30:536  INFO 4132 --- [main] com.alibaba.nacos.common.remote.client   : [13764d54-606e-41b5-8901-51f834c059fe] Register server push request handler:com.alibaba.nacos.common.remote.client.RpcClient$ConnectResetRequestHandler
08:34:30:536  INFO 4132 --- [main] com.alibaba.nacos.common.remote.client   : [13764d54-606e-41b5-8901-51f834c059fe] Register server push request handler:com.alibaba.nacos.common.remote.client.RpcClient$$Lambda$1000/0x00000008013c8b18
08:34:30:643  INFO 4132 --- [main] o.s.b.w.embedded.tomcat.TomcatWebServer  : Tomcat started on port(s): 8082 (http) with context path ''
08:34:30:667  INFO 4132 --- [main] c.a.c.n.registry.NacosServiceRegistry    : nacos registry, DEFAULT_GROUP cart-service 192.168.58.1:8082 register finished
08:34:31:120  INFO 4132 --- [nacos-grpc-client-executor-9] com.alibaba.nacos.common.remote.client   : [13764d54-606e-41b5-8901-51f834c059fe] Receive server push request, request = NotifySubscriberRequest, requestId = 4
08:34:31:124  INFO 4132 --- [nacos-grpc-client-executor-9] com.alibaba.nacos.common.remote.client   : [13764d54-606e-41b5-8901-51f834c059fe] Ack server push request, request = NotifySubscriberRequest, requestId = 4
08:34:32:062  INFO 4132 --- [main] o.s.cloud.commons.util.InetUtils         : Cannot determine local hostname
08:34:32:062  INFO 4132 --- [main] d.s.w.p.DocumentationPluginsBootstrapper : Documentation plugins bootstrapped
08:34:32:066  INFO 4132 --- [main] d.s.w.p.DocumentationPluginsBootstrapper : Found 1 custom documentation plugin(s)
08:34:32:105  INFO 4132 --- [main] s.d.s.w.s.ApiListingReferenceScanner     : Scanning for api listing references
08:34:32:210  INFO 4132 --- [main] com.hmall.cart.CartApplication           : Started CartApplication in 14.525 seconds (JVM running for 16.227)
08:38:40:956  INFO 4132 --- [http-nio-8082-exec-1] o.a.c.c.C.[Tomcat].[localhost].[/]       : Initializing Spring DispatcherServlet 'dispatcherServlet'
08:38:40:963  INFO 4132 --- [http-nio-8082-exec-1] o.s.web.servlet.DispatcherServlet        : Initializing Servlet 'dispatcherServlet'
08:38:41:017  INFO 4132 --- [http-nio-8082-exec-1] o.s.web.servlet.DispatcherServlet        : Completed initialization in 54 ms
08:38:41:301  WARN 4132 --- [http-nio-8082-exec-1] c.b.m.c.t.support.ReflectLambdaMeta      : Unable to make field private final java.lang.Class java.lang.invoke.SerializedLambda.capturingClass accessible: module java.base does not "opens java.lang.invoke" to unnamed module @4218d6a3
08:38:41:460  INFO 4132 --- [http-nio-8082-exec-1] com.zaxxer.hikari.HikariDataSource       : HikariPool-1 - Starting...
08:38:42:211  INFO 4132 --- [http-nio-8082-exec-1] com.zaxxer.hikari.HikariDataSource       : HikariPool-1 - Start completed.
08:38:42:222 DEBUG 4132 --- [http-nio-8082-exec-1] c.h.cart.mapper.CartMapper.selectList    : ==>  Preparing: SELECT id,user_id,item_id,num,name,spec,price,image,create_time,update_time FROM cart WHERE (user_id = ?)
08:38:42:269 DEBUG 4132 --- [http-nio-8082-exec-1] c.h.cart.mapper.CartMapper.selectList    : ==> Parameters: 1(Long)
08:38:42:481 DEBUG 4132 --- [http-nio-8082-exec-1] c.h.cart.mapper.CartMapper.selectList    : <==      Total: 1
08:38:43:976 DEBUG 4132 --- [http-nio-8082-exec-1] com.hmall.api.client.ItemClient          : [ItemClient#queryItemByIds] ---> GET http://item-service/items?ids=100000006163 HTTP/1.1
08:38:43:976 DEBUG 4132 --- [http-nio-8082-exec-1] com.hmall.api.client.ItemClient          : [ItemClient#queryItemByIds] user-info: 1
08:38:43:979 DEBUG 4132 --- [http-nio-8082-exec-1] com.hmall.api.client.ItemClient          : [ItemClient#queryItemByIds] ---> END HTTP (0-byte body)
08:38:45:514  INFO 4132 --- [nacos-grpc-client-executor-73] com.alibaba.nacos.common.remote.client   : [13764d54-606e-41b5-8901-51f834c059fe] Receive server push request, request = NotifySubscriberRequest, requestId = 12
08:38:45:514  INFO 4132 --- [nacos-grpc-client-executor-73] com.alibaba.nacos.common.remote.client   : [13764d54-606e-41b5-8901-51f834c059fe] Ack server push request, request = NotifySubscriberRequest, requestId = 12
08:38:47:197 DEBUG 4132 --- [http-nio-8082-exec-1] com.hmall.api.client.ItemClient          : [ItemClient#queryItemByIds] <--- HTTP/1.1 200  (3207ms)
08:38:47:197 DEBUG 4132 --- [http-nio-8082-exec-1] com.hmall.api.client.ItemClient          : [ItemClient#queryItemByIds] connection: keep-alive
08:38:47:197 DEBUG 4132 --- [http-nio-8082-exec-1] com.hmall.api.client.ItemClient          : [ItemClient#queryItemByIds] content-type: application/json
08:38:47:197 DEBUG 4132 --- [http-nio-8082-exec-1] com.hmall.api.client.ItemClient          : [ItemClient#queryItemByIds] date: Mon, 29 Apr 2024 00:38:47 GMT
08:38:47:197 DEBUG 4132 --- [http-nio-8082-exec-1] com.hmall.api.client.ItemClient          : [ItemClient#queryItemByIds] keep-alive: timeout=60
08:38:47:197 DEBUG 4132 --- [http-nio-8082-exec-1] com.hmall.api.client.ItemClient          : [ItemClient#queryItemByIds] transfer-encoding: chunked
08:38:47:197 DEBUG 4132 --- [http-nio-8082-exec-1] com.hmall.api.client.ItemClient          : [ItemClient#queryItemByIds] 
08:38:47:200 DEBUG 4132 --- [http-nio-8082-exec-1] com.hmall.api.client.ItemClient          : [ItemClient#queryItemByIds] [{"id":"100000006163","name":"巴布豆(BOBDOG)柔薄悦动婴儿拉拉裤XXL码80片(15kg以上)","price":67100,"stock":10000,"image":"https://m.360buyimg.com/mobilecms/s720x720_jfs/t23998/350/2363990466/222391/a6e9581d/5b7cba5bN0c18fb4f.jpg!q70.jpg.webp","category":"拉拉裤","brand":"巴布豆","spec":"{}","sold":11,"commentCount":33343434,"isAD":false,"status":2}]
08:38:47:200 DEBUG 4132 --- [http-nio-8082-exec-1] com.hmall.api.client.ItemClient          : [ItemClient#queryItemByIds] <--- END HTTP (371-byte body)
08:38:53:147 DEBUG 4132 --- [http-nio-8082-exec-2] c.h.cart.mapper.CartMapper.selectList    : ==>  Preparing: SELECT id,user_id,item_id,num,name,spec,price,image,create_time,update_time FROM cart WHERE (user_id = ?)
08:38:53:148 DEBUG 4132 --- [http-nio-8082-exec-2] c.h.cart.mapper.CartMapper.selectList    : ==> Parameters: 1(Long)
08:38:53:150 DEBUG 4132 --- [http-nio-8082-exec-2] c.h.cart.mapper.CartMapper.selectList    : <==      Total: 1
08:38:53:151 DEBUG 4132 --- [http-nio-8082-exec-2] com.hmall.api.client.ItemClient          : [ItemClient#queryItemByIds] ---> GET http://item-service/items?ids=100000006163 HTTP/1.1
08:38:53:152 DEBUG 4132 --- [http-nio-8082-exec-2] com.hmall.api.client.ItemClient          : [ItemClient#queryItemByIds] user-info: 1
08:38:53:152 DEBUG 4132 --- [http-nio-8082-exec-2] com.hmall.api.client.ItemClient          : [ItemClient#queryItemByIds] ---> END HTTP (0-byte body)
08:38:55:026 DEBUG 4132 --- [http-nio-8082-exec-2] com.hmall.api.client.ItemClient          : [ItemClient#queryItemByIds] <--- HTTP/1.1 200  (1874ms)
08:38:55:027 DEBUG 4132 --- [http-nio-8082-exec-2] com.hmall.api.client.ItemClient          : [ItemClient#queryItemByIds] connection: keep-alive
08:38:55:027 DEBUG 4132 --- [http-nio-8082-exec-2] com.hmall.api.client.ItemClient          : [ItemClient#queryItemByIds] content-type: application/json
08:38:55:027 DEBUG 4132 --- [http-nio-8082-exec-2] com.hmall.api.client.ItemClient          : [ItemClient#queryItemByIds] date: Mon, 29 Apr 2024 00:38:55 GMT
08:38:55:027 DEBUG 4132 --- [http-nio-8082-exec-2] com.hmall.api.client.ItemClient          : [ItemClient#queryItemByIds] keep-alive: timeout=60
08:38:55:027 DEBUG 4132 --- [http-nio-8082-exec-2] com.hmall.api.client.ItemClient          : [ItemClient#queryItemByIds] transfer-encoding: chunked
08:38:55:027 DEBUG 4132 --- [http-nio-8082-exec-2] com.hmall.api.client.ItemClient          : [ItemClient#queryItemByIds] 
08:38:55:029 DEBUG 4132 --- [http-nio-8082-exec-2] com.hmall.api.client.ItemClient          : [ItemClient#queryItemByIds] [{"id":"100000006163","name":"巴布豆(BOBDOG)柔薄悦动婴儿拉拉裤XXL码80片(15kg以上)","price":67100,"stock":10000,"image":"https://m.360buyimg.com/mobilecms/s720x720_jfs/t23998/350/2363990466/222391/a6e9581d/5b7cba5bN0c18fb4f.jpg!q70.jpg.webp","category":"拉拉裤","brand":"巴布豆","spec":"{}","sold":11,"commentCount":33343434,"isAD":false,"status":2}]
08:38:55:029 DEBUG 4132 --- [http-nio-8082-exec-2] com.hmall.api.client.ItemClient          : [ItemClient#queryItemByIds] <--- END HTTP (371-byte body)
08:38:57:819 DEBUG 4132 --- [http-nio-8082-exec-3] c.h.cart.mapper.CartMapper.deleteById    : ==>  Preparing: DELETE FROM cart WHERE id=?
08:38:57:820 DEBUG 4132 --- [http-nio-8082-exec-3] c.h.cart.mapper.CartMapper.deleteById    : ==> Parameters: 7(Long)
08:38:57:999 DEBUG 4132 --- [http-nio-8082-exec-3] c.h.cart.mapper.CartMapper.deleteById    : <==    Updates: 1
08:38:58:012 DEBUG 4132 --- [http-nio-8082-exec-4] c.h.cart.mapper.CartMapper.selectList    : ==>  Preparing: SELECT id,user_id,item_id,num,name,spec,price,image,create_time,update_time FROM cart WHERE (user_id = ?)
08:38:58:013 DEBUG 4132 --- [http-nio-8082-exec-4] c.h.cart.mapper.CartMapper.selectList    : ==> Parameters: 1(Long)
08:38:58:014 DEBUG 4132 --- [http-nio-8082-exec-4] c.h.cart.mapper.CartMapper.selectList    : <==      Total: 0
08:39:04:746 DEBUG 4132 --- [http-nio-8082-exec-5] c.h.cart.mapper.CartMapper.selectCount   : ==>  Preparing: SELECT COUNT( * ) FROM cart WHERE (user_id = ? AND item_id = ?)
08:39:04:747 DEBUG 4132 --- [http-nio-8082-exec-5] c.h.cart.mapper.CartMapper.selectCount   : ==> Parameters: 1(Long), 40305713537(Long)
08:39:04:761 DEBUG 4132 --- [http-nio-8082-exec-5] c.h.cart.mapper.CartMapper.selectCount   : <==      Total: 1
08:39:04:763 DEBUG 4132 --- [http-nio-8082-exec-5] c.h.cart.mapper.CartMapper.selectCount   : ==>  Preparing: SELECT COUNT( * ) FROM cart WHERE (user_id = ?)
08:39:04:764 DEBUG 4132 --- [http-nio-8082-exec-5] c.h.cart.mapper.CartMapper.selectCount   : ==> Parameters: 1(Long)
08:39:04:765 DEBUG 4132 --- [http-nio-8082-exec-5] c.h.cart.mapper.CartMapper.selectCount   : <==      Total: 1
08:39:04:768 DEBUG 4132 --- [http-nio-8082-exec-5] com.hmall.cart.mapper.CartMapper.insert  : ==>  Preparing: INSERT INTO cart ( user_id, item_id, name, spec, price, image ) VALUES ( ?, ?, ?, ?, ?, ? )
08:39:04:769 DEBUG 4132 --- [http-nio-8082-exec-5] com.hmall.cart.mapper.CartMapper.insert  : ==> Parameters: 1(Long), 40305713537(Long), 【官方正品 品牌直营】奥古狮登小白鞋女秋季透气2018新款百搭韩版休闲鞋运动鞋女鞋厚底板鞋女 浅蓝【厚底】 41(String), {"颜色": "金色", "尺码": "41"}(String), 35400(Integer), https://m.360buyimg.com/mobilecms/s720x720_jfs/t1/14147/34/2890/275451/5c225484Ebd346404/e61513be4639ee2e.jpg!q70.jpg.webp(String)
08:39:04:924 DEBUG 4132 --- [http-nio-8082-exec-5] com.hmall.cart.mapper.CartMapper.insert  : <==    Updates: 1
08:39:05:002 DEBUG 4132 --- [http-nio-8082-exec-6] c.h.cart.mapper.CartMapper.selectList    : ==>  Preparing: SELECT id,user_id,item_id,num,name,spec,price,image,create_time,update_time FROM cart WHERE (user_id = ?)
08:39:05:002 DEBUG 4132 --- [http-nio-8082-exec-6] c.h.cart.mapper.CartMapper.selectList    : ==> Parameters: 1(Long)
08:39:05:009 DEBUG 4132 --- [http-nio-8082-exec-6] c.h.cart.mapper.CartMapper.selectList    : <==      Total: 1
08:39:05:010 DEBUG 4132 --- [http-nio-8082-exec-6] com.hmall.api.client.ItemClient          : [ItemClient#queryItemByIds] ---> GET http://item-service/items?ids=40305713537 HTTP/1.1
08:39:05:011 DEBUG 4132 --- [http-nio-8082-exec-6] com.hmall.api.client.ItemClient          : [ItemClient#queryItemByIds] user-info: 1
08:39:05:011 DEBUG 4132 --- [http-nio-8082-exec-6] com.hmall.api.client.ItemClient          : [ItemClient#queryItemByIds] ---> END HTTP (0-byte body)
08:39:05:028 DEBUG 4132 --- [http-nio-8082-exec-6] com.hmall.api.client.ItemClient          : [ItemClient#queryItemByIds] <--- HTTP/1.1 200  (16ms)
08:39:05:028 DEBUG 4132 --- [http-nio-8082-exec-6] com.hmall.api.client.ItemClient          : [ItemClient#queryItemByIds] connection: keep-alive
08:39:05:028 DEBUG 4132 --- [http-nio-8082-exec-6] com.hmall.api.client.ItemClient          : [ItemClient#queryItemByIds] content-type: application/json
08:39:05:028 DEBUG 4132 --- [http-nio-8082-exec-6] com.hmall.api.client.ItemClient          : [ItemClient#queryItemByIds] date: Mon, 29 Apr 2024 00:39:05 GMT
08:39:05:029 DEBUG 4132 --- [http-nio-8082-exec-6] com.hmall.api.client.ItemClient          : [ItemClient#queryItemByIds] keep-alive: timeout=60
08:39:05:029 DEBUG 4132 --- [http-nio-8082-exec-6] com.hmall.api.client.ItemClient          : [ItemClient#queryItemByIds] transfer-encoding: chunked
08:39:05:029 DEBUG 4132 --- [http-nio-8082-exec-6] com.hmall.api.client.ItemClient          : [ItemClient#queryItemByIds] 
08:39:05:030 DEBUG 4132 --- [http-nio-8082-exec-6] com.hmall.api.client.ItemClient          : [ItemClient#queryItemByIds] [{"id":"40305713537","name":"【官方正品 品牌直营】奥古狮登小白鞋女秋季透气2018新款百搭韩版休闲鞋运动鞋女鞋厚底板鞋女 浅蓝【厚底】 41","price":35400,"stock":10000,"image":"https://m.360buyimg.com/mobilecms/s720x720_jfs/t1/14147/34/2890/275451/5c225484Ebd346404/e61513be4639ee2e.jpg!q70.jpg.webp","category":"休闲鞋","brand":"奥古狮登","spec":"{\"颜色\": \"金色\", \"尺码\": \"41\"}","sold":0,"commentCount":0,"isAD":false,"status":1}]
08:39:05:030 DEBUG 4132 --- [http-nio-8082-exec-6] com.hmall.api.client.ItemClient          : [ItemClient#queryItemByIds] <--- END HTTP (493-byte body)
08:39:42:813 DEBUG 4132 --- [http-nio-8082-exec-7] com.hmall.cart.mapper.CartMapper.delete  : ==>  Preparing: DELETE FROM cart WHERE (user_id = ? AND item_id IN (?))
08:39:42:817 DEBUG 4132 --- [http-nio-8082-exec-7] com.hmall.cart.mapper.CartMapper.delete  : ==> Parameters: 1(Long), 40305713537(Long)
08:39:42:870 DEBUG 4132 --- [http-nio-8082-exec-7] com.hmall.cart.mapper.CartMapper.delete  : <==    Updates: 1
08:40:06:586 DEBUG 4132 --- [http-nio-8082-exec-9] com.hmall.cart.mapper.CartMapper.delete  : ==>  Preparing: DELETE FROM cart WHERE (user_id = ? AND item_id IN (?))
08:40:06:588 DEBUG 4132 --- [http-nio-8082-exec-9] com.hmall.cart.mapper.CartMapper.delete  : ==> Parameters: 1(Long), 40305713537(Long)
08:40:06:590 DEBUG 4132 --- [http-nio-8082-exec-9] com.hmall.cart.mapper.CartMapper.delete  : <==    Updates: 0
08:40:34:972 DEBUG 4132 --- [http-nio-8082-exec-10] c.h.cart.mapper.CartMapper.selectList    : ==>  Preparing: SELECT id,user_id,item_id,num,name,spec,price,image,create_time,update_time FROM cart WHERE (user_id = ?)
08:40:34:973 DEBUG 4132 --- [http-nio-8082-exec-10] c.h.cart.mapper.CartMapper.selectList    : ==> Parameters: 1(Long)
08:40:34:979 DEBUG 4132 --- [http-nio-8082-exec-10] c.h.cart.mapper.CartMapper.selectList    : <==      Total: 0
08:41:50:685 DEBUG 4132 --- [http-nio-8082-exec-3] c.h.cart.mapper.CartMapper.selectList    : ==>  Preparing: SELECT id,user_id,item_id,num,name,spec,price,image,create_time,update_time FROM cart WHERE (user_id = ?)
08:41:50:693 DEBUG 4132 --- [http-nio-8082-exec-3] c.h.cart.mapper.CartMapper.selectList    : ==> Parameters: 1(Long)
08:41:50:697 DEBUG 4132 --- [http-nio-8082-exec-3] c.h.cart.mapper.CartMapper.selectList    : <==      Total: 0
08:41:54:798 DEBUG 4132 --- [http-nio-8082-exec-4] c.h.cart.mapper.CartMapper.selectCount   : ==>  Preparing: SELECT COUNT( * ) FROM cart WHERE (user_id = ? AND item_id = ?)
08:41:54:802 DEBUG 4132 --- [http-nio-8082-exec-4] c.h.cart.mapper.CartMapper.selectCount   : ==> Parameters: 1(Long), 40305713537(Long)
08:41:54:806 DEBUG 4132 --- [http-nio-8082-exec-4] c.h.cart.mapper.CartMapper.selectCount   : <==      Total: 1
08:41:54:806 DEBUG 4132 --- [http-nio-8082-exec-4] c.h.cart.mapper.CartMapper.selectCount   : ==>  Preparing: SELECT COUNT( * ) FROM cart WHERE (user_id = ?)
08:41:54:810 DEBUG 4132 --- [http-nio-8082-exec-4] c.h.cart.mapper.CartMapper.selectCount   : ==> Parameters: 1(Long)
08:41:54:818 DEBUG 4132 --- [http-nio-8082-exec-4] c.h.cart.mapper.CartMapper.selectCount   : <==      Total: 1
08:41:54:830 DEBUG 4132 --- [http-nio-8082-exec-4] com.hmall.cart.mapper.CartMapper.insert  : ==>  Preparing: INSERT INTO cart ( user_id, item_id, name, spec, price, image ) VALUES ( ?, ?, ?, ?, ?, ? )
08:41:54:830 DEBUG 4132 --- [http-nio-8082-exec-4] com.hmall.cart.mapper.CartMapper.insert  : ==> Parameters: 1(Long), 40305713537(Long), 【官方正品 品牌直营】奥古狮登小白鞋女秋季透气2018新款百搭韩版休闲鞋运动鞋女鞋厚底板鞋女 浅蓝【厚底】 41(String), {"颜色": "金色", "尺码": "41"}(String), 35400(Integer), https://m.360buyimg.com/mobilecms/s720x720_jfs/t1/14147/34/2890/275451/5c225484Ebd346404/e61513be4639ee2e.jpg!q70.jpg.webp(String)
08:41:54:879 DEBUG 4132 --- [http-nio-8082-exec-4] com.hmall.cart.mapper.CartMapper.insert  : <==    Updates: 1
08:41:54:994 DEBUG 4132 --- [http-nio-8082-exec-5] c.h.cart.mapper.CartMapper.selectList    : ==>  Preparing: SELECT id,user_id,item_id,num,name,spec,price,image,create_time,update_time FROM cart WHERE (user_id = ?)
08:41:55:000 DEBUG 4132 --- [http-nio-8082-exec-5] c.h.cart.mapper.CartMapper.selectList    : ==> Parameters: 1(Long)
08:41:55:016 DEBUG 4132 --- [http-nio-8082-exec-5] c.h.cart.mapper.CartMapper.selectList    : <==      Total: 1
08:41:55:057 DEBUG 4132 --- [http-nio-8082-exec-5] com.hmall.api.client.ItemClient          : [ItemClient#queryItemByIds] ---> GET http://item-service/items?ids=40305713537 HTTP/1.1
08:41:55:058 DEBUG 4132 --- [http-nio-8082-exec-5] com.hmall.api.client.ItemClient          : [ItemClient#queryItemByIds] user-info: 1
08:41:55:058 DEBUG 4132 --- [http-nio-8082-exec-5] com.hmall.api.client.ItemClient          : [ItemClient#queryItemByIds] ---> END HTTP (0-byte body)
08:41:55:262 DEBUG 4132 --- [http-nio-8082-exec-5] com.hmall.api.client.ItemClient          : [ItemClient#queryItemByIds] <--- HTTP/1.1 200  (202ms)
08:41:55:263 DEBUG 4132 --- [http-nio-8082-exec-5] com.hmall.api.client.ItemClient          : [ItemClient#queryItemByIds] connection: keep-alive
08:41:55:263 DEBUG 4132 --- [http-nio-8082-exec-5] com.hmall.api.client.ItemClient          : [ItemClient#queryItemByIds] content-type: application/json
08:41:55:263 DEBUG 4132 --- [http-nio-8082-exec-5] com.hmall.api.client.ItemClient          : [ItemClient#queryItemByIds] date: Mon, 29 Apr 2024 00:41:55 GMT
08:41:55:263 DEBUG 4132 --- [http-nio-8082-exec-5] com.hmall.api.client.ItemClient          : [ItemClient#queryItemByIds] keep-alive: timeout=60
08:41:55:263 DEBUG 4132 --- [http-nio-8082-exec-5] com.hmall.api.client.ItemClient          : [ItemClient#queryItemByIds] transfer-encoding: chunked
08:41:55:263 DEBUG 4132 --- [http-nio-8082-exec-5] com.hmall.api.client.ItemClient          : [ItemClient#queryItemByIds] 
08:41:55:265 DEBUG 4132 --- [http-nio-8082-exec-5] com.hmall.api.client.ItemClient          : [ItemClient#queryItemByIds] [{"id":"40305713537","name":"【官方正品 品牌直营】奥古狮登小白鞋女秋季透气2018新款百搭韩版休闲鞋运动鞋女鞋厚底板鞋女 浅蓝【厚底】 41","price":35400,"stock":9998,"image":"https://m.360buyimg.com/mobilecms/s720x720_jfs/t1/14147/34/2890/275451/5c225484Ebd346404/e61513be4639ee2e.jpg!q70.jpg.webp","category":"休闲鞋","brand":"奥古狮登","spec":"{\"颜色\": \"金色\", \"尺码\": \"41\"}","sold":0,"commentCount":0,"isAD":false,"status":1}]
08:41:55:265 DEBUG 4132 --- [http-nio-8082-exec-5] com.hmall.api.client.ItemClient          : [ItemClient#queryItemByIds] <--- END HTTP (492-byte body)
08:42:04:420 DEBUG 4132 --- [http-nio-8082-exec-6] com.hmall.cart.mapper.CartMapper.delete  : ==>  Preparing: DELETE FROM cart WHERE (user_id = ? AND item_id IN (?))
08:42:04:421 DEBUG 4132 --- [http-nio-8082-exec-6] com.hmall.cart.mapper.CartMapper.delete  : ==> Parameters: 1(Long), 40305713537(Long)
08:42:04:425 DEBUG 4132 --- [http-nio-8082-exec-6] com.hmall.cart.mapper.CartMapper.delete  : <==    Updates: 1
08:59:13:625 DEBUG 4132 --- [http-nio-8082-exec-9] c.h.cart.mapper.CartMapper.selectList    : ==>  Preparing: SELECT id,user_id,item_id,num,name,spec,price,image,create_time,update_time FROM cart WHERE (user_id = ?)
08:59:13:664 DEBUG 4132 --- [http-nio-8082-exec-9] c.h.cart.mapper.CartMapper.selectList    : ==> Parameters: 2(Long)
08:59:13:690 DEBUG 4132 --- [http-nio-8082-exec-9] c.h.cart.mapper.CartMapper.selectList    : <==      Total: 0
08:59:15:848 DEBUG 4132 --- [http-nio-8082-exec-10] c.h.cart.mapper.CartMapper.selectList    : ==>  Preparing: SELECT id,user_id,item_id,num,name,spec,price,image,create_time,update_time FROM cart WHERE (user_id = ?)
08:59:15:850 DEBUG 4132 --- [http-nio-8082-exec-10] c.h.cart.mapper.CartMapper.selectList    : ==> Parameters: 2(Long)
08:59:15:855 DEBUG 4132 --- [http-nio-8082-exec-10] c.h.cart.mapper.CartMapper.selectList    : <==      Total: 0
08:59:19:796 DEBUG 4132 --- [http-nio-8082-exec-1] c.h.cart.mapper.CartMapper.selectCount   : ==>  Preparing: SELECT COUNT( * ) FROM cart WHERE (user_id = ? AND item_id = ?)
08:59:19:797 DEBUG 4132 --- [http-nio-8082-exec-1] c.h.cart.mapper.CartMapper.selectCount   : ==> Parameters: 2(Long), 40305713537(Long)
08:59:19:801 DEBUG 4132 --- [http-nio-8082-exec-1] c.h.cart.mapper.CartMapper.selectCount   : <==      Total: 1
08:59:19:807 DEBUG 4132 --- [http-nio-8082-exec-1] c.h.cart.mapper.CartMapper.selectCount   : ==>  Preparing: SELECT COUNT( * ) FROM cart WHERE (user_id = ?)
08:59:19:807 DEBUG 4132 --- [http-nio-8082-exec-1] c.h.cart.mapper.CartMapper.selectCount   : ==> Parameters: 2(Long)
08:59:19:808 DEBUG 4132 --- [http-nio-8082-exec-1] c.h.cart.mapper.CartMapper.selectCount   : <==      Total: 1
08:59:19:821 DEBUG 4132 --- [http-nio-8082-exec-1] com.hmall.cart.mapper.CartMapper.insert  : ==>  Preparing: INSERT INTO cart ( user_id, item_id, name, spec, price, image ) VALUES ( ?, ?, ?, ?, ?, ? )
08:59:19:829 DEBUG 4132 --- [http-nio-8082-exec-1] com.hmall.cart.mapper.CartMapper.insert  : ==> Parameters: 2(Long), 40305713537(Long), 【官方正品 品牌直营】奥古狮登小白鞋女秋季透气2018新款百搭韩版休闲鞋运动鞋女鞋厚底板鞋女 浅蓝【厚底】 41(String), {"颜色": "金色", "尺码": "41"}(String), 35400(Integer), https://m.360buyimg.com/mobilecms/s720x720_jfs/t1/14147/34/2890/275451/5c225484Ebd346404/e61513be4639ee2e.jpg!q70.jpg.webp(String)
08:59:19:915 DEBUG 4132 --- [http-nio-8082-exec-1] com.hmall.cart.mapper.CartMapper.insert  : <==    Updates: 1
08:59:20:041 DEBUG 4132 --- [http-nio-8082-exec-2] c.h.cart.mapper.CartMapper.selectList    : ==>  Preparing: SELECT id,user_id,item_id,num,name,spec,price,image,create_time,update_time FROM cart WHERE (user_id = ?)
08:59:20:047 DEBUG 4132 --- [http-nio-8082-exec-2] c.h.cart.mapper.CartMapper.selectList    : ==> Parameters: 2(Long)
08:59:20:066 DEBUG 4132 --- [http-nio-8082-exec-2] c.h.cart.mapper.CartMapper.selectList    : <==      Total: 1
08:59:20:097 DEBUG 4132 --- [http-nio-8082-exec-2] com.hmall.api.client.ItemClient          : [ItemClient#queryItemByIds] ---> GET http://item-service/items?ids=40305713537 HTTP/1.1
08:59:20:097 DEBUG 4132 --- [http-nio-8082-exec-2] com.hmall.api.client.ItemClient          : [ItemClient#queryItemByIds] user-info: 2
08:59:20:097 DEBUG 4132 --- [http-nio-8082-exec-2] com.hmall.api.client.ItemClient          : [ItemClient#queryItemByIds] ---> END HTTP (0-byte body)
08:59:20:199 DEBUG 4132 --- [http-nio-8082-exec-2] com.hmall.api.client.ItemClient          : [ItemClient#queryItemByIds] <--- HTTP/1.1 200  (100ms)
08:59:20:199 DEBUG 4132 --- [http-nio-8082-exec-2] com.hmall.api.client.ItemClient          : [ItemClient#queryItemByIds] connection: keep-alive
08:59:20:199 DEBUG 4132 --- [http-nio-8082-exec-2] com.hmall.api.client.ItemClient          : [ItemClient#queryItemByIds] content-type: application/json
08:59:20:199 DEBUG 4132 --- [http-nio-8082-exec-2] com.hmall.api.client.ItemClient          : [ItemClient#queryItemByIds] date: Mon, 29 Apr 2024 00:59:20 GMT
08:59:20:199 DEBUG 4132 --- [http-nio-8082-exec-2] com.hmall.api.client.ItemClient          : [ItemClient#queryItemByIds] keep-alive: timeout=60
08:59:20:199 DEBUG 4132 --- [http-nio-8082-exec-2] com.hmall.api.client.ItemClient          : [ItemClient#queryItemByIds] transfer-encoding: chunked
08:59:20:199 DEBUG 4132 --- [http-nio-8082-exec-2] com.hmall.api.client.ItemClient          : [ItemClient#queryItemByIds] 
08:59:20:201 DEBUG 4132 --- [http-nio-8082-exec-2] com.hmall.api.client.ItemClient          : [ItemClient#queryItemByIds] [{"id":"40305713537","name":"【官方正品 品牌直营】奥古狮登小白鞋女秋季透气2018新款百搭韩版休闲鞋运动鞋女鞋厚底板鞋女 浅蓝【厚底】 41","price":35400,"stock":9997,"image":"https://m.360buyimg.com/mobilecms/s720x720_jfs/t1/14147/34/2890/275451/5c225484Ebd346404/e61513be4639ee2e.jpg!q70.jpg.webp","category":"休闲鞋","brand":"奥古狮登","spec":"{\"颜色\": \"金色\", \"尺码\": \"41\"}","sold":0,"commentCount":0,"isAD":false,"status":1}]
08:59:20:201 DEBUG 4132 --- [http-nio-8082-exec-2] com.hmall.api.client.ItemClient          : [ItemClient#queryItemByIds] <--- END HTTP (492-byte body)
08:59:41:905 DEBUG 4132 --- [http-nio-8082-exec-3] com.hmall.cart.mapper.CartMapper.delete  : ==>  Preparing: DELETE FROM cart WHERE (user_id = ? AND item_id IN (?))
08:59:41:906 DEBUG 4132 --- [http-nio-8082-exec-3] com.hmall.cart.mapper.CartMapper.delete  : ==> Parameters: 2(Long), 40305713537(Long)
08:59:41:923 DEBUG 4132 --- [http-nio-8082-exec-3] com.hmall.cart.mapper.CartMapper.delete  : <==    Updates: 1
09:00:39:090 DEBUG 4132 --- [http-nio-8082-exec-5] c.h.cart.mapper.CartMapper.selectList    : ==>  Preparing: SELECT id,user_id,item_id,num,name,spec,price,image,create_time,update_time FROM cart WHERE (user_id = ?)
09:00:39:090 DEBUG 4132 --- [http-nio-8082-exec-5] c.h.cart.mapper.CartMapper.selectList    : ==> Parameters: 2(Long)
09:00:39:094 DEBUG 4132 --- [http-nio-8082-exec-5] c.h.cart.mapper.CartMapper.selectList    : <==      Total: 0
09:02:16:319  INFO 4132 --- [com.alibaba.nacos.client.remote.worker] com.alibaba.nacos.common.remote.client   : [13764d54-606e-41b5-8901-51f834c059fe] Server healthy check fail, currentConnection = 1714350873978_192.168.58.1_3299
09:02:16:338  INFO 4132 --- [com.alibaba.nacos.client.remote.worker] com.alibaba.nacos.common.remote.client   : [13764d54-606e-41b5-8901-51f834c059fe] Try to reconnect to a new server, server is  not appointed, will choose a random server.
09:02:18:809  INFO 4132 --- [com.alibaba.nacos.client.remote.worker] com.alibaba.nacos.common.remote.client   : [13764d54-606e-41b5-8901-51f834c059fe] Success to connect a server [192.168.58.129:8848], connectionId = 1714352542529_192.168.58.1_4633
09:02:18:809  INFO 4132 --- [com.alibaba.nacos.client.remote.worker] com.alibaba.nacos.common.remote.client   : [13764d54-606e-41b5-8901-51f834c059fe] Abandon prev connection, server is 192.168.58.129:8848, connectionId is 1714350873978_192.168.58.1_3299
09:02:18:809  INFO 4132 --- [com.alibaba.nacos.client.remote.worker] com.alibaba.nacos.common.remote.client   : Close current connection 1714350873978_192.168.58.1_3299
09:02:18:812  INFO 4132 --- [nacos-grpc-client-executor-373] c.a.n.c.remote.client.grpc.GrpcClient    : [1714350873978_192.168.58.1_3299]Ignore complete event,isRunning:false,isAbandon=true
09:02:18:926  INFO 4132 --- [com.alibaba.nacos.client.remote.worker] com.alibaba.nacos.common.remote.client   : [13764d54-606e-41b5-8901-51f834c059fe] Notify disconnected event to listeners
09:02:18:929  INFO 4132 --- [com.alibaba.nacos.client.remote.worker] com.alibaba.nacos.common.remote.client   : [13764d54-606e-41b5-8901-51f834c059fe] Notify connected event to listeners.
09:02:21:560  INFO 4132 --- [nacos-grpc-client-executor-377] com.alibaba.nacos.common.remote.client   : [13764d54-606e-41b5-8901-51f834c059fe] Receive server push request, request = NotifySubscriberRequest, requestId = 30
09:02:21:567  INFO 4132 --- [nacos-grpc-client-executor-377] com.alibaba.nacos.common.remote.client   : [13764d54-606e-41b5-8901-51f834c059fe] Ack server push request, request = NotifySubscriberRequest, requestId = 30
09:02:21:571  INFO 4132 --- [nacos-grpc-client-executor-378] com.alibaba.nacos.common.remote.client   : [13764d54-606e-41b5-8901-51f834c059fe] Receive server push request, request = NotifySubscriberRequest, requestId = 32
09:02:21:571  INFO 4132 --- [nacos-grpc-client-executor-378] com.alibaba.nacos.common.remote.client   : [13764d54-606e-41b5-8901-51f834c059fe] Ack server push request, request = NotifySubscriberRequest, requestId = 32
09:15:54:591  WARN 4132 --- [Thread-4] c.a.nacos.common.notify.NotifyCenter     : [NotifyCenter] Start destroying Publisher
09:15:54:591  WARN 4132 --- [Thread-7] c.a.n.common.http.HttpClientBeanHolder   : [HttpClientBeanHolder] Start destroying common HttpClient
09:15:54:666  WARN 4132 --- [Thread-4] c.a.nacos.common.notify.NotifyCenter     : [NotifyCenter] Destruction of the end
09:15:54:716  WARN 4132 --- [Thread-7] c.a.n.common.http.HttpClientBeanHolder   : [HttpClientBeanHolder] Destruction of the end
09:15:56:970  INFO 4132 --- [SpringApplicationShutdownHook] c.a.c.n.registry.NacosServiceRegistry    : De-registering from Nacos Server now...
09:15:57:159  INFO 4132 --- [SpringApplicationShutdownHook] c.a.c.n.registry.NacosServiceRegistry    : De-registration finished.
09:15:57:495  INFO 4132 --- [SpringApplicationShutdownHook] com.alibaba.nacos.common.remote.client   : Shutdown rpc client, set status to shutdown
09:15:57:497  INFO 4132 --- [SpringApplicationShutdownHook] com.alibaba.nacos.common.remote.client   : Shutdown client event executor java.util.concurrent.ScheduledThreadPoolExecutor@4d39114f[Running, pool size = 2, active threads = 2, queued tasks = 0, completed tasks = 0]
09:15:57:502  INFO 4132 --- [SpringApplicationShutdownHook] com.alibaba.nacos.common.remote.client   : Close current connection 1714352542529_192.168.58.1_4633
09:15:57:553  INFO 4132 --- [nacos-grpc-client-executor-544] com.alibaba.nacos.common.remote.client   : [13764d54-606e-41b5-8901-51f834c059fe] Receive server push request, request = NotifySubscriberRequest, requestId = 42
09:15:57:586  INFO 4132 --- [nacos-grpc-client-executor-544] com.alibaba.nacos.common.remote.client   : [13764d54-606e-41b5-8901-51f834c059fe] Ack server push request, request = NotifySubscriberRequest, requestId = 42
09:15:57:589 ERROR 4132 --- [nacos-grpc-client-executor-544] c.a.n.c.remote.client.grpc.GrpcClient    : [1714352542529_192.168.58.1_4633]Error to send ack response, ackId->42
09:15:57:590  INFO 4132 --- [nacos-grpc-client-executor-544] c.a.n.c.remote.client.grpc.GrpcClient    : [1714352542529_192.168.58.1_4633]Ignore complete event,isRunning:false,isAbandon=false
09:15:57:599  INFO 4132 --- [SpringApplicationShutdownHook] c.a.n.c.remote.client.grpc.GrpcClient    : Shutdown grpc executor java.util.concurrent.ThreadPoolExecutor@4fa7d463[Running, pool size = 4, active threads = 0, queued tasks = 0, completed tasks = 545]
09:15:57:638  INFO 4132 --- [SpringApplicationShutdownHook] com.zaxxer.hikari.HikariDataSource       : HikariPool-1 - Shutdown initiated...
09:15:58:274  INFO 4132 --- [SpringApplicationShutdownHook] com.zaxxer.hikari.HikariDataSource       : HikariPool-1 - Shutdown completed.
