14:57:17:463  INFO 3880 --- [main] com.hmall.gateway.GatewayApplication     : No active profile set, falling back to 1 default profile: "default"
14:57:20:084  INFO 3880 --- [main] o.s.cloud.context.scope.GenericScope     : BeanFactory id=ab7eba3b-bca4-35ba-8e37-4bef2229baa0
14:57:20:189  INFO 3880 --- [main] trationDelegate$BeanPostProcessorChecker : Bean 'org.springframework.cloud.client.loadbalancer.reactive.LoadBalancerBeanPostProcessorAutoConfiguration' of type [org.springframework.cloud.client.loadbalancer.reactive.LoadBalancerBeanPostProcessorAutoConfiguration] is not eligible for getting processed by all BeanPostProcessors (for example: not eligible for auto-proxying)
14:57:20:190  INFO 3880 --- [main] trationDelegate$BeanPostProcessorChecker : Bean 'org.springframework.cloud.client.loadbalancer.reactive.LoadBalancerBeanPostProcessorAutoConfiguration$ReactorDeferringLoadBalancerFilterConfig' of type [org.springframework.cloud.client.loadbalancer.reactive.LoadBalancerBeanPostProcessorAutoConfiguration$ReactorDeferringLoadBalancerFilterConfig] is not eligible for getting processed by all BeanPostProcessors (for example: not eligible for auto-proxying)
14:57:20:193  INFO 3880 --- [main] trationDelegate$BeanPostProcessorChecker : Bean 'reactorDeferringLoadBalancerExchangeFilterFunction' of type [org.springframework.cloud.client.loadbalancer.reactive.DeferringLoadBalancerExchangeFilterFunction] is not eligible for getting processed by all BeanPostProcessors (for example: not eligible for auto-proxying)
14:57:21:776 DEBUG 3880 --- [main] c.h.gateway.routers.DynamicRouteLoader   : 监听到路由配置信息：[
    {
        "id": "item",
        "predicates": [{
            "name": "Path",
            "args": {"_genkey_0":"/items/**", "_genkey_1":"/search/**"}
        }],
        "filters": [],
        "uri": "lb://item-service"
    },
    {
        "id": "cart",
        "predicates": [{
            "name": "Path",
            "args": {"_genkey_0":"/carts/**"}
        }],
        "filters": [],
        "uri": "lb://cart-service"
    },
    {
        "id": "user",
        "predicates": [{
            "name": "Path",
            "args": {"_genkey_0":"/users/**", "_genkey_1":"/addresses/**"}
        }],
        "filters": [],
        "uri": "lb://user-service"
    },
    {
        "id": "trade",
        "predicates": [{
            "name": "Path",
            "args": {"_genkey_0":"/orders/**"}
        }],
        "filters": [],
        "uri": "lb://trade-service"
    },
    {
        "id": "pay",
        "predicates": [{
            "name": "Path",
            "args": {"_genkey_0":"/pay-orders/**"}
        }],
        "filters": [],
        "uri": "lb://pay-service"
    }
]
14:57:23:875  INFO 3880 --- [main] o.s.c.g.r.RouteDefinitionRouteLocator    : Loaded RoutePredicateFactory [After]
14:57:23:876  INFO 3880 --- [main] o.s.c.g.r.RouteDefinitionRouteLocator    : Loaded RoutePredicateFactory [Before]
14:57:23:876  INFO 3880 --- [main] o.s.c.g.r.RouteDefinitionRouteLocator    : Loaded RoutePredicateFactory [Between]
14:57:23:876  INFO 3880 --- [main] o.s.c.g.r.RouteDefinitionRouteLocator    : Loaded RoutePredicateFactory [Cookie]
14:57:23:877  INFO 3880 --- [main] o.s.c.g.r.RouteDefinitionRouteLocator    : Loaded RoutePredicateFactory [Header]
14:57:23:877  INFO 3880 --- [main] o.s.c.g.r.RouteDefinitionRouteLocator    : Loaded RoutePredicateFactory [Host]
14:57:23:877  INFO 3880 --- [main] o.s.c.g.r.RouteDefinitionRouteLocator    : Loaded RoutePredicateFactory [Method]
14:57:23:878  INFO 3880 --- [main] o.s.c.g.r.RouteDefinitionRouteLocator    : Loaded RoutePredicateFactory [Path]
14:57:23:879  INFO 3880 --- [main] o.s.c.g.r.RouteDefinitionRouteLocator    : Loaded RoutePredicateFactory [Query]
14:57:23:880  INFO 3880 --- [main] o.s.c.g.r.RouteDefinitionRouteLocator    : Loaded RoutePredicateFactory [ReadBody]
14:57:23:880  INFO 3880 --- [main] o.s.c.g.r.RouteDefinitionRouteLocator    : Loaded RoutePredicateFactory [RemoteAddr]
14:57:23:881  INFO 3880 --- [main] o.s.c.g.r.RouteDefinitionRouteLocator    : Loaded RoutePredicateFactory [XForwardedRemoteAddr]
14:57:23:881  INFO 3880 --- [main] o.s.c.g.r.RouteDefinitionRouteLocator    : Loaded RoutePredicateFactory [Weight]
14:57:23:881  INFO 3880 --- [main] o.s.c.g.r.RouteDefinitionRouteLocator    : Loaded RoutePredicateFactory [CloudFoundryRouteService]
14:57:24:975  INFO 3880 --- [main] com.alibaba.nacos.common.remote.client   : [RpcClientFactory] create a new rpc client of 4d0adc63-5c81-4b60-a2ad-684a9ae9cf2f
14:57:24:975  INFO 3880 --- [main] com.alibaba.nacos.common.remote.client   : [4d0adc63-5c81-4b60-a2ad-684a9ae9cf2f] RpcClient init label, labels = {module=naming, source=sdk}
14:57:24:978  INFO 3880 --- [main] com.alibaba.nacos.common.remote.client   : [4d0adc63-5c81-4b60-a2ad-684a9ae9cf2f] RpcClient init, ServerListFactory = com.alibaba.nacos.client.naming.core.ServerListManager
14:57:24:979  INFO 3880 --- [main] com.alibaba.nacos.common.remote.client   : [4d0adc63-5c81-4b60-a2ad-684a9ae9cf2f] Registry connection listener to current client:com.alibaba.nacos.client.naming.remote.gprc.redo.NamingGrpcRedoService
14:57:24:979  INFO 3880 --- [main] com.alibaba.nacos.common.remote.client   : [4d0adc63-5c81-4b60-a2ad-684a9ae9cf2f] Register server push request handler:com.alibaba.nacos.client.naming.remote.gprc.NamingPushRequestHandler
14:57:24:980  INFO 3880 --- [main] com.alibaba.nacos.common.remote.client   : [4d0adc63-5c81-4b60-a2ad-684a9ae9cf2f] Try to connect to server on start up, server: {serverIp = '192.168.58.129', server main port = 8848}
14:57:25:169  INFO 3880 --- [main] com.alibaba.nacos.common.remote.client   : [4d0adc63-5c81-4b60-a2ad-684a9ae9cf2f] Success to connect to server [192.168.58.129:8848] on start up, connectionId = 1715151445476_192.168.58.1_2914
14:57:25:169  INFO 3880 --- [com.alibaba.nacos.client.remote.worker] com.alibaba.nacos.common.remote.client   : [4d0adc63-5c81-4b60-a2ad-684a9ae9cf2f] Notify connected event to listeners.
14:57:25:170  INFO 3880 --- [main] com.alibaba.nacos.common.remote.client   : [4d0adc63-5c81-4b60-a2ad-684a9ae9cf2f] Register server push request handler:com.alibaba.nacos.common.remote.client.RpcClient$ConnectResetRequestHandler
14:57:25:172  INFO 3880 --- [main] com.alibaba.nacos.common.remote.client   : [4d0adc63-5c81-4b60-a2ad-684a9ae9cf2f] Register server push request handler:com.alibaba.nacos.common.remote.client.RpcClient$$Lambda$463/0x000000010041bc40
14:57:25:843  INFO 3880 --- [nacos-grpc-client-executor-6] com.alibaba.nacos.common.remote.client   : [4d0adc63-5c81-4b60-a2ad-684a9ae9cf2f] Receive server push request, request = NotifySubscriberRequest, requestId = 2
14:57:25:846  INFO 3880 --- [nacos-grpc-client-executor-6] com.alibaba.nacos.common.remote.client   : [4d0adc63-5c81-4b60-a2ad-684a9ae9cf2f] Ack server push request, request = NotifySubscriberRequest, requestId = 2
14:57:25:904  INFO 3880 --- [main] o.s.b.web.embedded.netty.NettyWebServer  : Netty started on port 8080
14:57:26:572  INFO 3880 --- [main] c.a.c.n.registry.NacosServiceRegistry    : nacos registry, DEFAULT_GROUP gateway 192.168.0.100:8080 register finished
14:57:26:591  INFO 3880 --- [main] com.hmall.gateway.GatewayApplication     : Started GatewayApplication in 19.578 seconds (JVM running for 32.357)
14:57:26:595  INFO 3880 --- [main] c.a.c.n.refresh.NacosContextRefresher    : [Nacos Config] Listening config: dataId=gateway.yaml, group=DEFAULT_GROUP
14:57:26:596  INFO 3880 --- [main] c.a.c.n.refresh.NacosContextRefresher    : [Nacos Config] Listening config: dataId=gateway, group=DEFAULT_GROUP
14:57:27:266  INFO 3880 --- [nacos-grpc-client-executor-10] com.alibaba.nacos.common.remote.client   : [4d0adc63-5c81-4b60-a2ad-684a9ae9cf2f] Receive server push request, request = NotifySubscriberRequest, requestId = 3
14:57:27:272  INFO 3880 --- [nacos-grpc-client-executor-10] com.alibaba.nacos.common.remote.client   : [4d0adc63-5c81-4b60-a2ad-684a9ae9cf2f] Ack server push request, request = NotifySubscriberRequest, requestId = 3
15:22:45:557  WARN 3880 --- [Thread-1] c.a.n.common.http.HttpClientBeanHolder   : [HttpClientBeanHolder] Start destroying common HttpClient
15:22:45:557  WARN 3880 --- [Thread-5] c.a.nacos.common.notify.NotifyCenter     : [NotifyCenter] Start destroying Publisher
15:22:45:647  WARN 3880 --- [Thread-5] c.a.nacos.common.notify.NotifyCenter     : [NotifyCenter] Destruction of the end
15:22:45:711  WARN 3880 --- [Thread-1] c.a.n.common.http.HttpClientBeanHolder   : [HttpClientBeanHolder] Destruction of the end
15:22:46:097  INFO 3880 --- [SpringApplicationShutdownHook] c.a.c.n.registry.NacosServiceRegistry    : De-registering from Nacos Server now...
15:22:46:142  INFO 3880 --- [SpringApplicationShutdownHook] c.a.c.n.registry.NacosServiceRegistry    : De-registration finished.
15:22:46:489  INFO 3880 --- [SpringApplicationShutdownHook] com.alibaba.nacos.common.remote.client   : Shutdown rpc client, set status to shutdown
15:22:46:492  INFO 3880 --- [SpringApplicationShutdownHook] com.alibaba.nacos.common.remote.client   : Shutdown client event executor java.util.concurrent.ScheduledThreadPoolExecutor@4354fdd0[Running, pool size = 2, active threads = 2, queued tasks = 0, completed tasks = 0]
15:22:46:496  INFO 3880 --- [SpringApplicationShutdownHook] com.alibaba.nacos.common.remote.client   : Close current connection 1715151445476_192.168.58.1_2914
15:22:46:507  INFO 3880 --- [nacos-grpc-client-executor-344] c.a.n.c.remote.client.grpc.GrpcClient    : [1715151445476_192.168.58.1_2914]Ignore complete event,isRunning:false,isAbandon=false
15:22:46:612  INFO 3880 --- [SpringApplicationShutdownHook] c.a.n.c.remote.client.grpc.GrpcClient    : Shutdown grpc executor java.util.concurrent.ThreadPoolExecutor@6d48015a[Running, pool size = 5, active threads = 0, queued tasks = 0, completed tasks = 345]
