08:35:24:139  INFO 1452 --- [main] com.hmall.trade.TradeApplication         : Starting TradeApplication using Java 17.0.6 on WIN-I0IUI0L6MJS with PID 1452 (D:\ideaworkspace\hmall\trade-service\target\classes started by Administrator in D:\ideaworkspace\hmall)
08:35:24:158 DEBUG 1452 --- [main] com.hmall.trade.TradeApplication         : Running with Spring Boot v2.7.12, Spring v5.3.27
08:35:24:159  INFO 1452 --- [main] com.hmall.trade.TradeApplication         : The following 1 profile is active: "dev"
08:35:25:801  INFO 1452 --- [main] o.s.cloud.context.scope.GenericScope     : BeanFactory id=083f2a09-9ea1-3dd6-8ad5-a2f1fcd328f7
08:35:26:594  INFO 1452 --- [main] o.s.b.w.embedded.tomcat.TomcatWebServer  : Tomcat initialized with port(s): 8084 (http)
08:35:26:611  INFO 1452 --- [main] o.apache.catalina.core.StandardService   : Starting service [Tomcat]
08:35:26:611  INFO 1452 --- [main] org.apache.catalina.core.StandardEngine  : Starting Servlet engine: [Apache Tomcat/9.0.75]
08:35:26:868  INFO 1452 --- [main] o.a.c.c.C.[Tomcat].[localhost].[/]       : Initializing Spring embedded WebApplicationContext
08:35:26:869  INFO 1452 --- [main] w.s.c.ServletWebServerApplicationContext : Root WebApplicationContext: initialization completed in 2600 ms
08:35:27:177  INFO 1452 --- [main] o.s.c.openfeign.FeignClientFactoryBean   : For 'item-service' URL not provided. Will try picking an instance via load-balancing.
08:35:27:831  WARN 1452 --- [main] c.b.m.e.s.MybatisSqlSessionFactoryBean   : Can't find class in '[com.hmall.common.enums]' package. Please check your configuration.
08:35:28:145  INFO 1452 --- [main] o.s.c.openfeign.FeignClientFactoryBean   : For 'cart-service' URL not provided. Will try picking an instance via load-balancing.
08:35:30:201  INFO 1452 --- [main] o.s.cloud.commons.util.InetUtils         : Cannot determine local hostname
08:35:30:247  INFO 1452 --- [main] pertySourcedRequestMappingHandlerMapping : Mapped URL path [/v2/api-docs] onto method [springfox.documentation.swagger2.web.Swagger2ControllerWebMvc#getDocumentation(String, HttpServletRequest)]
08:35:31:681  INFO 1452 --- [main] o.s.cloud.commons.util.InetUtils         : Cannot determine local hostname
08:35:31:926  INFO 1452 --- [main] com.alibaba.nacos.common.remote.client   : [RpcClientFactory] create a new rpc client of 6bc27a66-e656-4f33-84c1-d0a7f26158bd
08:35:32:060  INFO 1452 --- [main] org.reflections.Reflections              : Reflections took 46 ms to scan 1 urls, producing 3 keys and 6 values 
08:35:32:199  INFO 1452 --- [main] org.reflections.Reflections              : Reflections took 11 ms to scan 1 urls, producing 4 keys and 9 values 
08:35:32:214  INFO 1452 --- [main] org.reflections.Reflections              : Reflections took 11 ms to scan 1 urls, producing 3 keys and 10 values 
08:35:32:217  WARN 1452 --- [main] org.reflections.Reflections              : given scan urls are empty. set urls in the configuration
08:35:32:225  INFO 1452 --- [main] org.reflections.Reflections              : Reflections took 8 ms to scan 1 urls, producing 1 keys and 5 values 
08:35:32:240  INFO 1452 --- [main] org.reflections.Reflections              : Reflections took 12 ms to scan 1 urls, producing 1 keys and 7 values 
08:35:32:251  INFO 1452 --- [main] org.reflections.Reflections              : Reflections took 8 ms to scan 1 urls, producing 2 keys and 8 values 
08:35:32:254  WARN 1452 --- [main] org.reflections.Reflections              : given scan urls are empty. set urls in the configuration
08:35:32:256  INFO 1452 --- [main] com.alibaba.nacos.common.remote.client   : [6bc27a66-e656-4f33-84c1-d0a7f26158bd] RpcClient init label, labels = {module=naming, source=sdk}
08:35:32:258  INFO 1452 --- [main] com.alibaba.nacos.common.remote.client   : [6bc27a66-e656-4f33-84c1-d0a7f26158bd] RpcClient init, ServerListFactory = com.alibaba.nacos.client.naming.core.ServerListManager
08:35:32:258  INFO 1452 --- [main] com.alibaba.nacos.common.remote.client   : [6bc27a66-e656-4f33-84c1-d0a7f26158bd] Registry connection listener to current client:com.alibaba.nacos.client.naming.remote.gprc.redo.NamingGrpcRedoService
08:35:32:259  INFO 1452 --- [main] com.alibaba.nacos.common.remote.client   : [6bc27a66-e656-4f33-84c1-d0a7f26158bd] Register server push request handler:com.alibaba.nacos.client.naming.remote.gprc.NamingPushRequestHandler
08:35:32:261  INFO 1452 --- [main] com.alibaba.nacos.common.remote.client   : [6bc27a66-e656-4f33-84c1-d0a7f26158bd] Try to connect to server on start up, server: {serverIp = '192.168.58.129', server main port = 8848}
08:35:34:418  INFO 1452 --- [main] com.alibaba.nacos.common.remote.client   : [6bc27a66-e656-4f33-84c1-d0a7f26158bd] Success to connect to server [192.168.58.129:8848] on start up, connectionId = 1714350937933_192.168.58.1_3324
08:35:34:419  INFO 1452 --- [com.alibaba.nacos.client.remote.worker] com.alibaba.nacos.common.remote.client   : [6bc27a66-e656-4f33-84c1-d0a7f26158bd] Notify connected event to listeners.
08:35:34:419  INFO 1452 --- [main] com.alibaba.nacos.common.remote.client   : [6bc27a66-e656-4f33-84c1-d0a7f26158bd] Register server push request handler:com.alibaba.nacos.common.remote.client.RpcClient$ConnectResetRequestHandler
08:35:34:420  INFO 1452 --- [main] com.alibaba.nacos.common.remote.client   : [6bc27a66-e656-4f33-84c1-d0a7f26158bd] Register server push request handler:com.alibaba.nacos.common.remote.client.RpcClient$$Lambda$997/0x0000000801388a98
08:35:34:488  INFO 1452 --- [main] o.s.b.w.embedded.tomcat.TomcatWebServer  : Tomcat started on port(s): 8084 (http) with context path ''
08:35:34:500  INFO 1452 --- [main] c.a.c.n.registry.NacosServiceRegistry    : nacos registry, DEFAULT_GROUP trade-service 192.168.58.1:8084 register finished
08:35:35:003  INFO 1452 --- [nacos-grpc-client-executor-9] com.alibaba.nacos.common.remote.client   : [6bc27a66-e656-4f33-84c1-d0a7f26158bd] Receive server push request, request = NotifySubscriberRequest, requestId = 6
08:35:35:006  INFO 1452 --- [nacos-grpc-client-executor-9] com.alibaba.nacos.common.remote.client   : [6bc27a66-e656-4f33-84c1-d0a7f26158bd] Ack server push request, request = NotifySubscriberRequest, requestId = 6
08:35:35:889  INFO 1452 --- [main] o.s.cloud.commons.util.InetUtils         : Cannot determine local hostname
08:35:35:889  INFO 1452 --- [main] d.s.w.p.DocumentationPluginsBootstrapper : Documentation plugins bootstrapped
08:35:35:892  INFO 1452 --- [main] d.s.w.p.DocumentationPluginsBootstrapper : Found 1 custom documentation plugin(s)
08:35:35:918  INFO 1452 --- [main] s.d.s.w.s.ApiListingReferenceScanner     : Scanning for api listing references
08:35:36:025  INFO 1452 --- [main] com.hmall.trade.TradeApplication         : Started TradeApplication in 14.364 seconds (JVM running for 15.568)
08:39:38:823  INFO 1452 --- [http-nio-8084-exec-2] o.a.c.c.C.[Tomcat].[localhost].[/]       : Initializing Spring DispatcherServlet 'dispatcherServlet'
08:39:38:854  INFO 1452 --- [http-nio-8084-exec-2] o.s.web.servlet.DispatcherServlet        : Initializing Servlet 'dispatcherServlet'
08:39:39:046  INFO 1452 --- [http-nio-8084-exec-2] o.s.web.servlet.DispatcherServlet        : Completed initialization in 192 ms
08:39:39:663  INFO 1452 --- [http-nio-8084-exec-2] com.zaxxer.hikari.HikariDataSource       : HikariPool-1 - Starting...
08:39:41:178  INFO 1452 --- [http-nio-8084-exec-2] com.zaxxer.hikari.HikariDataSource       : HikariPool-1 - Start completed.
08:39:41:221 DEBUG 1452 --- [http-nio-8084-exec-2] com.hmall.api.client.ItemClient          : [ItemClient#queryItemByIds] ---> GET http://item-service/items?ids=40305713537 HTTP/1.1
08:39:41:221 DEBUG 1452 --- [http-nio-8084-exec-2] com.hmall.api.client.ItemClient          : [ItemClient#queryItemByIds] user-info: 1
08:39:41:221 DEBUG 1452 --- [http-nio-8084-exec-2] com.hmall.api.client.ItemClient          : [ItemClient#queryItemByIds] ---> END HTTP (0-byte body)
08:39:41:504 DEBUG 1452 --- [http-nio-8084-exec-2] com.hmall.api.client.ItemClient          : [ItemClient#queryItemByIds] <--- HTTP/1.1 200 (282ms)
08:39:41:504 DEBUG 1452 --- [http-nio-8084-exec-2] com.hmall.api.client.ItemClient          : [ItemClient#queryItemByIds] connection: keep-alive
08:39:41:504 DEBUG 1452 --- [http-nio-8084-exec-2] com.hmall.api.client.ItemClient          : [ItemClient#queryItemByIds] content-type: application/json
08:39:41:508 DEBUG 1452 --- [http-nio-8084-exec-2] com.hmall.api.client.ItemClient          : [ItemClient#queryItemByIds] date: Mon, 29 Apr 2024 00:39:41 GMT
08:39:41:508 DEBUG 1452 --- [http-nio-8084-exec-2] com.hmall.api.client.ItemClient          : [ItemClient#queryItemByIds] keep-alive: timeout=60
08:39:41:508 DEBUG 1452 --- [http-nio-8084-exec-2] com.hmall.api.client.ItemClient          : [ItemClient#queryItemByIds] transfer-encoding: chunked
08:39:41:508 DEBUG 1452 --- [http-nio-8084-exec-2] com.hmall.api.client.ItemClient          : [ItemClient#queryItemByIds] 
08:39:41:508 DEBUG 1452 --- [http-nio-8084-exec-2] com.hmall.api.client.ItemClient          : [ItemClient#queryItemByIds] [{"id":"40305713537","name":"【官方正品 品牌直营】奥古狮登小白鞋女秋季透气2018新款百搭韩版休闲鞋运动鞋女鞋厚底板鞋女 浅蓝【厚底】 41","price":35400,"stock":10000,"image":"https://m.360buyimg.com/mobilecms/s720x720_jfs/t1/14147/34/2890/275451/5c225484Ebd346404/e61513be4639ee2e.jpg!q70.jpg.webp","category":"休闲鞋","brand":"奥古狮登","spec":"{\"颜色\": \"金色\", \"尺码\": \"41\"}","sold":0,"commentCount":0,"isAD":false,"status":1}]
08:39:41:508 DEBUG 1452 --- [http-nio-8084-exec-2] com.hmall.api.client.ItemClient          : [ItemClient#queryItemByIds] <--- END HTTP (493-byte body)
08:39:41:652 DEBUG 1452 --- [http-nio-8084-exec-2] c.hmall.trade.mapper.OrderMapper.insert  : ==>  Preparing: INSERT INTO `order` ( id, total_fee, payment_type, user_id, status ) VALUES ( ?, ?, ?, ?, ? )
08:39:41:699 DEBUG 1452 --- [http-nio-8084-exec-2] c.hmall.trade.mapper.OrderMapper.insert  : ==> Parameters: 1784744329001107458(Long), 35400(Integer), 3(Integer), 1(Long), 1(Integer)
08:39:41:809 DEBUG 1452 --- [http-nio-8084-exec-2] c.hmall.trade.mapper.OrderMapper.insert  : <==    Updates: 1
08:39:41:904 DEBUG 1452 --- [http-nio-8084-exec-2] c.h.t.mapper.OrderDetailMapper.insert    : ==>  Preparing: INSERT INTO order_detail ( order_id, item_id, num, name, spec, price, image ) VALUES ( ?, ?, ?, ?, ?, ?, ? )
08:39:41:912 DEBUG 1452 --- [http-nio-8084-exec-2] c.h.t.mapper.OrderDetailMapper.insert    : ==> Parameters: 1784744329001107458(Long), 40305713537(Long), 1(Integer), 【官方正品 品牌直营】奥古狮登小白鞋女秋季透气2018新款百搭韩版休闲鞋运动鞋女鞋厚底板鞋女 浅蓝【厚底】 41(String), {"颜色": "金色", "尺码": "41"}(String), 35400(Integer), https://m.360buyimg.com/mobilecms/s720x720_jfs/t1/14147/34/2890/275451/5c225484Ebd346404/e61513be4639ee2e.jpg!q70.jpg.webp(String)
08:39:41:996  INFO 1452 --- [nacos-grpc-client-executor-77] com.alibaba.nacos.common.remote.client   : [6bc27a66-e656-4f33-84c1-d0a7f26158bd] Receive server push request, request = NotifySubscriberRequest, requestId = 15
08:39:42:004  INFO 1452 --- [nacos-grpc-client-executor-77] com.alibaba.nacos.common.remote.client   : [6bc27a66-e656-4f33-84c1-d0a7f26158bd] Ack server push request, request = NotifySubscriberRequest, requestId = 15
08:39:42:498 DEBUG 1452 --- [http-nio-8084-exec-2] com.hmall.api.client.CartClient          : [CartClient#deleteCartItemByIds] ---> DELETE http://cart-service/carts?ids=40305713537 HTTP/1.1
08:39:42:498 DEBUG 1452 --- [http-nio-8084-exec-2] com.hmall.api.client.CartClient          : [CartClient#deleteCartItemByIds] user-info: 1
08:39:42:498 DEBUG 1452 --- [http-nio-8084-exec-2] com.hmall.api.client.CartClient          : [CartClient#deleteCartItemByIds] ---> END HTTP (0-byte body)
08:39:42:870 DEBUG 1452 --- [http-nio-8084-exec-2] com.hmall.api.client.CartClient          : [CartClient#deleteCartItemByIds] <--- HTTP/1.1 200 (374ms)
08:39:42:874 DEBUG 1452 --- [http-nio-8084-exec-2] com.hmall.api.client.CartClient          : [CartClient#deleteCartItemByIds] connection: keep-alive
08:39:42:874 DEBUG 1452 --- [http-nio-8084-exec-2] com.hmall.api.client.CartClient          : [CartClient#deleteCartItemByIds] content-length: 0
08:39:42:874 DEBUG 1452 --- [http-nio-8084-exec-2] com.hmall.api.client.CartClient          : [CartClient#deleteCartItemByIds] date: Mon, 29 Apr 2024 00:39:42 GMT
08:39:42:874 DEBUG 1452 --- [http-nio-8084-exec-2] com.hmall.api.client.CartClient          : [CartClient#deleteCartItemByIds] keep-alive: timeout=60
08:39:42:874 DEBUG 1452 --- [http-nio-8084-exec-2] com.hmall.api.client.CartClient          : [CartClient#deleteCartItemByIds] 
08:39:42:874 DEBUG 1452 --- [http-nio-8084-exec-2] com.hmall.api.client.CartClient          : [CartClient#deleteCartItemByIds] <--- END HTTP (0-byte body)
08:39:43:087 DEBUG 1452 --- [http-nio-8084-exec-2] com.hmall.api.client.ItemClient          : [ItemClient#deductStock] ---> PUT http://item-service/items/stock/deduct HTTP/1.1
08:39:43:087 DEBUG 1452 --- [http-nio-8084-exec-2] com.hmall.api.client.ItemClient          : [ItemClient#deductStock] Content-Length: 34
08:39:43:087 DEBUG 1452 --- [http-nio-8084-exec-2] com.hmall.api.client.ItemClient          : [ItemClient#deductStock] Content-Type: application/json
08:39:43:087 DEBUG 1452 --- [http-nio-8084-exec-2] com.hmall.api.client.ItemClient          : [ItemClient#deductStock] user-info: 1
08:39:43:087 DEBUG 1452 --- [http-nio-8084-exec-2] com.hmall.api.client.ItemClient          : [ItemClient#deductStock] 
08:39:43:087 DEBUG 1452 --- [http-nio-8084-exec-2] com.hmall.api.client.ItemClient          : [ItemClient#deductStock] [{"itemId":"40305713537","num":1}]
08:39:43:087 DEBUG 1452 --- [http-nio-8084-exec-2] com.hmall.api.client.ItemClient          : [ItemClient#deductStock] ---> END HTTP (34-byte body)
08:39:43:274  INFO 1452 --- [nacos-grpc-client-executor-80] com.alibaba.nacos.common.remote.client   : [6bc27a66-e656-4f33-84c1-d0a7f26158bd] Receive server push request, request = NotifySubscriberRequest, requestId = 16
08:39:43:274  INFO 1452 --- [nacos-grpc-client-executor-80] com.alibaba.nacos.common.remote.client   : [6bc27a66-e656-4f33-84c1-d0a7f26158bd] Ack server push request, request = NotifySubscriberRequest, requestId = 16
08:39:43:649 DEBUG 1452 --- [http-nio-8084-exec-2] com.hmall.api.client.ItemClient          : [ItemClient#deductStock] <--- HTTP/1.1 200 (560ms)
08:39:43:649 DEBUG 1452 --- [http-nio-8084-exec-2] com.hmall.api.client.ItemClient          : [ItemClient#deductStock] connection: keep-alive
08:39:43:649 DEBUG 1452 --- [http-nio-8084-exec-2] com.hmall.api.client.ItemClient          : [ItemClient#deductStock] content-length: 0
08:39:43:649 DEBUG 1452 --- [http-nio-8084-exec-2] com.hmall.api.client.ItemClient          : [ItemClient#deductStock] date: Mon, 29 Apr 2024 00:39:43 GMT
08:39:43:649 DEBUG 1452 --- [http-nio-8084-exec-2] com.hmall.api.client.ItemClient          : [ItemClient#deductStock] keep-alive: timeout=60
08:39:43:649 DEBUG 1452 --- [http-nio-8084-exec-2] com.hmall.api.client.ItemClient          : [ItemClient#deductStock] 
08:39:43:649 DEBUG 1452 --- [http-nio-8084-exec-2] com.hmall.api.client.ItemClient          : [ItemClient#deductStock] <--- END HTTP (0-byte body)
08:40:06:544 DEBUG 1452 --- [http-nio-8084-exec-1] com.hmall.api.client.ItemClient          : [ItemClient#queryItemByIds] ---> GET http://item-service/items?ids=40305713537 HTTP/1.1
08:40:06:545 DEBUG 1452 --- [http-nio-8084-exec-1] com.hmall.api.client.ItemClient          : [ItemClient#queryItemByIds] user-info: 1
08:40:06:545 DEBUG 1452 --- [http-nio-8084-exec-1] com.hmall.api.client.ItemClient          : [ItemClient#queryItemByIds] ---> END HTTP (0-byte body)
08:40:06:559 DEBUG 1452 --- [http-nio-8084-exec-1] com.hmall.api.client.ItemClient          : [ItemClient#queryItemByIds] <--- HTTP/1.1 200 (13ms)
08:40:06:559 DEBUG 1452 --- [http-nio-8084-exec-1] com.hmall.api.client.ItemClient          : [ItemClient#queryItemByIds] connection: keep-alive
08:40:06:559 DEBUG 1452 --- [http-nio-8084-exec-1] com.hmall.api.client.ItemClient          : [ItemClient#queryItemByIds] content-type: application/json
08:40:06:559 DEBUG 1452 --- [http-nio-8084-exec-1] com.hmall.api.client.ItemClient          : [ItemClient#queryItemByIds] date: Mon, 29 Apr 2024 00:40:06 GMT
08:40:06:560 DEBUG 1452 --- [http-nio-8084-exec-1] com.hmall.api.client.ItemClient          : [ItemClient#queryItemByIds] keep-alive: timeout=60
08:40:06:560 DEBUG 1452 --- [http-nio-8084-exec-1] com.hmall.api.client.ItemClient          : [ItemClient#queryItemByIds] transfer-encoding: chunked
08:40:06:560 DEBUG 1452 --- [http-nio-8084-exec-1] com.hmall.api.client.ItemClient          : [ItemClient#queryItemByIds] 
08:40:06:560 DEBUG 1452 --- [http-nio-8084-exec-1] com.hmall.api.client.ItemClient          : [ItemClient#queryItemByIds] [{"id":"40305713537","name":"【官方正品 品牌直营】奥古狮登小白鞋女秋季透气2018新款百搭韩版休闲鞋运动鞋女鞋厚底板鞋女 浅蓝【厚底】 41","price":35400,"stock":9999,"image":"https://m.360buyimg.com/mobilecms/s720x720_jfs/t1/14147/34/2890/275451/5c225484Ebd346404/e61513be4639ee2e.jpg!q70.jpg.webp","category":"休闲鞋","brand":"奥古狮登","spec":"{\"颜色\": \"金色\", \"尺码\": \"41\"}","sold":0,"commentCount":0,"isAD":false,"status":1}]
08:40:06:560 DEBUG 1452 --- [http-nio-8084-exec-1] com.hmall.api.client.ItemClient          : [ItemClient#queryItemByIds] <--- END HTTP (492-byte body)
08:40:06:562 DEBUG 1452 --- [http-nio-8084-exec-1] c.hmall.trade.mapper.OrderMapper.insert  : ==>  Preparing: INSERT INTO `order` ( id, total_fee, payment_type, user_id, status ) VALUES ( ?, ?, ?, ?, ? )
08:40:06:564 DEBUG 1452 --- [http-nio-8084-exec-1] c.hmall.trade.mapper.OrderMapper.insert  : ==> Parameters: 1784744433539940353(Long), 35400(Integer), 3(Integer), 1(Long), 1(Integer)
08:40:06:567 DEBUG 1452 --- [http-nio-8084-exec-1] c.hmall.trade.mapper.OrderMapper.insert  : <==    Updates: 1
08:40:06:569 DEBUG 1452 --- [http-nio-8084-exec-1] c.h.t.mapper.OrderDetailMapper.insert    : ==>  Preparing: INSERT INTO order_detail ( order_id, item_id, num, name, spec, price, image ) VALUES ( ?, ?, ?, ?, ?, ?, ? )
08:40:06:570 DEBUG 1452 --- [http-nio-8084-exec-1] c.h.t.mapper.OrderDetailMapper.insert    : ==> Parameters: 1784744433539940353(Long), 40305713537(Long), 1(Integer), 【官方正品 品牌直营】奥古狮登小白鞋女秋季透气2018新款百搭韩版休闲鞋运动鞋女鞋厚底板鞋女 浅蓝【厚底】 41(String), {"颜色": "金色", "尺码": "41"}(String), 35400(Integer), https://m.360buyimg.com/mobilecms/s720x720_jfs/t1/14147/34/2890/275451/5c225484Ebd346404/e61513be4639ee2e.jpg!q70.jpg.webp(String)
08:40:06:575 DEBUG 1452 --- [http-nio-8084-exec-1] com.hmall.api.client.CartClient          : [CartClient#deleteCartItemByIds] ---> DELETE http://cart-service/carts?ids=40305713537 HTTP/1.1
08:40:06:575 DEBUG 1452 --- [http-nio-8084-exec-1] com.hmall.api.client.CartClient          : [CartClient#deleteCartItemByIds] user-info: 1
08:40:06:575 DEBUG 1452 --- [http-nio-8084-exec-1] com.hmall.api.client.CartClient          : [CartClient#deleteCartItemByIds] ---> END HTTP (0-byte body)
08:40:06:591 DEBUG 1452 --- [http-nio-8084-exec-1] com.hmall.api.client.CartClient          : [CartClient#deleteCartItemByIds] <--- HTTP/1.1 200 (16ms)
08:40:06:592 DEBUG 1452 --- [http-nio-8084-exec-1] com.hmall.api.client.CartClient          : [CartClient#deleteCartItemByIds] connection: keep-alive
08:40:06:592 DEBUG 1452 --- [http-nio-8084-exec-1] com.hmall.api.client.CartClient          : [CartClient#deleteCartItemByIds] content-length: 0
08:40:06:592 DEBUG 1452 --- [http-nio-8084-exec-1] com.hmall.api.client.CartClient          : [CartClient#deleteCartItemByIds] date: Mon, 29 Apr 2024 00:40:06 GMT
08:40:06:592 DEBUG 1452 --- [http-nio-8084-exec-1] com.hmall.api.client.CartClient          : [CartClient#deleteCartItemByIds] keep-alive: timeout=60
08:40:06:592 DEBUG 1452 --- [http-nio-8084-exec-1] com.hmall.api.client.CartClient          : [CartClient#deleteCartItemByIds] 
08:40:06:592 DEBUG 1452 --- [http-nio-8084-exec-1] com.hmall.api.client.CartClient          : [CartClient#deleteCartItemByIds] <--- END HTTP (0-byte body)
08:40:06:593 DEBUG 1452 --- [http-nio-8084-exec-1] com.hmall.api.client.ItemClient          : [ItemClient#deductStock] ---> PUT http://item-service/items/stock/deduct HTTP/1.1
08:40:06:593 DEBUG 1452 --- [http-nio-8084-exec-1] com.hmall.api.client.ItemClient          : [ItemClient#deductStock] Content-Length: 34
08:40:06:593 DEBUG 1452 --- [http-nio-8084-exec-1] com.hmall.api.client.ItemClient          : [ItemClient#deductStock] Content-Type: application/json
08:40:06:594 DEBUG 1452 --- [http-nio-8084-exec-1] com.hmall.api.client.ItemClient          : [ItemClient#deductStock] user-info: 1
08:40:06:594 DEBUG 1452 --- [http-nio-8084-exec-1] com.hmall.api.client.ItemClient          : [ItemClient#deductStock] 
08:40:06:594 DEBUG 1452 --- [http-nio-8084-exec-1] com.hmall.api.client.ItemClient          : [ItemClient#deductStock] [{"itemId":"40305713537","num":1}]
08:40:06:594 DEBUG 1452 --- [http-nio-8084-exec-1] com.hmall.api.client.ItemClient          : [ItemClient#deductStock] ---> END HTTP (34-byte body)
08:40:06:662 DEBUG 1452 --- [http-nio-8084-exec-1] com.hmall.api.client.ItemClient          : [ItemClient#deductStock] <--- HTTP/1.1 200 (67ms)
08:40:06:662 DEBUG 1452 --- [http-nio-8084-exec-1] com.hmall.api.client.ItemClient          : [ItemClient#deductStock] connection: keep-alive
08:40:06:662 DEBUG 1452 --- [http-nio-8084-exec-1] com.hmall.api.client.ItemClient          : [ItemClient#deductStock] content-length: 0
08:40:06:662 DEBUG 1452 --- [http-nio-8084-exec-1] com.hmall.api.client.ItemClient          : [ItemClient#deductStock] date: Mon, 29 Apr 2024 00:40:06 GMT
08:40:06:662 DEBUG 1452 --- [http-nio-8084-exec-1] com.hmall.api.client.ItemClient          : [ItemClient#deductStock] keep-alive: timeout=60
08:40:06:662 DEBUG 1452 --- [http-nio-8084-exec-1] com.hmall.api.client.ItemClient          : [ItemClient#deductStock] 
08:40:06:662 DEBUG 1452 --- [http-nio-8084-exec-1] com.hmall.api.client.ItemClient          : [ItemClient#deductStock] <--- END HTTP (0-byte body)
08:40:07:138 DEBUG 1452 --- [http-nio-8084-exec-3] c.h.trade.mapper.OrderMapper.selectById  : ==>  Preparing: SELECT id,total_fee,payment_type,user_id,status,create_time,pay_time,consign_time,end_time,close_time,comment_time,update_time FROM `order` WHERE id=?
08:40:07:138 DEBUG 1452 --- [http-nio-8084-exec-3] c.h.trade.mapper.OrderMapper.selectById  : ==> Parameters: 1784744433539940353(Long)
08:40:07:196 DEBUG 1452 --- [http-nio-8084-exec-3] c.h.trade.mapper.OrderMapper.selectById  : <==      Total: 1
08:42:04:374 DEBUG 1452 --- [http-nio-8084-exec-5] com.hmall.api.client.ItemClient          : [ItemClient#queryItemByIds] ---> GET http://item-service/items?ids=40305713537 HTTP/1.1
08:42:04:375 DEBUG 1452 --- [http-nio-8084-exec-5] com.hmall.api.client.ItemClient          : [ItemClient#queryItemByIds] user-info: 1
08:42:04:375 DEBUG 1452 --- [http-nio-8084-exec-5] com.hmall.api.client.ItemClient          : [ItemClient#queryItemByIds] ---> END HTTP (0-byte body)
08:42:04:400 DEBUG 1452 --- [http-nio-8084-exec-5] com.hmall.api.client.ItemClient          : [ItemClient#queryItemByIds] <--- HTTP/1.1 200 (25ms)
08:42:04:401 DEBUG 1452 --- [http-nio-8084-exec-5] com.hmall.api.client.ItemClient          : [ItemClient#queryItemByIds] connection: keep-alive
08:42:04:401 DEBUG 1452 --- [http-nio-8084-exec-5] com.hmall.api.client.ItemClient          : [ItemClient#queryItemByIds] content-type: application/json
08:42:04:401 DEBUG 1452 --- [http-nio-8084-exec-5] com.hmall.api.client.ItemClient          : [ItemClient#queryItemByIds] date: Mon, 29 Apr 2024 00:42:04 GMT
08:42:04:401 DEBUG 1452 --- [http-nio-8084-exec-5] com.hmall.api.client.ItemClient          : [ItemClient#queryItemByIds] keep-alive: timeout=60
08:42:04:401 DEBUG 1452 --- [http-nio-8084-exec-5] com.hmall.api.client.ItemClient          : [ItemClient#queryItemByIds] transfer-encoding: chunked
08:42:04:401 DEBUG 1452 --- [http-nio-8084-exec-5] com.hmall.api.client.ItemClient          : [ItemClient#queryItemByIds] 
08:42:04:402 DEBUG 1452 --- [http-nio-8084-exec-5] com.hmall.api.client.ItemClient          : [ItemClient#queryItemByIds] [{"id":"40305713537","name":"【官方正品 品牌直营】奥古狮登小白鞋女秋季透气2018新款百搭韩版休闲鞋运动鞋女鞋厚底板鞋女 浅蓝【厚底】 41","price":35400,"stock":9998,"image":"https://m.360buyimg.com/mobilecms/s720x720_jfs/t1/14147/34/2890/275451/5c225484Ebd346404/e61513be4639ee2e.jpg!q70.jpg.webp","category":"休闲鞋","brand":"奥古狮登","spec":"{\"颜色\": \"金色\", \"尺码\": \"41\"}","sold":0,"commentCount":0,"isAD":false,"status":1}]
08:42:04:402 DEBUG 1452 --- [http-nio-8084-exec-5] com.hmall.api.client.ItemClient          : [ItemClient#queryItemByIds] <--- END HTTP (492-byte body)
08:42:04:404 DEBUG 1452 --- [http-nio-8084-exec-5] c.hmall.trade.mapper.OrderMapper.insert  : ==>  Preparing: INSERT INTO `order` ( id, total_fee, payment_type, user_id, status ) VALUES ( ?, ?, ?, ?, ? )
08:42:04:405 DEBUG 1452 --- [http-nio-8084-exec-5] c.hmall.trade.mapper.OrderMapper.insert  : ==> Parameters: 1784744927809306626(Long), 35400(Integer), 3(Integer), 1(Long), 1(Integer)
08:42:04:407 DEBUG 1452 --- [http-nio-8084-exec-5] c.hmall.trade.mapper.OrderMapper.insert  : <==    Updates: 1
08:42:04:408 DEBUG 1452 --- [http-nio-8084-exec-5] c.h.t.mapper.OrderDetailMapper.insert    : ==>  Preparing: INSERT INTO order_detail ( order_id, item_id, num, name, spec, price, image ) VALUES ( ?, ?, ?, ?, ?, ?, ? )
08:42:04:408 DEBUG 1452 --- [http-nio-8084-exec-5] c.h.t.mapper.OrderDetailMapper.insert    : ==> Parameters: 1784744927809306626(Long), 40305713537(Long), 1(Integer), 【官方正品 品牌直营】奥古狮登小白鞋女秋季透气2018新款百搭韩版休闲鞋运动鞋女鞋厚底板鞋女 浅蓝【厚底】 41(String), {"颜色": "金色", "尺码": "41"}(String), 35400(Integer), https://m.360buyimg.com/mobilecms/s720x720_jfs/t1/14147/34/2890/275451/5c225484Ebd346404/e61513be4639ee2e.jpg!q70.jpg.webp(String)
08:42:04:412 DEBUG 1452 --- [http-nio-8084-exec-5] com.hmall.api.client.CartClient          : [CartClient#deleteCartItemByIds] ---> DELETE http://cart-service/carts?ids=40305713537 HTTP/1.1
08:42:04:412 DEBUG 1452 --- [http-nio-8084-exec-5] com.hmall.api.client.CartClient          : [CartClient#deleteCartItemByIds] user-info: 1
08:42:04:412 DEBUG 1452 --- [http-nio-8084-exec-5] com.hmall.api.client.CartClient          : [CartClient#deleteCartItemByIds] ---> END HTTP (0-byte body)
08:42:04:426 DEBUG 1452 --- [http-nio-8084-exec-5] com.hmall.api.client.CartClient          : [CartClient#deleteCartItemByIds] <--- HTTP/1.1 200 (14ms)
08:42:04:426 DEBUG 1452 --- [http-nio-8084-exec-5] com.hmall.api.client.CartClient          : [CartClient#deleteCartItemByIds] connection: keep-alive
08:42:04:427 DEBUG 1452 --- [http-nio-8084-exec-5] com.hmall.api.client.CartClient          : [CartClient#deleteCartItemByIds] content-length: 0
08:42:04:427 DEBUG 1452 --- [http-nio-8084-exec-5] com.hmall.api.client.CartClient          : [CartClient#deleteCartItemByIds] date: Mon, 29 Apr 2024 00:42:04 GMT
08:42:04:427 DEBUG 1452 --- [http-nio-8084-exec-5] com.hmall.api.client.CartClient          : [CartClient#deleteCartItemByIds] keep-alive: timeout=60
08:42:04:427 DEBUG 1452 --- [http-nio-8084-exec-5] com.hmall.api.client.CartClient          : [CartClient#deleteCartItemByIds] 
08:42:04:427 DEBUG 1452 --- [http-nio-8084-exec-5] com.hmall.api.client.CartClient          : [CartClient#deleteCartItemByIds] <--- END HTTP (0-byte body)
08:42:04:428 DEBUG 1452 --- [http-nio-8084-exec-5] com.hmall.api.client.ItemClient          : [ItemClient#deductStock] ---> PUT http://item-service/items/stock/deduct HTTP/1.1
08:42:04:428 DEBUG 1452 --- [http-nio-8084-exec-5] com.hmall.api.client.ItemClient          : [ItemClient#deductStock] Content-Length: 34
08:42:04:429 DEBUG 1452 --- [http-nio-8084-exec-5] com.hmall.api.client.ItemClient          : [ItemClient#deductStock] Content-Type: application/json
08:42:04:429 DEBUG 1452 --- [http-nio-8084-exec-5] com.hmall.api.client.ItemClient          : [ItemClient#deductStock] user-info: 1
08:42:04:429 DEBUG 1452 --- [http-nio-8084-exec-5] com.hmall.api.client.ItemClient          : [ItemClient#deductStock] 
08:42:04:429 DEBUG 1452 --- [http-nio-8084-exec-5] com.hmall.api.client.ItemClient          : [ItemClient#deductStock] [{"itemId":"40305713537","num":1}]
08:42:04:429 DEBUG 1452 --- [http-nio-8084-exec-5] com.hmall.api.client.ItemClient          : [ItemClient#deductStock] ---> END HTTP (34-byte body)
08:42:04:491 DEBUG 1452 --- [http-nio-8084-exec-5] com.hmall.api.client.ItemClient          : [ItemClient#deductStock] <--- HTTP/1.1 200 (61ms)
08:42:04:491 DEBUG 1452 --- [http-nio-8084-exec-5] com.hmall.api.client.ItemClient          : [ItemClient#deductStock] connection: keep-alive
08:42:04:491 DEBUG 1452 --- [http-nio-8084-exec-5] com.hmall.api.client.ItemClient          : [ItemClient#deductStock] content-length: 0
08:42:04:491 DEBUG 1452 --- [http-nio-8084-exec-5] com.hmall.api.client.ItemClient          : [ItemClient#deductStock] date: Mon, 29 Apr 2024 00:42:04 GMT
08:42:04:491 DEBUG 1452 --- [http-nio-8084-exec-5] com.hmall.api.client.ItemClient          : [ItemClient#deductStock] keep-alive: timeout=60
08:42:04:491 DEBUG 1452 --- [http-nio-8084-exec-5] com.hmall.api.client.ItemClient          : [ItemClient#deductStock] 
08:42:04:492 DEBUG 1452 --- [http-nio-8084-exec-5] com.hmall.api.client.ItemClient          : [ItemClient#deductStock] <--- END HTTP (0-byte body)
08:42:04:691 DEBUG 1452 --- [http-nio-8084-exec-6] c.h.trade.mapper.OrderMapper.selectById  : ==>  Preparing: SELECT id,total_fee,payment_type,user_id,status,create_time,pay_time,consign_time,end_time,close_time,comment_time,update_time FROM `order` WHERE id=?
08:42:04:692 DEBUG 1452 --- [http-nio-8084-exec-6] c.h.trade.mapper.OrderMapper.selectById  : ==> Parameters: 1784744927809306626(Long)
08:42:04:701 DEBUG 1452 --- [http-nio-8084-exec-6] c.h.trade.mapper.OrderMapper.selectById  : <==      Total: 1
08:43:36:384 DEBUG 1452 --- [http-nio-8084-exec-8] c.h.trade.mapper.OrderMapper.updateById  : ==>  Preparing: UPDATE `order` SET status=?, pay_time=? WHERE id=?
08:43:36:411 DEBUG 1452 --- [http-nio-8084-exec-8] c.h.trade.mapper.OrderMapper.updateById  : ==> Parameters: 2(Integer), 2024-04-29T08:43:36.260342400(LocalDateTime), 1784744927809306626(Long)
08:43:36:415 DEBUG 1452 --- [http-nio-8084-exec-8] c.h.trade.mapper.OrderMapper.updateById  : <==    Updates: 1
08:43:36:547 DEBUG 1452 --- [http-nio-8084-exec-9] c.h.trade.mapper.OrderMapper.selectById  : ==>  Preparing: SELECT id,total_fee,payment_type,user_id,status,create_time,pay_time,consign_time,end_time,close_time,comment_time,update_time FROM `order` WHERE id=?
08:43:36:547 DEBUG 1452 --- [http-nio-8084-exec-9] c.h.trade.mapper.OrderMapper.selectById  : ==> Parameters: 1784744927809306626(Long)
08:43:36:552 DEBUG 1452 --- [http-nio-8084-exec-9] c.h.trade.mapper.OrderMapper.selectById  : <==      Total: 1
08:59:41:532 DEBUG 1452 --- [http-nio-8084-exec-1] com.hmall.api.client.ItemClient          : [ItemClient#queryItemByIds] ---> GET http://item-service/items?ids=40305713537 HTTP/1.1
08:59:41:552 DEBUG 1452 --- [http-nio-8084-exec-1] com.hmall.api.client.ItemClient          : [ItemClient#queryItemByIds] user-info: 2
08:59:41:552 DEBUG 1452 --- [http-nio-8084-exec-1] com.hmall.api.client.ItemClient          : [ItemClient#queryItemByIds] ---> END HTTP (0-byte body)
08:59:41:788 DEBUG 1452 --- [http-nio-8084-exec-1] com.hmall.api.client.ItemClient          : [ItemClient#queryItemByIds] <--- HTTP/1.1 200 (234ms)
08:59:41:788 DEBUG 1452 --- [http-nio-8084-exec-1] com.hmall.api.client.ItemClient          : [ItemClient#queryItemByIds] connection: keep-alive
08:59:41:789 DEBUG 1452 --- [http-nio-8084-exec-1] com.hmall.api.client.ItemClient          : [ItemClient#queryItemByIds] content-type: application/json
08:59:41:789 DEBUG 1452 --- [http-nio-8084-exec-1] com.hmall.api.client.ItemClient          : [ItemClient#queryItemByIds] date: Mon, 29 Apr 2024 00:59:41 GMT
08:59:41:789 DEBUG 1452 --- [http-nio-8084-exec-1] com.hmall.api.client.ItemClient          : [ItemClient#queryItemByIds] keep-alive: timeout=60
08:59:41:817 DEBUG 1452 --- [http-nio-8084-exec-1] com.hmall.api.client.ItemClient          : [ItemClient#queryItemByIds] transfer-encoding: chunked
08:59:41:817 DEBUG 1452 --- [http-nio-8084-exec-1] com.hmall.api.client.ItemClient          : [ItemClient#queryItemByIds] 
08:59:41:817 DEBUG 1452 --- [http-nio-8084-exec-1] com.hmall.api.client.ItemClient          : [ItemClient#queryItemByIds] [{"id":"40305713537","name":"【官方正品 品牌直营】奥古狮登小白鞋女秋季透气2018新款百搭韩版休闲鞋运动鞋女鞋厚底板鞋女 浅蓝【厚底】 41","price":35400,"stock":9997,"image":"https://m.360buyimg.com/mobilecms/s720x720_jfs/t1/14147/34/2890/275451/5c225484Ebd346404/e61513be4639ee2e.jpg!q70.jpg.webp","category":"休闲鞋","brand":"奥古狮登","spec":"{\"颜色\": \"金色\", \"尺码\": \"41\"}","sold":0,"commentCount":0,"isAD":false,"status":1}]
08:59:41:817 DEBUG 1452 --- [http-nio-8084-exec-1] com.hmall.api.client.ItemClient          : [ItemClient#queryItemByIds] <--- END HTTP (492-byte body)
08:59:41:853 DEBUG 1452 --- [http-nio-8084-exec-1] c.hmall.trade.mapper.OrderMapper.insert  : ==>  Preparing: INSERT INTO `order` ( id, total_fee, payment_type, user_id, status ) VALUES ( ?, ?, ?, ?, ? )
08:59:41:859 DEBUG 1452 --- [http-nio-8084-exec-1] c.hmall.trade.mapper.OrderMapper.insert  : ==> Parameters: 1784749363063488514(Long), 35400(Integer), 3(Integer), 2(Long), 1(Integer)
08:59:41:863 DEBUG 1452 --- [http-nio-8084-exec-1] c.hmall.trade.mapper.OrderMapper.insert  : <==    Updates: 1
08:59:41:865 DEBUG 1452 --- [http-nio-8084-exec-1] c.h.t.mapper.OrderDetailMapper.insert    : ==>  Preparing: INSERT INTO order_detail ( order_id, item_id, num, name, spec, price, image ) VALUES ( ?, ?, ?, ?, ?, ?, ? )
08:59:41:867 DEBUG 1452 --- [http-nio-8084-exec-1] c.h.t.mapper.OrderDetailMapper.insert    : ==> Parameters: 1784749363063488514(Long), 40305713537(Long), 1(Integer), 【官方正品 品牌直营】奥古狮登小白鞋女秋季透气2018新款百搭韩版休闲鞋运动鞋女鞋厚底板鞋女 浅蓝【厚底】 41(String), {"颜色": "金色", "尺码": "41"}(String), 35400(Integer), https://m.360buyimg.com/mobilecms/s720x720_jfs/t1/14147/34/2890/275451/5c225484Ebd346404/e61513be4639ee2e.jpg!q70.jpg.webp(String)
08:59:41:883 DEBUG 1452 --- [http-nio-8084-exec-1] com.hmall.api.client.CartClient          : [CartClient#deleteCartItemByIds] ---> DELETE http://cart-service/carts?ids=40305713537 HTTP/1.1
08:59:41:883 DEBUG 1452 --- [http-nio-8084-exec-1] com.hmall.api.client.CartClient          : [CartClient#deleteCartItemByIds] user-info: 2
08:59:41:883 DEBUG 1452 --- [http-nio-8084-exec-1] com.hmall.api.client.CartClient          : [CartClient#deleteCartItemByIds] ---> END HTTP (0-byte body)
08:59:41:926 DEBUG 1452 --- [http-nio-8084-exec-1] com.hmall.api.client.CartClient          : [CartClient#deleteCartItemByIds] <--- HTTP/1.1 200 (42ms)
08:59:41:927 DEBUG 1452 --- [http-nio-8084-exec-1] com.hmall.api.client.CartClient          : [CartClient#deleteCartItemByIds] connection: keep-alive
08:59:41:927 DEBUG 1452 --- [http-nio-8084-exec-1] com.hmall.api.client.CartClient          : [CartClient#deleteCartItemByIds] content-length: 0
08:59:41:927 DEBUG 1452 --- [http-nio-8084-exec-1] com.hmall.api.client.CartClient          : [CartClient#deleteCartItemByIds] date: Mon, 29 Apr 2024 00:59:41 GMT
08:59:41:927 DEBUG 1452 --- [http-nio-8084-exec-1] com.hmall.api.client.CartClient          : [CartClient#deleteCartItemByIds] keep-alive: timeout=60
08:59:41:928 DEBUG 1452 --- [http-nio-8084-exec-1] com.hmall.api.client.CartClient          : [CartClient#deleteCartItemByIds] 
08:59:41:928 DEBUG 1452 --- [http-nio-8084-exec-1] com.hmall.api.client.CartClient          : [CartClient#deleteCartItemByIds] <--- END HTTP (0-byte body)
08:59:41:932 DEBUG 1452 --- [http-nio-8084-exec-1] com.hmall.api.client.ItemClient          : [ItemClient#deductStock] ---> PUT http://item-service/items/stock/deduct HTTP/1.1
08:59:41:932 DEBUG 1452 --- [http-nio-8084-exec-1] com.hmall.api.client.ItemClient          : [ItemClient#deductStock] Content-Length: 34
08:59:41:933 DEBUG 1452 --- [http-nio-8084-exec-1] com.hmall.api.client.ItemClient          : [ItemClient#deductStock] Content-Type: application/json
08:59:41:933 DEBUG 1452 --- [http-nio-8084-exec-1] com.hmall.api.client.ItemClient          : [ItemClient#deductStock] user-info: 2
08:59:41:933 DEBUG 1452 --- [http-nio-8084-exec-1] com.hmall.api.client.ItemClient          : [ItemClient#deductStock] 
08:59:41:933 DEBUG 1452 --- [http-nio-8084-exec-1] com.hmall.api.client.ItemClient          : [ItemClient#deductStock] [{"itemId":"40305713537","num":1}]
08:59:41:933 DEBUG 1452 --- [http-nio-8084-exec-1] com.hmall.api.client.ItemClient          : [ItemClient#deductStock] ---> END HTTP (34-byte body)
08:59:41:962 DEBUG 1452 --- [http-nio-8084-exec-1] com.hmall.api.client.ItemClient          : [ItemClient#deductStock] <--- HTTP/1.1 200 (29ms)
08:59:41:963 DEBUG 1452 --- [http-nio-8084-exec-1] com.hmall.api.client.ItemClient          : [ItemClient#deductStock] connection: keep-alive
08:59:41:963 DEBUG 1452 --- [http-nio-8084-exec-1] com.hmall.api.client.ItemClient          : [ItemClient#deductStock] content-length: 0
08:59:41:963 DEBUG 1452 --- [http-nio-8084-exec-1] com.hmall.api.client.ItemClient          : [ItemClient#deductStock] date: Mon, 29 Apr 2024 00:59:41 GMT
08:59:41:963 DEBUG 1452 --- [http-nio-8084-exec-1] com.hmall.api.client.ItemClient          : [ItemClient#deductStock] keep-alive: timeout=60
08:59:41:964 DEBUG 1452 --- [http-nio-8084-exec-1] com.hmall.api.client.ItemClient          : [ItemClient#deductStock] 
08:59:41:964 DEBUG 1452 --- [http-nio-8084-exec-1] com.hmall.api.client.ItemClient          : [ItemClient#deductStock] <--- END HTTP (0-byte body)
08:59:42:164 DEBUG 1452 --- [http-nio-8084-exec-3] c.h.trade.mapper.OrderMapper.selectById  : ==>  Preparing: SELECT id,total_fee,payment_type,user_id,status,create_time,pay_time,consign_time,end_time,close_time,comment_time,update_time FROM `order` WHERE id=?
08:59:42:164 DEBUG 1452 --- [http-nio-8084-exec-3] c.h.trade.mapper.OrderMapper.selectById  : ==> Parameters: 1784749363063488514(Long)
08:59:42:173 DEBUG 1452 --- [http-nio-8084-exec-3] c.h.trade.mapper.OrderMapper.selectById  : <==      Total: 1
09:02:19:772  INFO 1452 --- [nacos-grpc-client-executor-383] com.alibaba.nacos.common.remote.client   : [6bc27a66-e656-4f33-84c1-d0a7f26158bd] Receive server push request, request = NotifySubscriberRequest, requestId = 20
09:02:19:795  INFO 1452 --- [nacos-grpc-client-executor-383] com.alibaba.nacos.common.remote.client   : [6bc27a66-e656-4f33-84c1-d0a7f26158bd] Ack server push request, request = NotifySubscriberRequest, requestId = 20
09:02:19:803  INFO 1452 --- [nacos-grpc-client-executor-384] com.alibaba.nacos.common.remote.client   : [6bc27a66-e656-4f33-84c1-d0a7f26158bd] Receive server push request, request = NotifySubscriberRequest, requestId = 22
09:02:19:805  INFO 1452 --- [nacos-grpc-client-executor-384] com.alibaba.nacos.common.remote.client   : [6bc27a66-e656-4f33-84c1-d0a7f26158bd] Ack server push request, request = NotifySubscriberRequest, requestId = 22
09:02:20:955  INFO 1452 --- [nacos-grpc-client-executor-385] com.alibaba.nacos.common.remote.client   : [6bc27a66-e656-4f33-84c1-d0a7f26158bd] Receive server push request, request = NotifySubscriberRequest, requestId = 25
09:02:20:961  INFO 1452 --- [nacos-grpc-client-executor-385] com.alibaba.nacos.common.remote.client   : [6bc27a66-e656-4f33-84c1-d0a7f26158bd] Ack server push request, request = NotifySubscriberRequest, requestId = 25
09:02:21:565  INFO 1452 --- [nacos-grpc-client-executor-386] com.alibaba.nacos.common.remote.client   : [6bc27a66-e656-4f33-84c1-d0a7f26158bd] Receive server push request, request = NotifySubscriberRequest, requestId = 33
09:02:21:567  INFO 1452 --- [nacos-grpc-client-executor-386] com.alibaba.nacos.common.remote.client   : [6bc27a66-e656-4f33-84c1-d0a7f26158bd] Ack server push request, request = NotifySubscriberRequest, requestId = 33
09:15:54:387  WARN 1452 --- [Thread-4] c.a.nacos.common.notify.NotifyCenter     : [NotifyCenter] Start destroying Publisher
09:15:54:389  WARN 1452 --- [Thread-7] c.a.n.common.http.HttpClientBeanHolder   : [HttpClientBeanHolder] Start destroying common HttpClient
09:15:54:488  WARN 1452 --- [Thread-4] c.a.nacos.common.notify.NotifyCenter     : [NotifyCenter] Destruction of the end
09:15:54:559  WARN 1452 --- [Thread-7] c.a.n.common.http.HttpClientBeanHolder   : [HttpClientBeanHolder] Destruction of the end
09:15:56:133  INFO 1452 --- [SpringApplicationShutdownHook] c.a.c.n.registry.NacosServiceRegistry    : De-registering from Nacos Server now...
09:15:56:203  INFO 1452 --- [SpringApplicationShutdownHook] c.a.c.n.registry.NacosServiceRegistry    : De-registration finished.
09:15:56:532  INFO 1452 --- [SpringApplicationShutdownHook] com.alibaba.nacos.common.remote.client   : Shutdown rpc client, set status to shutdown
09:15:56:536  INFO 1452 --- [SpringApplicationShutdownHook] com.alibaba.nacos.common.remote.client   : Shutdown client event executor java.util.concurrent.ScheduledThreadPoolExecutor@32d91f69[Running, pool size = 2, active threads = 2, queued tasks = 0, completed tasks = 0]
09:15:56:551  INFO 1452 --- [SpringApplicationShutdownHook] com.alibaba.nacos.common.remote.client   : Close current connection 1714350937933_192.168.58.1_3324
09:15:56:823  INFO 1452 --- [SpringApplicationShutdownHook] c.a.n.c.remote.client.grpc.GrpcClient    : Shutdown grpc executor java.util.concurrent.ThreadPoolExecutor@1c7d0ef6[Running, pool size = 3, active threads = 0, queued tasks = 0, completed tasks = 563]
09:15:56:851  INFO 1452 --- [SpringApplicationShutdownHook] com.zaxxer.hikari.HikariDataSource       : HikariPool-1 - Shutdown initiated...
09:15:57:284  INFO 1452 --- [SpringApplicationShutdownHook] com.zaxxer.hikari.HikariDataSource       : HikariPool-1 - Shutdown completed.
