14:58:12:271  INFO 1680 --- [main] com.hmall.item.ItemApplication           : The following 1 profile is active: "dev"
14:58:14:678  INFO 1680 --- [main] .s.d.r.c.RepositoryConfigurationDelegate : Multiple Spring Data modules found, entering strict repository configuration mode
14:58:14:682  INFO 1680 --- [main] .s.d.r.c.RepositoryConfigurationDelegate : Bootstrapping Spring Data Redis repositories in DEFAULT mode.
14:58:14:770  INFO 1680 --- [main] .s.d.r.c.RepositoryConfigurationDelegate : Finished Spring Data repository scanning in 12 ms. Found 0 Redis repository interfaces.
14:58:15:241  INFO 1680 --- [main] o.s.cloud.context.scope.GenericScope     : BeanFactory id=cf4f27bb-3ddc-3330-926f-f59dc1801f3c
14:58:15:363  INFO 1680 --- [main] trationDelegate$BeanPostProcessorChecker : Bean 'io.seata.spring.boot.autoconfigure.SeataCoreAutoConfiguration' of type [io.seata.spring.boot.autoconfigure.SeataCoreAutoConfiguration] is not eligible for getting processed by all BeanPostProcessors (for example: not eligible for auto-proxying)
14:58:15:364  INFO 1680 --- [main] trationDelegate$BeanPostProcessorChecker : Bean 'springApplicationContextProvider' of type [io.seata.spring.boot.autoconfigure.provider.SpringApplicationContextProvider] is not eligible for getting processed by all BeanPostProcessors (for example: not eligible for auto-proxying)
14:58:15:364  INFO 1680 --- [main] trationDelegate$BeanPostProcessorChecker : Bean 'io.seata.spring.boot.autoconfigure.SeataAutoConfiguration' of type [io.seata.spring.boot.autoconfigure.SeataAutoConfiguration] is not eligible for getting processed by all BeanPostProcessors (for example: not eligible for auto-proxying)
14:58:15:445  INFO 1680 --- [main] trationDelegate$BeanPostProcessorChecker : Bean 'failureHandler' of type [io.seata.tm.api.DefaultFailureHandlerImpl] is not eligible for getting processed by all BeanPostProcessors (for example: not eligible for auto-proxying)
14:58:15:484  INFO 1680 --- [main] trationDelegate$BeanPostProcessorChecker : Bean 'org.springframework.cloud.commons.config.CommonsConfigAutoConfiguration' of type [org.springframework.cloud.commons.config.CommonsConfigAutoConfiguration] is not eligible for getting processed by all BeanPostProcessors (for example: not eligible for auto-proxying)
14:58:15:486  INFO 1680 --- [main] trationDelegate$BeanPostProcessorChecker : Bean 'org.springframework.cloud.client.loadbalancer.LoadBalancerDefaultMappingsProviderAutoConfiguration' of type [org.springframework.cloud.client.loadbalancer.LoadBalancerDefaultMappingsProviderAutoConfiguration] is not eligible for getting processed by all BeanPostProcessors (for example: not eligible for auto-proxying)
14:58:15:487  INFO 1680 --- [main] trationDelegate$BeanPostProcessorChecker : Bean 'loadBalancerClientsDefaultsMappingsProvider' of type [org.springframework.cloud.client.loadbalancer.LoadBalancerDefaultMappingsProviderAutoConfiguration$$Lambda$592/0x00000001006a5440] is not eligible for getting processed by all BeanPostProcessors (for example: not eligible for auto-proxying)
14:58:15:487  INFO 1680 --- [main] trationDelegate$BeanPostProcessorChecker : Bean 'defaultsBindHandlerAdvisor' of type [org.springframework.cloud.commons.config.DefaultsBindHandlerAdvisor] is not eligible for getting processed by all BeanPostProcessors (for example: not eligible for auto-proxying)
14:58:15:492  INFO 1680 --- [main] trationDelegate$BeanPostProcessorChecker : Bean 'springCloudAlibabaConfiguration' of type [io.seata.spring.boot.autoconfigure.properties.SpringCloudAlibabaConfiguration] is not eligible for getting processed by all BeanPostProcessors (for example: not eligible for auto-proxying)
14:58:15:495  INFO 1680 --- [main] trationDelegate$BeanPostProcessorChecker : Bean 'seataProperties' of type [io.seata.spring.boot.autoconfigure.properties.SeataProperties] is not eligible for getting processed by all BeanPostProcessors (for example: not eligible for auto-proxying)
14:58:15:512  INFO 1680 --- [main] i.s.s.b.a.SeataAutoConfiguration         : Automatically configure Seata
14:58:15:664  INFO 1680 --- [main] io.seata.config.ConfigurationFactory     : load Configuration from :Spring Configuration
14:58:15:694  INFO 1680 --- [main] io.seata.config.ConfigurationFactory     : load Configuration from :Spring Configuration
14:58:15:808  INFO 1680 --- [main] i.s.s.a.GlobalTransactionScanner         : Initializing Global Transaction Clients ... 
14:58:16:020  INFO 1680 --- [main] i.s.core.rpc.netty.NettyClientBootstrap  : NettyClientBootstrap has started
14:58:16:405  INFO 1680 --- [main] com.alibaba.nacos.common.remote.client   : [RpcClientFactory] create a new rpc client of a14086c0-113d-4f1f-95a5-0c9caf6cf5b1
14:58:16:405  INFO 1680 --- [main] com.alibaba.nacos.common.remote.client   : [a14086c0-113d-4f1f-95a5-0c9caf6cf5b1] RpcClient init label, labels = {module=naming, source=sdk}
14:58:16:409  INFO 1680 --- [main] com.alibaba.nacos.common.remote.client   : [a14086c0-113d-4f1f-95a5-0c9caf6cf5b1] RpcClient init, ServerListFactory = com.alibaba.nacos.client.naming.core.ServerListManager
14:58:16:409  INFO 1680 --- [main] com.alibaba.nacos.common.remote.client   : [a14086c0-113d-4f1f-95a5-0c9caf6cf5b1] Registry connection listener to current client:com.alibaba.nacos.client.naming.remote.gprc.redo.NamingGrpcRedoService
14:58:16:410  INFO 1680 --- [main] com.alibaba.nacos.common.remote.client   : [a14086c0-113d-4f1f-95a5-0c9caf6cf5b1] Register server push request handler:com.alibaba.nacos.client.naming.remote.gprc.NamingPushRequestHandler
14:58:16:411  INFO 1680 --- [main] com.alibaba.nacos.common.remote.client   : [a14086c0-113d-4f1f-95a5-0c9caf6cf5b1] Try to connect to server on start up, server: {serverIp = '192.168.58.129', server main port = 8848}
14:58:16:545  INFO 1680 --- [main] com.alibaba.nacos.common.remote.client   : [a14086c0-113d-4f1f-95a5-0c9caf6cf5b1] Success to connect to server [192.168.58.129:8848] on start up, connectionId = 1715151496880_192.168.58.1_2976
14:58:16:545  INFO 1680 --- [main] com.alibaba.nacos.common.remote.client   : [a14086c0-113d-4f1f-95a5-0c9caf6cf5b1] Register server push request handler:com.alibaba.nacos.common.remote.client.RpcClient$ConnectResetRequestHandler
14:58:16:545  INFO 1680 --- [com.alibaba.nacos.client.remote.worker] com.alibaba.nacos.common.remote.client   : [a14086c0-113d-4f1f-95a5-0c9caf6cf5b1] Notify connected event to listeners.
14:58:16:545  INFO 1680 --- [main] com.alibaba.nacos.common.remote.client   : [a14086c0-113d-4f1f-95a5-0c9caf6cf5b1] Register server push request handler:com.alibaba.nacos.common.remote.client.RpcClient$$Lambda$475/0x0000000100433440
14:58:16:653 ERROR 1680 --- [main] i.s.c.r.netty.NettyClientChannelManager  : no available service found in cluster 'default', please make sure registry config correct and keep your seata server running
14:58:16:654  INFO 1680 --- [main] i.s.s.a.GlobalTransactionScanner         : Transaction Manager Client is initialized. applicationId[item-service] txServiceGroup[hmall]
14:58:16:684  INFO 1680 --- [main] io.seata.rm.datasource.AsyncWorker       : Async Commit Buffer Limit: 10000
14:58:16:685  INFO 1680 --- [main] i.s.rm.datasource.xa.ResourceManagerXA   : ResourceManagerXA init ...
14:58:16:712  INFO 1680 --- [main] i.s.core.rpc.netty.NettyClientBootstrap  : NettyClientBootstrap has started
14:58:16:712  INFO 1680 --- [main] i.s.s.a.GlobalTransactionScanner         : Resource Manager is initialized. applicationId[item-service] txServiceGroup[hmall]
14:58:16:712  INFO 1680 --- [main] i.s.s.a.GlobalTransactionScanner         : Global Transaction Clients are initialized. 
14:58:16:716  INFO 1680 --- [main] trationDelegate$BeanPostProcessorChecker : Bean 'io.seata.spring.boot.autoconfigure.SeataDataSourceAutoConfiguration' of type [io.seata.spring.boot.autoconfigure.SeataDataSourceAutoConfiguration] is not eligible for getting processed by all BeanPostProcessors (for example: not eligible for auto-proxying)
14:58:16:980  INFO 1680 --- [main] trationDelegate$BeanPostProcessorChecker : Bean 'com.alibaba.cloud.seata.feign.SeataFeignClientAutoConfiguration$FeignBeanPostProcessorConfiguration' of type [com.alibaba.cloud.seata.feign.SeataFeignClientAutoConfiguration$FeignBeanPostProcessorConfiguration] is not eligible for getting processed by all BeanPostProcessors (for example: not eligible for auto-proxying)
14:58:16:983  INFO 1680 --- [main] trationDelegate$BeanPostProcessorChecker : Bean 'seataFeignObjectWrapper' of type [com.alibaba.cloud.seata.feign.SeataFeignObjectWrapper] is not eligible for getting processed by all BeanPostProcessors (for example: not eligible for auto-proxying)
14:58:17:261  INFO 1680 --- [nacos-grpc-client-executor-5] com.alibaba.nacos.common.remote.client   : [a14086c0-113d-4f1f-95a5-0c9caf6cf5b1] Receive server push request, request = NotifySubscriberRequest, requestId = 4
14:58:17:264  INFO 1680 --- [nacos-grpc-client-executor-5] com.alibaba.nacos.common.remote.client   : [a14086c0-113d-4f1f-95a5-0c9caf6cf5b1] Ack server push request, request = NotifySubscriberRequest, requestId = 4
14:58:17:833  INFO 1680 --- [main] o.s.b.w.embedded.tomcat.TomcatWebServer  : Tomcat initialized with port(s): 8081 (http)
14:58:17:864  INFO 1680 --- [main] o.apache.catalina.core.StandardService   : Starting service [Tomcat]
14:58:17:864  INFO 1680 --- [main] org.apache.catalina.core.StandardEngine  : Starting Servlet engine: [Apache Tomcat/9.0.75]
14:58:21:349  INFO 1680 --- [main] o.a.c.c.C.[Tomcat].[localhost].[/]       : Initializing Spring embedded WebApplicationContext
14:58:21:349  INFO 1680 --- [main] w.s.c.ServletWebServerApplicationContext : Root WebApplicationContext: initialization completed in 9006 ms
14:58:21:829  INFO 1680 --- [main] com.zaxxer.hikari.HikariDataSource       : HikariPool-1 - Starting...
14:58:22:358  INFO 1680 --- [main] com.zaxxer.hikari.HikariDataSource       : HikariPool-1 - Start completed.
14:58:22:488 ERROR 1680 --- [main] i.s.c.r.netty.NettyClientChannelManager  : no available service found in cluster 'default', please make sure registry config correct and keep your seata server running
14:58:26:228  INFO 1680 --- [main] pertySourcedRequestMappingHandlerMapping : Mapped URL path [/v2/api-docs] onto method [springfox.documentation.swagger2.web.Swagger2ControllerWebMvc#getDocumentation(String, HttpServletRequest)]
14:58:31:244  INFO 1680 --- [main] com.alibaba.nacos.common.remote.client   : [RpcClientFactory] create a new rpc client of 1d9de640-3243-4cf2-bbc2-a4e1f0ad6952
14:58:31:245  INFO 1680 --- [main] com.alibaba.nacos.common.remote.client   : [1d9de640-3243-4cf2-bbc2-a4e1f0ad6952] RpcClient init label, labels = {module=naming, source=sdk}
14:58:31:246  INFO 1680 --- [main] com.alibaba.nacos.common.remote.client   : [1d9de640-3243-4cf2-bbc2-a4e1f0ad6952] RpcClient init, ServerListFactory = com.alibaba.nacos.client.naming.core.ServerListManager
14:58:31:246  INFO 1680 --- [main] com.alibaba.nacos.common.remote.client   : [1d9de640-3243-4cf2-bbc2-a4e1f0ad6952] Registry connection listener to current client:com.alibaba.nacos.client.naming.remote.gprc.redo.NamingGrpcRedoService
14:58:31:246  INFO 1680 --- [main] com.alibaba.nacos.common.remote.client   : [1d9de640-3243-4cf2-bbc2-a4e1f0ad6952] Register server push request handler:com.alibaba.nacos.client.naming.remote.gprc.NamingPushRequestHandler
14:58:31:247  INFO 1680 --- [main] com.alibaba.nacos.common.remote.client   : [1d9de640-3243-4cf2-bbc2-a4e1f0ad6952] Try to connect to server on start up, server: {serverIp = '192.168.58.129', server main port = 8848}
14:58:31:385  INFO 1680 --- [main] com.alibaba.nacos.common.remote.client   : [1d9de640-3243-4cf2-bbc2-a4e1f0ad6952] Success to connect to server [192.168.58.129:8848] on start up, connectionId = 1715151511730_192.168.58.1_3003
14:58:31:386  INFO 1680 --- [com.alibaba.nacos.client.remote.worker] com.alibaba.nacos.common.remote.client   : [1d9de640-3243-4cf2-bbc2-a4e1f0ad6952] Notify connected event to listeners.
14:58:31:386  INFO 1680 --- [main] com.alibaba.nacos.common.remote.client   : [1d9de640-3243-4cf2-bbc2-a4e1f0ad6952] Register server push request handler:com.alibaba.nacos.common.remote.client.RpcClient$ConnectResetRequestHandler
14:58:31:386  INFO 1680 --- [main] com.alibaba.nacos.common.remote.client   : [1d9de640-3243-4cf2-bbc2-a4e1f0ad6952] Register server push request handler:com.alibaba.nacos.common.remote.client.RpcClient$$Lambda$475/0x0000000100433440
14:58:31:552  INFO 1680 --- [main] o.s.b.w.embedded.tomcat.TomcatWebServer  : Tomcat started on port(s): 8081 (http) with context path ''
14:58:31:645  INFO 1680 --- [main] c.a.c.n.registry.NacosServiceRegistry    : nacos registry, DEFAULT_GROUP item-service 192.168.0.100:8081 register finished
14:58:31:923  INFO 1680 --- [main] d.s.w.p.DocumentationPluginsBootstrapper : Documentation plugins bootstrapped
14:58:31:928  INFO 1680 --- [main] d.s.w.p.DocumentationPluginsBootstrapper : Found 1 custom documentation plugin(s)
14:58:31:994  INFO 1680 --- [nacos-grpc-client-executor-6] com.alibaba.nacos.common.remote.client   : [1d9de640-3243-4cf2-bbc2-a4e1f0ad6952] Receive server push request, request = NotifySubscriberRequest, requestId = 5
14:58:32:003  INFO 1680 --- [nacos-grpc-client-executor-6] com.alibaba.nacos.common.remote.client   : [1d9de640-3243-4cf2-bbc2-a4e1f0ad6952] Ack server push request, request = NotifySubscriberRequest, requestId = 5
14:58:32:111  INFO 1680 --- [main] s.d.s.w.s.ApiListingReferenceScanner     : Scanning for api listing references
14:58:32:442  INFO 1680 --- [main] com.hmall.item.ItemApplication           : Started ItemApplication in 27.072 seconds (JVM running for 34.304)
14:58:32:468  INFO 1680 --- [main] c.a.c.n.refresh.NacosContextRefresher    : [Nacos Config] Listening config: dataId=item-service-dev.yaml, group=DEFAULT_GROUP
14:58:32:469  INFO 1680 --- [main] c.a.c.n.refresh.NacosContextRefresher    : [Nacos Config] Listening config: dataId=item-service.yaml, group=DEFAULT_GROUP
14:58:32:469  INFO 1680 --- [main] c.a.c.n.refresh.NacosContextRefresher    : [Nacos Config] Listening config: dataId=item-service, group=DEFAULT_GROUP
14:59:16:009 ERROR 1680 --- [timeoutChecker_1_1] i.s.c.r.netty.NettyClientChannelManager  : no available service found in cluster 'default', please make sure registry config correct and keep your seata server running
14:59:16:714 ERROR 1680 --- [timeoutChecker_2_1] i.s.c.r.netty.NettyClientChannelManager  : no available service found in cluster 'default', please make sure registry config correct and keep your seata server running
14:59:20:347  INFO 1680 --- [com.alibaba.nacos.client.remote.worker] com.alibaba.nacos.common.remote.client   : [1d9de640-3243-4cf2-bbc2-a4e1f0ad6952] Server healthy check fail, currentConnection = 1715151511730_192.168.58.1_3003
14:59:20:391  INFO 1680 --- [com.alibaba.nacos.client.remote.worker] com.alibaba.nacos.common.remote.client   : [1d9de640-3243-4cf2-bbc2-a4e1f0ad6952] Try to reconnect to a new server, server is  not appointed, will choose a random server.
14:59:20:639  INFO 1680 --- [com.alibaba.nacos.client.remote.worker] com.alibaba.nacos.common.remote.client   : [1d9de640-3243-4cf2-bbc2-a4e1f0ad6952] Success to connect a server [192.168.58.129:8848], connectionId = 1715151560937_192.168.58.1_3030
14:59:20:641  INFO 1680 --- [com.alibaba.nacos.client.remote.worker] com.alibaba.nacos.common.remote.client   : [1d9de640-3243-4cf2-bbc2-a4e1f0ad6952] Abandon prev connection, server is 192.168.58.129:8848, connectionId is 1715151511730_192.168.58.1_3003
14:59:20:641  INFO 1680 --- [com.alibaba.nacos.client.remote.worker] com.alibaba.nacos.common.remote.client   : Close current connection 1715151511730_192.168.58.1_3003
14:59:20:646  INFO 1680 --- [nacos-grpc-client-executor-24] c.a.n.c.remote.client.grpc.GrpcClient    : [1715151511730_192.168.58.1_3003]Ignore complete event,isRunning:false,isAbandon=true
14:59:20:732  INFO 1680 --- [com.alibaba.nacos.client.remote.worker] com.alibaba.nacos.common.remote.client   : [1d9de640-3243-4cf2-bbc2-a4e1f0ad6952] Notify disconnected event to listeners
14:59:20:740  INFO 1680 --- [com.alibaba.nacos.client.remote.worker] com.alibaba.nacos.common.remote.client   : [1d9de640-3243-4cf2-bbc2-a4e1f0ad6952] Notify connected event to listeners.
14:59:23:543  INFO 1680 --- [nacos-grpc-client-executor-27] com.alibaba.nacos.common.remote.client   : [1d9de640-3243-4cf2-bbc2-a4e1f0ad6952] Receive server push request, request = NotifySubscriberRequest, requestId = 6
14:59:23:544  INFO 1680 --- [nacos-grpc-client-executor-27] com.alibaba.nacos.common.remote.client   : [1d9de640-3243-4cf2-bbc2-a4e1f0ad6952] Ack server push request, request = NotifySubscriberRequest, requestId = 6
14:59:26:018 ERROR 1680 --- [timeoutChecker_1_1] i.s.c.r.netty.NettyClientChannelManager  : no available service found in cluster 'default', please make sure registry config correct and keep your seata server running
14:59:26:719 ERROR 1680 --- [timeoutChecker_2_1] i.s.c.r.netty.NettyClientChannelManager  : no available service found in cluster 'default', please make sure registry config correct and keep your seata server running
14:59:36:017 ERROR 1680 --- [timeoutChecker_1_1] i.s.c.r.netty.NettyClientChannelManager  : no available service found in cluster 'default', please make sure registry config correct and keep your seata server running
14:59:36:724 ERROR 1680 --- [timeoutChecker_2_1] i.s.c.r.netty.NettyClientChannelManager  : no available service found in cluster 'default', please make sure registry config correct and keep your seata server running
14:59:46:013 ERROR 1680 --- [timeoutChecker_1_1] i.s.c.r.netty.NettyClientChannelManager  : no available service found in cluster 'default', please make sure registry config correct and keep your seata server running
14:59:46:712 ERROR 1680 --- [timeoutChecker_2_1] i.s.c.r.netty.NettyClientChannelManager  : no available service found in cluster 'default', please make sure registry config correct and keep your seata server running
14:59:56:016 ERROR 1680 --- [timeoutChecker_1_1] i.s.c.r.netty.NettyClientChannelManager  : no available service found in cluster 'default', please make sure registry config correct and keep your seata server running
14:59:56:725 ERROR 1680 --- [timeoutChecker_2_1] i.s.c.r.netty.NettyClientChannelManager  : no available service found in cluster 'default', please make sure registry config correct and keep your seata server running
15:00:06:004 ERROR 1680 --- [timeoutChecker_1_1] i.s.c.r.netty.NettyClientChannelManager  : no available service found in cluster 'default', please make sure registry config correct and keep your seata server running
15:00:06:712 ERROR 1680 --- [timeoutChecker_2_1] i.s.c.r.netty.NettyClientChannelManager  : no available service found in cluster 'default', please make sure registry config correct and keep your seata server running
15:00:16:013 ERROR 1680 --- [timeoutChecker_1_1] i.s.c.r.netty.NettyClientChannelManager  : no available service found in cluster 'default', please make sure registry config correct and keep your seata server running
15:00:16:712 ERROR 1680 --- [timeoutChecker_2_1] i.s.c.r.netty.NettyClientChannelManager  : no available service found in cluster 'default', please make sure registry config correct and keep your seata server running
15:00:26:012 ERROR 1680 --- [timeoutChecker_1_1] i.s.c.r.netty.NettyClientChannelManager  : no available service found in cluster 'default', please make sure registry config correct and keep your seata server running
15:00:26:724 ERROR 1680 --- [timeoutChecker_2_1] i.s.c.r.netty.NettyClientChannelManager  : no available service found in cluster 'default', please make sure registry config correct and keep your seata server running
15:00:36:064 ERROR 1680 --- [timeoutChecker_1_1] i.s.c.r.netty.NettyClientChannelManager  : no available service found in cluster 'default', please make sure registry config correct and keep your seata server running
15:00:36:712 ERROR 1680 --- [timeoutChecker_2_1] i.s.c.r.netty.NettyClientChannelManager  : no available service found in cluster 'default', please make sure registry config correct and keep your seata server running
15:00:46:010 ERROR 1680 --- [timeoutChecker_1_1] i.s.c.r.netty.NettyClientChannelManager  : no available service found in cluster 'default', please make sure registry config correct and keep your seata server running
15:00:46:717 ERROR 1680 --- [timeoutChecker_2_1] i.s.c.r.netty.NettyClientChannelManager  : no available service found in cluster 'default', please make sure registry config correct and keep your seata server running
15:00:56:007 ERROR 1680 --- [timeoutChecker_1_1] i.s.c.r.netty.NettyClientChannelManager  : no available service found in cluster 'default', please make sure registry config correct and keep your seata server running
15:00:56:713 ERROR 1680 --- [timeoutChecker_2_1] i.s.c.r.netty.NettyClientChannelManager  : no available service found in cluster 'default', please make sure registry config correct and keep your seata server running
15:01:06:005 ERROR 1680 --- [timeoutChecker_1_1] i.s.c.r.netty.NettyClientChannelManager  : no available service found in cluster 'default', please make sure registry config correct and keep your seata server running
15:01:06:726 ERROR 1680 --- [timeoutChecker_2_1] i.s.c.r.netty.NettyClientChannelManager  : no available service found in cluster 'default', please make sure registry config correct and keep your seata server running
15:01:16:016 ERROR 1680 --- [timeoutChecker_1_1] i.s.c.r.netty.NettyClientChannelManager  : no available service found in cluster 'default', please make sure registry config correct and keep your seata server running
15:01:16:725 ERROR 1680 --- [timeoutChecker_2_1] i.s.c.r.netty.NettyClientChannelManager  : no available service found in cluster 'default', please make sure registry config correct and keep your seata server running
15:01:26:011 ERROR 1680 --- [timeoutChecker_1_1] i.s.c.r.netty.NettyClientChannelManager  : no available service found in cluster 'default', please make sure registry config correct and keep your seata server running
15:01:26:715 ERROR 1680 --- [timeoutChecker_2_1] i.s.c.r.netty.NettyClientChannelManager  : no available service found in cluster 'default', please make sure registry config correct and keep your seata server running
15:01:36:004 ERROR 1680 --- [timeoutChecker_1_1] i.s.c.r.netty.NettyClientChannelManager  : no available service found in cluster 'default', please make sure registry config correct and keep your seata server running
15:01:36:725 ERROR 1680 --- [timeoutChecker_2_1] i.s.c.r.netty.NettyClientChannelManager  : no available service found in cluster 'default', please make sure registry config correct and keep your seata server running
15:01:46:006 ERROR 1680 --- [timeoutChecker_1_1] i.s.c.r.netty.NettyClientChannelManager  : no available service found in cluster 'default', please make sure registry config correct and keep your seata server running
15:01:46:717 ERROR 1680 --- [timeoutChecker_2_1] i.s.c.r.netty.NettyClientChannelManager  : no available service found in cluster 'default', please make sure registry config correct and keep your seata server running
15:01:56:019 ERROR 1680 --- [timeoutChecker_1_1] i.s.c.r.netty.NettyClientChannelManager  : no available service found in cluster 'default', please make sure registry config correct and keep your seata server running
15:01:56:717 ERROR 1680 --- [timeoutChecker_2_1] i.s.c.r.netty.NettyClientChannelManager  : no available service found in cluster 'default', please make sure registry config correct and keep your seata server running
15:02:06:011 ERROR 1680 --- [timeoutChecker_1_1] i.s.c.r.netty.NettyClientChannelManager  : no available service found in cluster 'default', please make sure registry config correct and keep your seata server running
15:02:06:723 ERROR 1680 --- [timeoutChecker_2_1] i.s.c.r.netty.NettyClientChannelManager  : no available service found in cluster 'default', please make sure registry config correct and keep your seata server running
15:02:16:012 ERROR 1680 --- [timeoutChecker_1_1] i.s.c.r.netty.NettyClientChannelManager  : no available service found in cluster 'default', please make sure registry config correct and keep your seata server running
15:02:16:713 ERROR 1680 --- [timeoutChecker_2_1] i.s.c.r.netty.NettyClientChannelManager  : no available service found in cluster 'default', please make sure registry config correct and keep your seata server running
15:02:26:006 ERROR 1680 --- [timeoutChecker_1_1] i.s.c.r.netty.NettyClientChannelManager  : no available service found in cluster 'default', please make sure registry config correct and keep your seata server running
15:02:26:713 ERROR 1680 --- [timeoutChecker_2_1] i.s.c.r.netty.NettyClientChannelManager  : no available service found in cluster 'default', please make sure registry config correct and keep your seata server running
15:02:36:016 ERROR 1680 --- [timeoutChecker_1_1] i.s.c.r.netty.NettyClientChannelManager  : no available service found in cluster 'default', please make sure registry config correct and keep your seata server running
15:02:36:889 ERROR 1680 --- [timeoutChecker_2_1] i.s.c.r.netty.NettyClientChannelManager  : no available service found in cluster 'default', please make sure registry config correct and keep your seata server running
15:02:46:018 ERROR 1680 --- [timeoutChecker_1_1] i.s.c.r.netty.NettyClientChannelManager  : no available service found in cluster 'default', please make sure registry config correct and keep your seata server running
15:02:46:726 ERROR 1680 --- [timeoutChecker_2_1] i.s.c.r.netty.NettyClientChannelManager  : no available service found in cluster 'default', please make sure registry config correct and keep your seata server running
15:02:56:015 ERROR 1680 --- [timeoutChecker_1_1] i.s.c.r.netty.NettyClientChannelManager  : no available service found in cluster 'default', please make sure registry config correct and keep your seata server running
15:02:56:716 ERROR 1680 --- [timeoutChecker_2_1] i.s.c.r.netty.NettyClientChannelManager  : no available service found in cluster 'default', please make sure registry config correct and keep your seata server running
15:03:06:012 ERROR 1680 --- [timeoutChecker_1_1] i.s.c.r.netty.NettyClientChannelManager  : no available service found in cluster 'default', please make sure registry config correct and keep your seata server running
15:03:06:715 ERROR 1680 --- [timeoutChecker_2_1] i.s.c.r.netty.NettyClientChannelManager  : no available service found in cluster 'default', please make sure registry config correct and keep your seata server running
15:03:16:011 ERROR 1680 --- [timeoutChecker_1_1] i.s.c.r.netty.NettyClientChannelManager  : no available service found in cluster 'default', please make sure registry config correct and keep your seata server running
15:03:16:723 ERROR 1680 --- [timeoutChecker_2_1] i.s.c.r.netty.NettyClientChannelManager  : no available service found in cluster 'default', please make sure registry config correct and keep your seata server running
15:03:26:005 ERROR 1680 --- [timeoutChecker_1_1] i.s.c.r.netty.NettyClientChannelManager  : no available service found in cluster 'default', please make sure registry config correct and keep your seata server running
15:03:26:714 ERROR 1680 --- [timeoutChecker_2_1] i.s.c.r.netty.NettyClientChannelManager  : no available service found in cluster 'default', please make sure registry config correct and keep your seata server running
15:03:36:006 ERROR 1680 --- [timeoutChecker_1_1] i.s.c.r.netty.NettyClientChannelManager  : no available service found in cluster 'default', please make sure registry config correct and keep your seata server running
15:03:36:712 ERROR 1680 --- [timeoutChecker_2_1] i.s.c.r.netty.NettyClientChannelManager  : no available service found in cluster 'default', please make sure registry config correct and keep your seata server running
15:03:46:013 ERROR 1680 --- [timeoutChecker_1_1] i.s.c.r.netty.NettyClientChannelManager  : no available service found in cluster 'default', please make sure registry config correct and keep your seata server running
15:03:46:723 ERROR 1680 --- [timeoutChecker_2_1] i.s.c.r.netty.NettyClientChannelManager  : no available service found in cluster 'default', please make sure registry config correct and keep your seata server running
15:03:56:010 ERROR 1680 --- [timeoutChecker_1_1] i.s.c.r.netty.NettyClientChannelManager  : no available service found in cluster 'default', please make sure registry config correct and keep your seata server running
15:03:56:786 ERROR 1680 --- [timeoutChecker_2_1] i.s.c.r.netty.NettyClientChannelManager  : no available service found in cluster 'default', please make sure registry config correct and keep your seata server running
15:04:06:011 ERROR 1680 --- [timeoutChecker_1_1] i.s.c.r.netty.NettyClientChannelManager  : no available service found in cluster 'default', please make sure registry config correct and keep your seata server running
15:04:06:721 ERROR 1680 --- [timeoutChecker_2_1] i.s.c.r.netty.NettyClientChannelManager  : no available service found in cluster 'default', please make sure registry config correct and keep your seata server running
15:04:16:007 ERROR 1680 --- [timeoutChecker_1_1] i.s.c.r.netty.NettyClientChannelManager  : no available service found in cluster 'default', please make sure registry config correct and keep your seata server running
15:04:16:718 ERROR 1680 --- [timeoutChecker_2_1] i.s.c.r.netty.NettyClientChannelManager  : no available service found in cluster 'default', please make sure registry config correct and keep your seata server running
15:04:26:005 ERROR 1680 --- [timeoutChecker_1_1] i.s.c.r.netty.NettyClientChannelManager  : no available service found in cluster 'default', please make sure registry config correct and keep your seata server running
15:04:26:716 ERROR 1680 --- [timeoutChecker_2_1] i.s.c.r.netty.NettyClientChannelManager  : no available service found in cluster 'default', please make sure registry config correct and keep your seata server running
15:04:36:012 ERROR 1680 --- [timeoutChecker_1_1] i.s.c.r.netty.NettyClientChannelManager  : no available service found in cluster 'default', please make sure registry config correct and keep your seata server running
15:04:36:722 ERROR 1680 --- [timeoutChecker_2_1] i.s.c.r.netty.NettyClientChannelManager  : no available service found in cluster 'default', please make sure registry config correct and keep your seata server running
15:04:46:012 ERROR 1680 --- [timeoutChecker_1_1] i.s.c.r.netty.NettyClientChannelManager  : no available service found in cluster 'default', please make sure registry config correct and keep your seata server running
15:04:46:714 ERROR 1680 --- [timeoutChecker_2_1] i.s.c.r.netty.NettyClientChannelManager  : no available service found in cluster 'default', please make sure registry config correct and keep your seata server running
15:04:56:004 ERROR 1680 --- [timeoutChecker_1_1] i.s.c.r.netty.NettyClientChannelManager  : no available service found in cluster 'default', please make sure registry config correct and keep your seata server running
15:04:56:711 ERROR 1680 --- [timeoutChecker_2_1] i.s.c.r.netty.NettyClientChannelManager  : no available service found in cluster 'default', please make sure registry config correct and keep your seata server running
15:05:06:005 ERROR 1680 --- [timeoutChecker_1_1] i.s.c.r.netty.NettyClientChannelManager  : no available service found in cluster 'default', please make sure registry config correct and keep your seata server running
15:05:06:718 ERROR 1680 --- [timeoutChecker_2_1] i.s.c.r.netty.NettyClientChannelManager  : no available service found in cluster 'default', please make sure registry config correct and keep your seata server running
15:05:16:009 ERROR 1680 --- [timeoutChecker_1_1] i.s.c.r.netty.NettyClientChannelManager  : no available service found in cluster 'default', please make sure registry config correct and keep your seata server running
15:05:16:715 ERROR 1680 --- [timeoutChecker_2_1] i.s.c.r.netty.NettyClientChannelManager  : no available service found in cluster 'default', please make sure registry config correct and keep your seata server running
15:05:26:004 ERROR 1680 --- [timeoutChecker_1_1] i.s.c.r.netty.NettyClientChannelManager  : no available service found in cluster 'default', please make sure registry config correct and keep your seata server running
15:05:26:722 ERROR 1680 --- [timeoutChecker_2_1] i.s.c.r.netty.NettyClientChannelManager  : no available service found in cluster 'default', please make sure registry config correct and keep your seata server running
15:05:36:011 ERROR 1680 --- [timeoutChecker_1_1] i.s.c.r.netty.NettyClientChannelManager  : no available service found in cluster 'default', please make sure registry config correct and keep your seata server running
15:05:36:722 ERROR 1680 --- [timeoutChecker_2_1] i.s.c.r.netty.NettyClientChannelManager  : no available service found in cluster 'default', please make sure registry config correct and keep your seata server running
15:05:46:014 ERROR 1680 --- [timeoutChecker_1_1] i.s.c.r.netty.NettyClientChannelManager  : no available service found in cluster 'default', please make sure registry config correct and keep your seata server running
15:05:46:725 ERROR 1680 --- [timeoutChecker_2_1] i.s.c.r.netty.NettyClientChannelManager  : no available service found in cluster 'default', please make sure registry config correct and keep your seata server running
15:05:56:070 ERROR 1680 --- [timeoutChecker_1_1] i.s.c.r.netty.NettyClientChannelManager  : no available service found in cluster 'default', please make sure registry config correct and keep your seata server running
15:05:56:717 ERROR 1680 --- [timeoutChecker_2_1] i.s.c.r.netty.NettyClientChannelManager  : no available service found in cluster 'default', please make sure registry config correct and keep your seata server running
15:06:06:007 ERROR 1680 --- [timeoutChecker_1_1] i.s.c.r.netty.NettyClientChannelManager  : no available service found in cluster 'default', please make sure registry config correct and keep your seata server running
15:06:06:715 ERROR 1680 --- [timeoutChecker_2_1] i.s.c.r.netty.NettyClientChannelManager  : no available service found in cluster 'default', please make sure registry config correct and keep your seata server running
15:06:16:024 ERROR 1680 --- [timeoutChecker_1_1] i.s.c.r.netty.NettyClientChannelManager  : no available service found in cluster 'default', please make sure registry config correct and keep your seata server running
15:06:16:715 ERROR 1680 --- [timeoutChecker_2_1] i.s.c.r.netty.NettyClientChannelManager  : no available service found in cluster 'default', please make sure registry config correct and keep your seata server running
15:06:26:013 ERROR 1680 --- [timeoutChecker_1_1] i.s.c.r.netty.NettyClientChannelManager  : no available service found in cluster 'default', please make sure registry config correct and keep your seata server running
15:06:26:717 ERROR 1680 --- [timeoutChecker_2_1] i.s.c.r.netty.NettyClientChannelManager  : no available service found in cluster 'default', please make sure registry config correct and keep your seata server running
15:06:36:014 ERROR 1680 --- [timeoutChecker_1_1] i.s.c.r.netty.NettyClientChannelManager  : no available service found in cluster 'default', please make sure registry config correct and keep your seata server running
15:06:36:720 ERROR 1680 --- [timeoutChecker_2_1] i.s.c.r.netty.NettyClientChannelManager  : no available service found in cluster 'default', please make sure registry config correct and keep your seata server running
15:06:46:005 ERROR 1680 --- [timeoutChecker_1_1] i.s.c.r.netty.NettyClientChannelManager  : no available service found in cluster 'default', please make sure registry config correct and keep your seata server running
15:06:46:719 ERROR 1680 --- [timeoutChecker_2_1] i.s.c.r.netty.NettyClientChannelManager  : no available service found in cluster 'default', please make sure registry config correct and keep your seata server running
15:06:56:010 ERROR 1680 --- [timeoutChecker_1_1] i.s.c.r.netty.NettyClientChannelManager  : no available service found in cluster 'default', please make sure registry config correct and keep your seata server running
15:06:56:713 ERROR 1680 --- [timeoutChecker_2_1] i.s.c.r.netty.NettyClientChannelManager  : no available service found in cluster 'default', please make sure registry config correct and keep your seata server running
15:07:06:016 ERROR 1680 --- [timeoutChecker_1_1] i.s.c.r.netty.NettyClientChannelManager  : no available service found in cluster 'default', please make sure registry config correct and keep your seata server running
15:07:06:724 ERROR 1680 --- [timeoutChecker_2_1] i.s.c.r.netty.NettyClientChannelManager  : no available service found in cluster 'default', please make sure registry config correct and keep your seata server running
15:07:16:013 ERROR 1680 --- [timeoutChecker_1_1] i.s.c.r.netty.NettyClientChannelManager  : no available service found in cluster 'default', please make sure registry config correct and keep your seata server running
15:07:16:722 ERROR 1680 --- [timeoutChecker_2_1] i.s.c.r.netty.NettyClientChannelManager  : no available service found in cluster 'default', please make sure registry config correct and keep your seata server running
15:07:26:015 ERROR 1680 --- [timeoutChecker_1_1] i.s.c.r.netty.NettyClientChannelManager  : no available service found in cluster 'default', please make sure registry config correct and keep your seata server running
15:07:26:722 ERROR 1680 --- [timeoutChecker_2_1] i.s.c.r.netty.NettyClientChannelManager  : no available service found in cluster 'default', please make sure registry config correct and keep your seata server running
15:07:36:003 ERROR 1680 --- [timeoutChecker_1_1] i.s.c.r.netty.NettyClientChannelManager  : no available service found in cluster 'default', please make sure registry config correct and keep your seata server running
15:07:36:719 ERROR 1680 --- [timeoutChecker_2_1] i.s.c.r.netty.NettyClientChannelManager  : no available service found in cluster 'default', please make sure registry config correct and keep your seata server running
15:07:46:007 ERROR 1680 --- [timeoutChecker_1_1] i.s.c.r.netty.NettyClientChannelManager  : no available service found in cluster 'default', please make sure registry config correct and keep your seata server running
15:07:46:716 ERROR 1680 --- [timeoutChecker_2_1] i.s.c.r.netty.NettyClientChannelManager  : no available service found in cluster 'default', please make sure registry config correct and keep your seata server running
15:07:56:013 ERROR 1680 --- [timeoutChecker_1_1] i.s.c.r.netty.NettyClientChannelManager  : no available service found in cluster 'default', please make sure registry config correct and keep your seata server running
15:07:56:722 ERROR 1680 --- [timeoutChecker_2_1] i.s.c.r.netty.NettyClientChannelManager  : no available service found in cluster 'default', please make sure registry config correct and keep your seata server running
15:08:06:008 ERROR 1680 --- [timeoutChecker_1_1] i.s.c.r.netty.NettyClientChannelManager  : no available service found in cluster 'default', please make sure registry config correct and keep your seata server running
15:08:06:711 ERROR 1680 --- [timeoutChecker_2_1] i.s.c.r.netty.NettyClientChannelManager  : no available service found in cluster 'default', please make sure registry config correct and keep your seata server running
15:08:16:008 ERROR 1680 --- [timeoutChecker_1_1] i.s.c.r.netty.NettyClientChannelManager  : no available service found in cluster 'default', please make sure registry config correct and keep your seata server running
15:08:16:713 ERROR 1680 --- [timeoutChecker_2_1] i.s.c.r.netty.NettyClientChannelManager  : no available service found in cluster 'default', please make sure registry config correct and keep your seata server running
15:08:26:006 ERROR 1680 --- [timeoutChecker_1_1] i.s.c.r.netty.NettyClientChannelManager  : no available service found in cluster 'default', please make sure registry config correct and keep your seata server running
15:08:26:711 ERROR 1680 --- [timeoutChecker_2_1] i.s.c.r.netty.NettyClientChannelManager  : no available service found in cluster 'default', please make sure registry config correct and keep your seata server running
15:08:36:008 ERROR 1680 --- [timeoutChecker_1_1] i.s.c.r.netty.NettyClientChannelManager  : no available service found in cluster 'default', please make sure registry config correct and keep your seata server running
15:08:36:714 ERROR 1680 --- [timeoutChecker_2_1] i.s.c.r.netty.NettyClientChannelManager  : no available service found in cluster 'default', please make sure registry config correct and keep your seata server running
15:08:46:017 ERROR 1680 --- [timeoutChecker_1_1] i.s.c.r.netty.NettyClientChannelManager  : no available service found in cluster 'default', please make sure registry config correct and keep your seata server running
15:08:46:717 ERROR 1680 --- [timeoutChecker_2_1] i.s.c.r.netty.NettyClientChannelManager  : no available service found in cluster 'default', please make sure registry config correct and keep your seata server running
15:08:56:009 ERROR 1680 --- [timeoutChecker_1_1] i.s.c.r.netty.NettyClientChannelManager  : no available service found in cluster 'default', please make sure registry config correct and keep your seata server running
15:08:56:717 ERROR 1680 --- [timeoutChecker_2_1] i.s.c.r.netty.NettyClientChannelManager  : no available service found in cluster 'default', please make sure registry config correct and keep your seata server running
15:09:06:007 ERROR 1680 --- [timeoutChecker_1_1] i.s.c.r.netty.NettyClientChannelManager  : no available service found in cluster 'default', please make sure registry config correct and keep your seata server running
15:09:06:726 ERROR 1680 --- [timeoutChecker_2_1] i.s.c.r.netty.NettyClientChannelManager  : no available service found in cluster 'default', please make sure registry config correct and keep your seata server running
15:09:16:013 ERROR 1680 --- [timeoutChecker_1_1] i.s.c.r.netty.NettyClientChannelManager  : no available service found in cluster 'default', please make sure registry config correct and keep your seata server running
15:09:16:727 ERROR 1680 --- [timeoutChecker_2_1] i.s.c.r.netty.NettyClientChannelManager  : no available service found in cluster 'default', please make sure registry config correct and keep your seata server running
15:09:26:008 ERROR 1680 --- [timeoutChecker_1_1] i.s.c.r.netty.NettyClientChannelManager  : no available service found in cluster 'default', please make sure registry config correct and keep your seata server running
15:09:26:719 ERROR 1680 --- [timeoutChecker_2_1] i.s.c.r.netty.NettyClientChannelManager  : no available service found in cluster 'default', please make sure registry config correct and keep your seata server running
15:09:36:017 ERROR 1680 --- [timeoutChecker_1_1] i.s.c.r.netty.NettyClientChannelManager  : no available service found in cluster 'default', please make sure registry config correct and keep your seata server running
15:09:36:716 ERROR 1680 --- [timeoutChecker_2_1] i.s.c.r.netty.NettyClientChannelManager  : no available service found in cluster 'default', please make sure registry config correct and keep your seata server running
15:09:46:014 ERROR 1680 --- [timeoutChecker_1_1] i.s.c.r.netty.NettyClientChannelManager  : no available service found in cluster 'default', please make sure registry config correct and keep your seata server running
15:09:46:726 ERROR 1680 --- [timeoutChecker_2_1] i.s.c.r.netty.NettyClientChannelManager  : no available service found in cluster 'default', please make sure registry config correct and keep your seata server running
15:09:56:005 ERROR 1680 --- [timeoutChecker_1_1] i.s.c.r.netty.NettyClientChannelManager  : no available service found in cluster 'default', please make sure registry config correct and keep your seata server running
15:09:56:724 ERROR 1680 --- [timeoutChecker_2_1] i.s.c.r.netty.NettyClientChannelManager  : no available service found in cluster 'default', please make sure registry config correct and keep your seata server running
15:10:06:008 ERROR 1680 --- [timeoutChecker_1_1] i.s.c.r.netty.NettyClientChannelManager  : no available service found in cluster 'default', please make sure registry config correct and keep your seata server running
15:10:06:720 ERROR 1680 --- [timeoutChecker_2_1] i.s.c.r.netty.NettyClientChannelManager  : no available service found in cluster 'default', please make sure registry config correct and keep your seata server running
15:10:16:009 ERROR 1680 --- [timeoutChecker_1_1] i.s.c.r.netty.NettyClientChannelManager  : no available service found in cluster 'default', please make sure registry config correct and keep your seata server running
15:10:16:714 ERROR 1680 --- [timeoutChecker_2_1] i.s.c.r.netty.NettyClientChannelManager  : no available service found in cluster 'default', please make sure registry config correct and keep your seata server running
15:10:26:005 ERROR 1680 --- [timeoutChecker_1_1] i.s.c.r.netty.NettyClientChannelManager  : no available service found in cluster 'default', please make sure registry config correct and keep your seata server running
15:10:26:715 ERROR 1680 --- [timeoutChecker_2_1] i.s.c.r.netty.NettyClientChannelManager  : no available service found in cluster 'default', please make sure registry config correct and keep your seata server running
15:10:36:023 ERROR 1680 --- [timeoutChecker_1_1] i.s.c.r.netty.NettyClientChannelManager  : no available service found in cluster 'default', please make sure registry config correct and keep your seata server running
15:10:36:721 ERROR 1680 --- [timeoutChecker_2_1] i.s.c.r.netty.NettyClientChannelManager  : no available service found in cluster 'default', please make sure registry config correct and keep your seata server running
15:10:46:011 ERROR 1680 --- [timeoutChecker_1_1] i.s.c.r.netty.NettyClientChannelManager  : no available service found in cluster 'default', please make sure registry config correct and keep your seata server running
15:10:46:714 ERROR 1680 --- [timeoutChecker_2_1] i.s.c.r.netty.NettyClientChannelManager  : no available service found in cluster 'default', please make sure registry config correct and keep your seata server running
15:10:56:019 ERROR 1680 --- [timeoutChecker_1_1] i.s.c.r.netty.NettyClientChannelManager  : no available service found in cluster 'default', please make sure registry config correct and keep your seata server running
15:10:56:718 ERROR 1680 --- [timeoutChecker_2_1] i.s.c.r.netty.NettyClientChannelManager  : no available service found in cluster 'default', please make sure registry config correct and keep your seata server running
15:11:06:015 ERROR 1680 --- [timeoutChecker_1_1] i.s.c.r.netty.NettyClientChannelManager  : no available service found in cluster 'default', please make sure registry config correct and keep your seata server running
15:11:06:716 ERROR 1680 --- [timeoutChecker_2_1] i.s.c.r.netty.NettyClientChannelManager  : no available service found in cluster 'default', please make sure registry config correct and keep your seata server running
15:11:16:013 ERROR 1680 --- [timeoutChecker_1_1] i.s.c.r.netty.NettyClientChannelManager  : no available service found in cluster 'default', please make sure registry config correct and keep your seata server running
15:11:16:725 ERROR 1680 --- [timeoutChecker_2_1] i.s.c.r.netty.NettyClientChannelManager  : no available service found in cluster 'default', please make sure registry config correct and keep your seata server running
15:11:26:016 ERROR 1680 --- [timeoutChecker_1_1] i.s.c.r.netty.NettyClientChannelManager  : no available service found in cluster 'default', please make sure registry config correct and keep your seata server running
15:11:26:720 ERROR 1680 --- [timeoutChecker_2_1] i.s.c.r.netty.NettyClientChannelManager  : no available service found in cluster 'default', please make sure registry config correct and keep your seata server running
15:11:36:010 ERROR 1680 --- [timeoutChecker_1_1] i.s.c.r.netty.NettyClientChannelManager  : no available service found in cluster 'default', please make sure registry config correct and keep your seata server running
15:11:36:718 ERROR 1680 --- [timeoutChecker_2_1] i.s.c.r.netty.NettyClientChannelManager  : no available service found in cluster 'default', please make sure registry config correct and keep your seata server running
15:11:46:008 ERROR 1680 --- [timeoutChecker_1_1] i.s.c.r.netty.NettyClientChannelManager  : no available service found in cluster 'default', please make sure registry config correct and keep your seata server running
15:11:46:727 ERROR 1680 --- [timeoutChecker_2_1] i.s.c.r.netty.NettyClientChannelManager  : no available service found in cluster 'default', please make sure registry config correct and keep your seata server running
15:11:56:014 ERROR 1680 --- [timeoutChecker_1_1] i.s.c.r.netty.NettyClientChannelManager  : no available service found in cluster 'default', please make sure registry config correct and keep your seata server running
15:11:56:722 ERROR 1680 --- [timeoutChecker_2_1] i.s.c.r.netty.NettyClientChannelManager  : no available service found in cluster 'default', please make sure registry config correct and keep your seata server running
15:12:06:005 ERROR 1680 --- [timeoutChecker_1_1] i.s.c.r.netty.NettyClientChannelManager  : no available service found in cluster 'default', please make sure registry config correct and keep your seata server running
15:12:06:724 ERROR 1680 --- [timeoutChecker_2_1] i.s.c.r.netty.NettyClientChannelManager  : no available service found in cluster 'default', please make sure registry config correct and keep your seata server running
15:12:16:017 ERROR 1680 --- [timeoutChecker_1_1] i.s.c.r.netty.NettyClientChannelManager  : no available service found in cluster 'default', please make sure registry config correct and keep your seata server running
15:12:16:725 ERROR 1680 --- [timeoutChecker_2_1] i.s.c.r.netty.NettyClientChannelManager  : no available service found in cluster 'default', please make sure registry config correct and keep your seata server running
15:12:26:003 ERROR 1680 --- [timeoutChecker_1_1] i.s.c.r.netty.NettyClientChannelManager  : no available service found in cluster 'default', please make sure registry config correct and keep your seata server running
15:12:26:724 ERROR 1680 --- [timeoutChecker_2_1] i.s.c.r.netty.NettyClientChannelManager  : no available service found in cluster 'default', please make sure registry config correct and keep your seata server running
15:12:36:005 ERROR 1680 --- [timeoutChecker_1_1] i.s.c.r.netty.NettyClientChannelManager  : no available service found in cluster 'default', please make sure registry config correct and keep your seata server running
15:12:36:723 ERROR 1680 --- [timeoutChecker_2_1] i.s.c.r.netty.NettyClientChannelManager  : no available service found in cluster 'default', please make sure registry config correct and keep your seata server running
15:12:46:015 ERROR 1680 --- [timeoutChecker_1_1] i.s.c.r.netty.NettyClientChannelManager  : no available service found in cluster 'default', please make sure registry config correct and keep your seata server running
15:12:46:717 ERROR 1680 --- [timeoutChecker_2_1] i.s.c.r.netty.NettyClientChannelManager  : no available service found in cluster 'default', please make sure registry config correct and keep your seata server running
15:12:56:020 ERROR 1680 --- [timeoutChecker_1_1] i.s.c.r.netty.NettyClientChannelManager  : no available service found in cluster 'default', please make sure registry config correct and keep your seata server running
15:12:56:722 ERROR 1680 --- [timeoutChecker_2_1] i.s.c.r.netty.NettyClientChannelManager  : no available service found in cluster 'default', please make sure registry config correct and keep your seata server running
15:13:06:011 ERROR 1680 --- [timeoutChecker_1_1] i.s.c.r.netty.NettyClientChannelManager  : no available service found in cluster 'default', please make sure registry config correct and keep your seata server running
15:13:06:724 ERROR 1680 --- [timeoutChecker_2_1] i.s.c.r.netty.NettyClientChannelManager  : no available service found in cluster 'default', please make sure registry config correct and keep your seata server running
15:13:16:003 ERROR 1680 --- [timeoutChecker_1_1] i.s.c.r.netty.NettyClientChannelManager  : no available service found in cluster 'default', please make sure registry config correct and keep your seata server running
15:13:16:712 ERROR 1680 --- [timeoutChecker_2_1] i.s.c.r.netty.NettyClientChannelManager  : no available service found in cluster 'default', please make sure registry config correct and keep your seata server running
15:13:26:010 ERROR 1680 --- [timeoutChecker_1_1] i.s.c.r.netty.NettyClientChannelManager  : no available service found in cluster 'default', please make sure registry config correct and keep your seata server running
15:13:26:715 ERROR 1680 --- [timeoutChecker_2_1] i.s.c.r.netty.NettyClientChannelManager  : no available service found in cluster 'default', please make sure registry config correct and keep your seata server running
15:13:36:010 ERROR 1680 --- [timeoutChecker_1_1] i.s.c.r.netty.NettyClientChannelManager  : no available service found in cluster 'default', please make sure registry config correct and keep your seata server running
15:13:36:812 ERROR 1680 --- [timeoutChecker_2_1] i.s.c.r.netty.NettyClientChannelManager  : no available service found in cluster 'default', please make sure registry config correct and keep your seata server running
15:13:46:003 ERROR 1680 --- [timeoutChecker_1_1] i.s.c.r.netty.NettyClientChannelManager  : no available service found in cluster 'default', please make sure registry config correct and keep your seata server running
15:13:46:725 ERROR 1680 --- [timeoutChecker_2_1] i.s.c.r.netty.NettyClientChannelManager  : no available service found in cluster 'default', please make sure registry config correct and keep your seata server running
15:13:56:018 ERROR 1680 --- [timeoutChecker_1_1] i.s.c.r.netty.NettyClientChannelManager  : no available service found in cluster 'default', please make sure registry config correct and keep your seata server running
15:13:56:712 ERROR 1680 --- [timeoutChecker_2_1] i.s.c.r.netty.NettyClientChannelManager  : no available service found in cluster 'default', please make sure registry config correct and keep your seata server running
15:14:06:006 ERROR 1680 --- [timeoutChecker_1_1] i.s.c.r.netty.NettyClientChannelManager  : no available service found in cluster 'default', please make sure registry config correct and keep your seata server running
15:14:06:722 ERROR 1680 --- [timeoutChecker_2_1] i.s.c.r.netty.NettyClientChannelManager  : no available service found in cluster 'default', please make sure registry config correct and keep your seata server running
15:14:16:008 ERROR 1680 --- [timeoutChecker_1_1] i.s.c.r.netty.NettyClientChannelManager  : no available service found in cluster 'default', please make sure registry config correct and keep your seata server running
15:14:16:715 ERROR 1680 --- [timeoutChecker_2_1] i.s.c.r.netty.NettyClientChannelManager  : no available service found in cluster 'default', please make sure registry config correct and keep your seata server running
15:14:26:014 ERROR 1680 --- [timeoutChecker_1_1] i.s.c.r.netty.NettyClientChannelManager  : no available service found in cluster 'default', please make sure registry config correct and keep your seata server running
15:14:26:713 ERROR 1680 --- [timeoutChecker_2_1] i.s.c.r.netty.NettyClientChannelManager  : no available service found in cluster 'default', please make sure registry config correct and keep your seata server running
15:14:36:008 ERROR 1680 --- [timeoutChecker_1_1] i.s.c.r.netty.NettyClientChannelManager  : no available service found in cluster 'default', please make sure registry config correct and keep your seata server running
15:14:36:720 ERROR 1680 --- [timeoutChecker_2_1] i.s.c.r.netty.NettyClientChannelManager  : no available service found in cluster 'default', please make sure registry config correct and keep your seata server running
15:14:46:014 ERROR 1680 --- [timeoutChecker_1_1] i.s.c.r.netty.NettyClientChannelManager  : no available service found in cluster 'default', please make sure registry config correct and keep your seata server running
15:14:46:717 ERROR 1680 --- [timeoutChecker_2_1] i.s.c.r.netty.NettyClientChannelManager  : no available service found in cluster 'default', please make sure registry config correct and keep your seata server running
15:14:56:049 ERROR 1680 --- [timeoutChecker_1_1] i.s.c.r.netty.NettyClientChannelManager  : no available service found in cluster 'default', please make sure registry config correct and keep your seata server running
15:14:56:726 ERROR 1680 --- [timeoutChecker_2_1] i.s.c.r.netty.NettyClientChannelManager  : no available service found in cluster 'default', please make sure registry config correct and keep your seata server running
15:15:06:009 ERROR 1680 --- [timeoutChecker_1_1] i.s.c.r.netty.NettyClientChannelManager  : no available service found in cluster 'default', please make sure registry config correct and keep your seata server running
15:15:06:713 ERROR 1680 --- [timeoutChecker_2_1] i.s.c.r.netty.NettyClientChannelManager  : no available service found in cluster 'default', please make sure registry config correct and keep your seata server running
15:15:16:015 ERROR 1680 --- [timeoutChecker_1_1] i.s.c.r.netty.NettyClientChannelManager  : no available service found in cluster 'default', please make sure registry config correct and keep your seata server running
15:15:16:717 ERROR 1680 --- [timeoutChecker_2_1] i.s.c.r.netty.NettyClientChannelManager  : no available service found in cluster 'default', please make sure registry config correct and keep your seata server running
15:15:26:100 ERROR 1680 --- [timeoutChecker_1_1] i.s.c.r.netty.NettyClientChannelManager  : no available service found in cluster 'default', please make sure registry config correct and keep your seata server running
15:15:26:714 ERROR 1680 --- [timeoutChecker_2_1] i.s.c.r.netty.NettyClientChannelManager  : no available service found in cluster 'default', please make sure registry config correct and keep your seata server running
15:15:36:005 ERROR 1680 --- [timeoutChecker_1_1] i.s.c.r.netty.NettyClientChannelManager  : no available service found in cluster 'default', please make sure registry config correct and keep your seata server running
15:15:36:725 ERROR 1680 --- [timeoutChecker_2_1] i.s.c.r.netty.NettyClientChannelManager  : no available service found in cluster 'default', please make sure registry config correct and keep your seata server running
15:15:46:004 ERROR 1680 --- [timeoutChecker_1_1] i.s.c.r.netty.NettyClientChannelManager  : no available service found in cluster 'default', please make sure registry config correct and keep your seata server running
15:15:46:722 ERROR 1680 --- [timeoutChecker_2_1] i.s.c.r.netty.NettyClientChannelManager  : no available service found in cluster 'default', please make sure registry config correct and keep your seata server running
15:15:56:016 ERROR 1680 --- [timeoutChecker_1_1] i.s.c.r.netty.NettyClientChannelManager  : no available service found in cluster 'default', please make sure registry config correct and keep your seata server running
15:15:56:713 ERROR 1680 --- [timeoutChecker_2_1] i.s.c.r.netty.NettyClientChannelManager  : no available service found in cluster 'default', please make sure registry config correct and keep your seata server running
15:16:06:004 ERROR 1680 --- [timeoutChecker_1_1] i.s.c.r.netty.NettyClientChannelManager  : no available service found in cluster 'default', please make sure registry config correct and keep your seata server running
15:16:06:718 ERROR 1680 --- [timeoutChecker_2_1] i.s.c.r.netty.NettyClientChannelManager  : no available service found in cluster 'default', please make sure registry config correct and keep your seata server running
15:16:16:018 ERROR 1680 --- [timeoutChecker_1_1] i.s.c.r.netty.NettyClientChannelManager  : no available service found in cluster 'default', please make sure registry config correct and keep your seata server running
15:16:16:725 ERROR 1680 --- [timeoutChecker_2_1] i.s.c.r.netty.NettyClientChannelManager  : no available service found in cluster 'default', please make sure registry config correct and keep your seata server running
15:16:26:006 ERROR 1680 --- [timeoutChecker_1_1] i.s.c.r.netty.NettyClientChannelManager  : no available service found in cluster 'default', please make sure registry config correct and keep your seata server running
15:16:26:716 ERROR 1680 --- [timeoutChecker_2_1] i.s.c.r.netty.NettyClientChannelManager  : no available service found in cluster 'default', please make sure registry config correct and keep your seata server running
15:16:36:017 ERROR 1680 --- [timeoutChecker_1_1] i.s.c.r.netty.NettyClientChannelManager  : no available service found in cluster 'default', please make sure registry config correct and keep your seata server running
15:16:36:717 ERROR 1680 --- [timeoutChecker_2_1] i.s.c.r.netty.NettyClientChannelManager  : no available service found in cluster 'default', please make sure registry config correct and keep your seata server running
15:16:46:016 ERROR 1680 --- [timeoutChecker_1_1] i.s.c.r.netty.NettyClientChannelManager  : no available service found in cluster 'default', please make sure registry config correct and keep your seata server running
15:16:46:719 ERROR 1680 --- [timeoutChecker_2_1] i.s.c.r.netty.NettyClientChannelManager  : no available service found in cluster 'default', please make sure registry config correct and keep your seata server running
15:16:56:039 ERROR 1680 --- [timeoutChecker_1_1] i.s.c.r.netty.NettyClientChannelManager  : no available service found in cluster 'default', please make sure registry config correct and keep your seata server running
15:16:56:729 ERROR 1680 --- [timeoutChecker_2_1] i.s.c.r.netty.NettyClientChannelManager  : no available service found in cluster 'default', please make sure registry config correct and keep your seata server running
15:17:06:012 ERROR 1680 --- [timeoutChecker_1_1] i.s.c.r.netty.NettyClientChannelManager  : no available service found in cluster 'default', please make sure registry config correct and keep your seata server running
15:17:06:781 ERROR 1680 --- [timeoutChecker_2_1] i.s.c.r.netty.NettyClientChannelManager  : no available service found in cluster 'default', please make sure registry config correct and keep your seata server running
15:17:16:009 ERROR 1680 --- [timeoutChecker_1_1] i.s.c.r.netty.NettyClientChannelManager  : no available service found in cluster 'default', please make sure registry config correct and keep your seata server running
15:17:16:712 ERROR 1680 --- [timeoutChecker_2_1] i.s.c.r.netty.NettyClientChannelManager  : no available service found in cluster 'default', please make sure registry config correct and keep your seata server running
15:17:26:013 ERROR 1680 --- [timeoutChecker_1_1] i.s.c.r.netty.NettyClientChannelManager  : no available service found in cluster 'default', please make sure registry config correct and keep your seata server running
15:17:26:717 ERROR 1680 --- [timeoutChecker_2_1] i.s.c.r.netty.NettyClientChannelManager  : no available service found in cluster 'default', please make sure registry config correct and keep your seata server running
15:17:36:017 ERROR 1680 --- [timeoutChecker_1_1] i.s.c.r.netty.NettyClientChannelManager  : no available service found in cluster 'default', please make sure registry config correct and keep your seata server running
15:17:36:717 ERROR 1680 --- [timeoutChecker_2_1] i.s.c.r.netty.NettyClientChannelManager  : no available service found in cluster 'default', please make sure registry config correct and keep your seata server running
15:17:46:018 ERROR 1680 --- [timeoutChecker_1_1] i.s.c.r.netty.NettyClientChannelManager  : no available service found in cluster 'default', please make sure registry config correct and keep your seata server running
15:17:46:726 ERROR 1680 --- [timeoutChecker_2_1] i.s.c.r.netty.NettyClientChannelManager  : no available service found in cluster 'default', please make sure registry config correct and keep your seata server running
15:17:56:014 ERROR 1680 --- [timeoutChecker_1_1] i.s.c.r.netty.NettyClientChannelManager  : no available service found in cluster 'default', please make sure registry config correct and keep your seata server running
15:17:56:723 ERROR 1680 --- [timeoutChecker_2_1] i.s.c.r.netty.NettyClientChannelManager  : no available service found in cluster 'default', please make sure registry config correct and keep your seata server running
15:18:06:016 ERROR 1680 --- [timeoutChecker_1_1] i.s.c.r.netty.NettyClientChannelManager  : no available service found in cluster 'default', please make sure registry config correct and keep your seata server running
15:18:06:725 ERROR 1680 --- [timeoutChecker_2_1] i.s.c.r.netty.NettyClientChannelManager  : no available service found in cluster 'default', please make sure registry config correct and keep your seata server running
15:18:16:011 ERROR 1680 --- [timeoutChecker_1_1] i.s.c.r.netty.NettyClientChannelManager  : no available service found in cluster 'default', please make sure registry config correct and keep your seata server running
15:18:16:731 ERROR 1680 --- [timeoutChecker_2_1] i.s.c.r.netty.NettyClientChannelManager  : no available service found in cluster 'default', please make sure registry config correct and keep your seata server running
15:18:26:014 ERROR 1680 --- [timeoutChecker_1_1] i.s.c.r.netty.NettyClientChannelManager  : no available service found in cluster 'default', please make sure registry config correct and keep your seata server running
15:18:26:724 ERROR 1680 --- [timeoutChecker_2_1] i.s.c.r.netty.NettyClientChannelManager  : no available service found in cluster 'default', please make sure registry config correct and keep your seata server running
15:18:36:023 ERROR 1680 --- [timeoutChecker_1_1] i.s.c.r.netty.NettyClientChannelManager  : no available service found in cluster 'default', please make sure registry config correct and keep your seata server running
15:18:36:721 ERROR 1680 --- [timeoutChecker_2_1] i.s.c.r.netty.NettyClientChannelManager  : no available service found in cluster 'default', please make sure registry config correct and keep your seata server running
15:18:46:008 ERROR 1680 --- [timeoutChecker_1_1] i.s.c.r.netty.NettyClientChannelManager  : no available service found in cluster 'default', please make sure registry config correct and keep your seata server running
15:18:46:724 ERROR 1680 --- [timeoutChecker_2_1] i.s.c.r.netty.NettyClientChannelManager  : no available service found in cluster 'default', please make sure registry config correct and keep your seata server running
15:18:56:009 ERROR 1680 --- [timeoutChecker_1_1] i.s.c.r.netty.NettyClientChannelManager  : no available service found in cluster 'default', please make sure registry config correct and keep your seata server running
15:18:56:718 ERROR 1680 --- [timeoutChecker_2_1] i.s.c.r.netty.NettyClientChannelManager  : no available service found in cluster 'default', please make sure registry config correct and keep your seata server running
15:19:06:015 ERROR 1680 --- [timeoutChecker_1_1] i.s.c.r.netty.NettyClientChannelManager  : no available service found in cluster 'default', please make sure registry config correct and keep your seata server running
15:19:06:715 ERROR 1680 --- [timeoutChecker_2_1] i.s.c.r.netty.NettyClientChannelManager  : no available service found in cluster 'default', please make sure registry config correct and keep your seata server running
15:19:16:010 ERROR 1680 --- [timeoutChecker_1_1] i.s.c.r.netty.NettyClientChannelManager  : no available service found in cluster 'default', please make sure registry config correct and keep your seata server running
15:19:16:712 ERROR 1680 --- [timeoutChecker_2_1] i.s.c.r.netty.NettyClientChannelManager  : no available service found in cluster 'default', please make sure registry config correct and keep your seata server running
15:19:26:012 ERROR 1680 --- [timeoutChecker_1_1] i.s.c.r.netty.NettyClientChannelManager  : no available service found in cluster 'default', please make sure registry config correct and keep your seata server running
15:19:26:719 ERROR 1680 --- [timeoutChecker_2_1] i.s.c.r.netty.NettyClientChannelManager  : no available service found in cluster 'default', please make sure registry config correct and keep your seata server running
15:19:36:004 ERROR 1680 --- [timeoutChecker_1_1] i.s.c.r.netty.NettyClientChannelManager  : no available service found in cluster 'default', please make sure registry config correct and keep your seata server running
15:19:36:722 ERROR 1680 --- [timeoutChecker_2_1] i.s.c.r.netty.NettyClientChannelManager  : no available service found in cluster 'default', please make sure registry config correct and keep your seata server running
15:19:46:005 ERROR 1680 --- [timeoutChecker_1_1] i.s.c.r.netty.NettyClientChannelManager  : no available service found in cluster 'default', please make sure registry config correct and keep your seata server running
15:19:46:715 ERROR 1680 --- [timeoutChecker_2_1] i.s.c.r.netty.NettyClientChannelManager  : no available service found in cluster 'default', please make sure registry config correct and keep your seata server running
15:19:56:050 ERROR 1680 --- [timeoutChecker_1_1] i.s.c.r.netty.NettyClientChannelManager  : no available service found in cluster 'default', please make sure registry config correct and keep your seata server running
15:19:56:724 ERROR 1680 --- [timeoutChecker_2_1] i.s.c.r.netty.NettyClientChannelManager  : no available service found in cluster 'default', please make sure registry config correct and keep your seata server running
15:20:06:028 ERROR 1680 --- [timeoutChecker_1_1] i.s.c.r.netty.NettyClientChannelManager  : no available service found in cluster 'default', please make sure registry config correct and keep your seata server running
15:20:06:715 ERROR 1680 --- [timeoutChecker_2_1] i.s.c.r.netty.NettyClientChannelManager  : no available service found in cluster 'default', please make sure registry config correct and keep your seata server running
15:20:16:014 ERROR 1680 --- [timeoutChecker_1_1] i.s.c.r.netty.NettyClientChannelManager  : no available service found in cluster 'default', please make sure registry config correct and keep your seata server running
15:20:16:713 ERROR 1680 --- [timeoutChecker_2_1] i.s.c.r.netty.NettyClientChannelManager  : no available service found in cluster 'default', please make sure registry config correct and keep your seata server running
15:20:26:009 ERROR 1680 --- [timeoutChecker_1_1] i.s.c.r.netty.NettyClientChannelManager  : no available service found in cluster 'default', please make sure registry config correct and keep your seata server running
15:20:26:726 ERROR 1680 --- [timeoutChecker_2_1] i.s.c.r.netty.NettyClientChannelManager  : no available service found in cluster 'default', please make sure registry config correct and keep your seata server running
15:20:36:007 ERROR 1680 --- [timeoutChecker_1_1] i.s.c.r.netty.NettyClientChannelManager  : no available service found in cluster 'default', please make sure registry config correct and keep your seata server running
15:20:36:726 ERROR 1680 --- [timeoutChecker_2_1] i.s.c.r.netty.NettyClientChannelManager  : no available service found in cluster 'default', please make sure registry config correct and keep your seata server running
15:20:46:014 ERROR 1680 --- [timeoutChecker_1_1] i.s.c.r.netty.NettyClientChannelManager  : no available service found in cluster 'default', please make sure registry config correct and keep your seata server running
15:20:46:718 ERROR 1680 --- [timeoutChecker_2_1] i.s.c.r.netty.NettyClientChannelManager  : no available service found in cluster 'default', please make sure registry config correct and keep your seata server running
15:20:56:004 ERROR 1680 --- [timeoutChecker_1_1] i.s.c.r.netty.NettyClientChannelManager  : no available service found in cluster 'default', please make sure registry config correct and keep your seata server running
15:20:56:721 ERROR 1680 --- [timeoutChecker_2_1] i.s.c.r.netty.NettyClientChannelManager  : no available service found in cluster 'default', please make sure registry config correct and keep your seata server running
15:21:06:003 ERROR 1680 --- [timeoutChecker_1_1] i.s.c.r.netty.NettyClientChannelManager  : no available service found in cluster 'default', please make sure registry config correct and keep your seata server running
15:21:06:719 ERROR 1680 --- [timeoutChecker_2_1] i.s.c.r.netty.NettyClientChannelManager  : no available service found in cluster 'default', please make sure registry config correct and keep your seata server running
15:21:16:018 ERROR 1680 --- [timeoutChecker_1_1] i.s.c.r.netty.NettyClientChannelManager  : no available service found in cluster 'default', please make sure registry config correct and keep your seata server running
15:21:16:721 ERROR 1680 --- [timeoutChecker_2_1] i.s.c.r.netty.NettyClientChannelManager  : no available service found in cluster 'default', please make sure registry config correct and keep your seata server running
15:21:26:016 ERROR 1680 --- [timeoutChecker_1_1] i.s.c.r.netty.NettyClientChannelManager  : no available service found in cluster 'default', please make sure registry config correct and keep your seata server running
15:21:26:722 ERROR 1680 --- [timeoutChecker_2_1] i.s.c.r.netty.NettyClientChannelManager  : no available service found in cluster 'default', please make sure registry config correct and keep your seata server running
15:21:36:226 ERROR 1680 --- [timeoutChecker_1_1] i.s.c.r.netty.NettyClientChannelManager  : no available service found in cluster 'default', please make sure registry config correct and keep your seata server running
15:21:36:719 ERROR 1680 --- [timeoutChecker_2_1] i.s.c.r.netty.NettyClientChannelManager  : no available service found in cluster 'default', please make sure registry config correct and keep your seata server running
15:21:46:044 ERROR 1680 --- [timeoutChecker_1_1] i.s.c.r.netty.NettyClientChannelManager  : no available service found in cluster 'default', please make sure registry config correct and keep your seata server running
15:21:46:719 ERROR 1680 --- [timeoutChecker_2_1] i.s.c.r.netty.NettyClientChannelManager  : no available service found in cluster 'default', please make sure registry config correct and keep your seata server running
15:21:56:007 ERROR 1680 --- [timeoutChecker_1_1] i.s.c.r.netty.NettyClientChannelManager  : no available service found in cluster 'default', please make sure registry config correct and keep your seata server running
15:21:56:720 ERROR 1680 --- [timeoutChecker_2_1] i.s.c.r.netty.NettyClientChannelManager  : no available service found in cluster 'default', please make sure registry config correct and keep your seata server running
15:22:06:004 ERROR 1680 --- [timeoutChecker_1_1] i.s.c.r.netty.NettyClientChannelManager  : no available service found in cluster 'default', please make sure registry config correct and keep your seata server running
15:22:06:717 ERROR 1680 --- [timeoutChecker_2_1] i.s.c.r.netty.NettyClientChannelManager  : no available service found in cluster 'default', please make sure registry config correct and keep your seata server running
15:22:16:017 ERROR 1680 --- [timeoutChecker_1_1] i.s.c.r.netty.NettyClientChannelManager  : no available service found in cluster 'default', please make sure registry config correct and keep your seata server running
15:22:16:714 ERROR 1680 --- [timeoutChecker_2_1] i.s.c.r.netty.NettyClientChannelManager  : no available service found in cluster 'default', please make sure registry config correct and keep your seata server running
15:22:26:015 ERROR 1680 --- [timeoutChecker_1_1] i.s.c.r.netty.NettyClientChannelManager  : no available service found in cluster 'default', please make sure registry config correct and keep your seata server running
15:22:26:726 ERROR 1680 --- [timeoutChecker_2_1] i.s.c.r.netty.NettyClientChannelManager  : no available service found in cluster 'default', please make sure registry config correct and keep your seata server running
15:22:36:013 ERROR 1680 --- [timeoutChecker_1_1] i.s.c.r.netty.NettyClientChannelManager  : no available service found in cluster 'default', please make sure registry config correct and keep your seata server running
15:22:36:716 ERROR 1680 --- [timeoutChecker_2_1] i.s.c.r.netty.NettyClientChannelManager  : no available service found in cluster 'default', please make sure registry config correct and keep your seata server running
15:22:45:611  WARN 1680 --- [Thread-1] c.a.n.common.http.HttpClientBeanHolder   : [HttpClientBeanHolder] Start destroying common HttpClient
15:22:45:611  WARN 1680 --- [Thread-5] c.a.nacos.common.notify.NotifyCenter     : [NotifyCenter] Start destroying Publisher
15:22:45:627  WARN 1680 --- [Thread-5] c.a.nacos.common.notify.NotifyCenter     : [NotifyCenter] Destruction of the end
15:22:45:767  WARN 1680 --- [Thread-1] c.a.n.common.http.HttpClientBeanHolder   : [HttpClientBeanHolder] Destruction of the end
15:22:46:008 ERROR 1680 --- [timeoutChecker_1_1] i.s.c.r.netty.NettyClientChannelManager  : no available service found in cluster 'default', please make sure registry config correct and keep your seata server running
15:22:46:711 ERROR 1680 --- [timeoutChecker_2_1] i.s.c.r.netty.NettyClientChannelManager  : no available service found in cluster 'default', please make sure registry config correct and keep your seata server running
15:22:46:944  INFO 1680 --- [SpringContextShutdownHook] c.a.c.n.registry.NacosServiceRegistry    : De-registering from Nacos Server now...
15:22:46:961  INFO 1680 --- [SpringContextShutdownHook] c.a.c.n.registry.NacosServiceRegistry    : De-registration finished.
15:22:47:306  INFO 1680 --- [SpringContextShutdownHook] com.alibaba.nacos.common.remote.client   : Shutdown rpc client, set status to shutdown
15:22:47:309  INFO 1680 --- [SpringContextShutdownHook] com.alibaba.nacos.common.remote.client   : Shutdown client event executor java.util.concurrent.ScheduledThreadPoolExecutor@1c818210[Running, pool size = 2, active threads = 2, queued tasks = 0, completed tasks = 0]
15:22:47:310  INFO 1680 --- [SpringContextShutdownHook] com.alibaba.nacos.common.remote.client   : Close current connection 1715151560937_192.168.58.1_3030
15:22:47:322  INFO 1680 --- [nacos-grpc-client-executor-322] c.a.n.c.remote.client.grpc.GrpcClient    : [1715151560937_192.168.58.1_3030]Ignore complete event,isRunning:false,isAbandon=false
15:22:47:339  INFO 1680 --- [SpringContextShutdownHook] c.a.n.c.remote.client.grpc.GrpcClient    : Shutdown grpc executor java.util.concurrent.ThreadPoolExecutor@1f545510[Running, pool size = 4, active threads = 0, queued tasks = 0, completed tasks = 323]
15:22:47:375  INFO 1680 --- [SpringContextShutdownHook] com.zaxxer.hikari.HikariDataSource       : HikariPool-1 - Shutdown initiated...
15:22:47:669  INFO 1680 --- [SpringContextShutdownHook] com.zaxxer.hikari.HikariDataSource       : HikariPool-1 - Shutdown completed.
