08:35:44:727  INFO 11516 --- [main] com.hmall.user.UserApplication           : Starting UserApplication using Java 17.0.6 on WIN-I0IUI0L6MJS with PID 11516 (D:\ideaworkspace\hmall\user-service\target\classes started by Administrator in D:\ideaworkspace\hmall)
08:35:44:735 DEBUG 11516 --- [main] com.hmall.user.UserApplication           : Running with Spring Boot v2.7.12, Spring v5.3.27
08:35:44:736  INFO 11516 --- [main] com.hmall.user.UserApplication           : The following 1 profile is active: "dev"
08:35:46:434  INFO 11516 --- [main] o.s.cloud.context.scope.GenericScope     : BeanFactory id=c84af717-a19d-34c5-ba5a-cf2bbbf28a33
08:35:47:208  INFO 11516 --- [main] o.s.b.w.embedded.tomcat.TomcatWebServer  : Tomcat initialized with port(s): 8083 (http)
08:35:47:251  INFO 11516 --- [main] o.apache.catalina.core.StandardService   : Starting service [Tomcat]
08:35:47:251  INFO 11516 --- [main] org.apache.catalina.core.StandardEngine  : Starting Servlet engine: [Apache Tomcat/9.0.75]
08:35:47:547  INFO 11516 --- [main] o.a.c.c.C.[Tomcat].[localhost].[/]       : Initializing Spring embedded WebApplicationContext
08:35:47:547  INFO 11516 --- [main] w.s.c.ServletWebServerApplicationContext : Root WebApplicationContext: initialization completed in 2725 ms
08:35:48:286  WARN 11516 --- [main] c.b.m.e.s.MybatisSqlSessionFactoryBean   : Can't find class in '[com.hmall.common.enums]' package. Please check your configuration.
08:35:51:406  INFO 11516 --- [main] o.s.cloud.commons.util.InetUtils         : Cannot determine local hostname
08:35:51:449  INFO 11516 --- [main] pertySourcedRequestMappingHandlerMapping : Mapped URL path [/v2/api-docs] onto method [springfox.documentation.swagger2.web.Swagger2ControllerWebMvc#getDocumentation(String, HttpServletRequest)]
08:35:52:894  INFO 11516 --- [main] o.s.cloud.commons.util.InetUtils         : Cannot determine local hostname
08:35:53:187  INFO 11516 --- [main] com.alibaba.nacos.common.remote.client   : [RpcClientFactory] create a new rpc client of bb36e6d8-094b-4b17-bb12-fc0c4c92c70c
08:35:53:324  INFO 11516 --- [main] org.reflections.Reflections              : Reflections took 47 ms to scan 1 urls, producing 3 keys and 6 values 
08:35:53:370  INFO 11516 --- [main] org.reflections.Reflections              : Reflections took 19 ms to scan 1 urls, producing 4 keys and 9 values 
08:35:53:391  INFO 11516 --- [main] org.reflections.Reflections              : Reflections took 17 ms to scan 1 urls, producing 3 keys and 10 values 
08:35:53:397  WARN 11516 --- [main] org.reflections.Reflections              : given scan urls are empty. set urls in the configuration
08:35:53:424  INFO 11516 --- [main] org.reflections.Reflections              : Reflections took 25 ms to scan 1 urls, producing 1 keys and 5 values 
08:35:53:438  INFO 11516 --- [main] org.reflections.Reflections              : Reflections took 11 ms to scan 1 urls, producing 1 keys and 7 values 
08:35:53:452  INFO 11516 --- [main] org.reflections.Reflections              : Reflections took 10 ms to scan 1 urls, producing 2 keys and 8 values 
08:35:53:456  WARN 11516 --- [main] org.reflections.Reflections              : given scan urls are empty. set urls in the configuration
08:35:53:457  INFO 11516 --- [main] com.alibaba.nacos.common.remote.client   : [bb36e6d8-094b-4b17-bb12-fc0c4c92c70c] RpcClient init label, labels = {module=naming, source=sdk}
08:35:53:469  INFO 11516 --- [main] com.alibaba.nacos.common.remote.client   : [bb36e6d8-094b-4b17-bb12-fc0c4c92c70c] RpcClient init, ServerListFactory = com.alibaba.nacos.client.naming.core.ServerListManager
08:35:53:469  INFO 11516 --- [main] com.alibaba.nacos.common.remote.client   : [bb36e6d8-094b-4b17-bb12-fc0c4c92c70c] Registry connection listener to current client:com.alibaba.nacos.client.naming.remote.gprc.redo.NamingGrpcRedoService
08:35:53:470  INFO 11516 --- [main] com.alibaba.nacos.common.remote.client   : [bb36e6d8-094b-4b17-bb12-fc0c4c92c70c] Register server push request handler:com.alibaba.nacos.client.naming.remote.gprc.NamingPushRequestHandler
08:35:53:473  INFO 11516 --- [main] com.alibaba.nacos.common.remote.client   : [bb36e6d8-094b-4b17-bb12-fc0c4c92c70c] Try to connect to server on start up, server: {serverIp = '192.168.58.129', server main port = 8848}
08:35:55:818  INFO 11516 --- [main] com.alibaba.nacos.common.remote.client   : [bb36e6d8-094b-4b17-bb12-fc0c4c92c70c] Success to connect to server [192.168.58.129:8848] on start up, connectionId = 1714350959242_192.168.58.1_3337
08:35:55:837  INFO 11516 --- [com.alibaba.nacos.client.remote.worker] com.alibaba.nacos.common.remote.client   : [bb36e6d8-094b-4b17-bb12-fc0c4c92c70c] Notify connected event to listeners.
08:35:55:838  INFO 11516 --- [main] com.alibaba.nacos.common.remote.client   : [bb36e6d8-094b-4b17-bb12-fc0c4c92c70c] Register server push request handler:com.alibaba.nacos.common.remote.client.RpcClient$ConnectResetRequestHandler
08:35:55:838  INFO 11516 --- [main] com.alibaba.nacos.common.remote.client   : [bb36e6d8-094b-4b17-bb12-fc0c4c92c70c] Register server push request handler:com.alibaba.nacos.common.remote.client.RpcClient$$Lambda$977/0x00000008013ef758
08:35:56:051  INFO 11516 --- [main] o.s.b.w.embedded.tomcat.TomcatWebServer  : Tomcat started on port(s): 8083 (http) with context path ''
08:35:56:069  INFO 11516 --- [main] c.a.c.n.registry.NacosServiceRegistry    : nacos registry, DEFAULT_GROUP user-service 192.168.58.1:8083 register finished
08:35:56:483  INFO 11516 --- [nacos-grpc-client-executor-10] com.alibaba.nacos.common.remote.client   : [bb36e6d8-094b-4b17-bb12-fc0c4c92c70c] Receive server push request, request = NotifySubscriberRequest, requestId = 7
08:35:56:489  INFO 11516 --- [nacos-grpc-client-executor-10] com.alibaba.nacos.common.remote.client   : [bb36e6d8-094b-4b17-bb12-fc0c4c92c70c] Ack server push request, request = NotifySubscriberRequest, requestId = 7
08:35:57:484  INFO 11516 --- [main] o.s.cloud.commons.util.InetUtils         : Cannot determine local hostname
08:35:57:484  INFO 11516 --- [main] d.s.w.p.DocumentationPluginsBootstrapper : Documentation plugins bootstrapped
08:35:57:490  INFO 11516 --- [main] d.s.w.p.DocumentationPluginsBootstrapper : Found 1 custom documentation plugin(s)
08:35:57:521  INFO 11516 --- [main] s.d.s.w.s.ApiListingReferenceScanner     : Scanning for api listing references
08:35:57:668  INFO 11516 --- [main] com.hmall.user.UserApplication           : Started UserApplication in 15.355 seconds (JVM running for 16.638)
08:38:35:013  INFO 11516 --- [http-nio-8083-exec-1] o.a.c.c.C.[Tomcat].[localhost].[/]       : Initializing Spring DispatcherServlet 'dispatcherServlet'
08:38:35:017  INFO 11516 --- [http-nio-8083-exec-1] o.s.web.servlet.DispatcherServlet        : Initializing Servlet 'dispatcherServlet'
08:38:35:017  INFO 11516 --- [http-nio-8083-exec-1] o.s.web.servlet.DispatcherServlet        : Completed initialization in 0 ms
08:38:35:400  WARN 11516 --- [http-nio-8083-exec-1] c.b.m.c.t.support.ReflectLambdaMeta      : Unable to make field private final java.lang.Class java.lang.invoke.SerializedLambda.capturingClass accessible: module java.base does not "opens java.lang.invoke" to unnamed module @6302bbb1
08:38:35:432  INFO 11516 --- [http-nio-8083-exec-1] com.zaxxer.hikari.HikariDataSource       : HikariPool-1 - Starting...
08:38:37:222  INFO 11516 --- [http-nio-8083-exec-1] com.zaxxer.hikari.HikariDataSource       : HikariPool-1 - Start completed.
08:38:37:335 DEBUG 11516 --- [http-nio-8083-exec-1] c.h.user.mapper.UserMapper.selectList    : ==>  Preparing: SELECT id,username,password,phone,create_time,update_time,status,balance FROM user WHERE (username = ?)
08:38:37:488 DEBUG 11516 --- [http-nio-8083-exec-1] c.h.user.mapper.UserMapper.selectList    : ==> Parameters: jack(String)
08:38:37:844 DEBUG 11516 --- [http-nio-8083-exec-1] c.h.user.mapper.UserMapper.selectList    : <==      Total: 1
08:38:39:828 DEBUG 11516 --- [http-nio-8083-exec-2] c.h.user.mapper.UserMapper.selectList    : ==>  Preparing: SELECT id,username,password,phone,create_time,update_time,status,balance FROM user WHERE (username = ?)
08:38:39:829 DEBUG 11516 --- [http-nio-8083-exec-2] c.h.user.mapper.UserMapper.selectList    : ==> Parameters: jack(String)
08:38:39:831 DEBUG 11516 --- [http-nio-8083-exec-2] c.h.user.mapper.UserMapper.selectList    : <==      Total: 1
08:39:33:645 DEBUG 11516 --- [http-nio-8083-exec-3] c.h.u.mapper.AddressMapper.selectList    : ==>  Preparing: SELECT id,user_id,province,city,town,mobile,street,contact,is_default,notes FROM address WHERE (user_id = ?)
08:39:33:645 DEBUG 11516 --- [http-nio-8083-exec-3] c.h.u.mapper.AddressMapper.selectList    : ==> Parameters: 1(Long)
08:39:33:707 DEBUG 11516 --- [http-nio-8083-exec-3] c.h.u.mapper.AddressMapper.selectList    : <==      Total: 4
08:42:01:537 DEBUG 11516 --- [http-nio-8083-exec-5] c.h.u.mapper.AddressMapper.selectList    : ==>  Preparing: SELECT id,user_id,province,city,town,mobile,street,contact,is_default,notes FROM address WHERE (user_id = ?)
08:42:01:549 DEBUG 11516 --- [http-nio-8083-exec-5] c.h.u.mapper.AddressMapper.selectList    : ==> Parameters: 1(Long)
08:42:01:565 DEBUG 11516 --- [http-nio-8083-exec-5] c.h.u.mapper.AddressMapper.selectList    : <==      Total: 4
08:43:35:896  INFO 11516 --- [http-nio-8083-exec-7] c.h.user.service.impl.UserServiceImpl    : 开始扣款
08:43:35:919 DEBUG 11516 --- [http-nio-8083-exec-7] c.h.user.mapper.UserMapper.selectById    : ==>  Preparing: SELECT id,username,password,phone,create_time,update_time,status,balance FROM user WHERE id=?
08:43:35:919 DEBUG 11516 --- [http-nio-8083-exec-7] c.h.user.mapper.UserMapper.selectById    : ==> Parameters: 1(Long)
08:43:35:930 DEBUG 11516 --- [http-nio-8083-exec-7] c.h.user.mapper.UserMapper.selectById    : <==      Total: 1
08:43:36:056 DEBUG 11516 --- [http-nio-8083-exec-7] c.h.user.mapper.UserMapper.updateMoney   : ==>  Preparing: update user set balance = balance - 35400 where id = ?
08:43:36:056 DEBUG 11516 --- [http-nio-8083-exec-7] c.h.user.mapper.UserMapper.updateMoney   : ==> Parameters: 1(Long)
08:43:36:062 DEBUG 11516 --- [http-nio-8083-exec-7] c.h.user.mapper.UserMapper.updateMoney   : <==    Updates: 1
08:43:36:063  INFO 11516 --- [http-nio-8083-exec-7] c.h.user.service.impl.UserServiceImpl    : 扣款成功
08:59:13:092 DEBUG 11516 --- [http-nio-8083-exec-9] c.h.user.mapper.UserMapper.selectList    : ==>  Preparing: SELECT id,username,password,phone,create_time,update_time,status,balance FROM user WHERE (username = ?)
08:59:13:111 DEBUG 11516 --- [http-nio-8083-exec-9] c.h.user.mapper.UserMapper.selectList    : ==> Parameters: rose(String)
08:59:13:135 DEBUG 11516 --- [http-nio-8083-exec-9] c.h.user.mapper.UserMapper.selectList    : <==      Total: 1
08:59:38:319 DEBUG 11516 --- [http-nio-8083-exec-10] c.h.u.mapper.AddressMapper.selectList    : ==>  Preparing: SELECT id,user_id,province,city,town,mobile,street,contact,is_default,notes FROM address WHERE (user_id = ?)
08:59:38:321 DEBUG 11516 --- [http-nio-8083-exec-10] c.h.u.mapper.AddressMapper.selectList    : ==> Parameters: 2(Long)
08:59:38:324 DEBUG 11516 --- [http-nio-8083-exec-10] c.h.u.mapper.AddressMapper.selectList    : <==      Total: 0
09:15:54:398  WARN 11516 --- [Thread-4] c.a.nacos.common.notify.NotifyCenter     : [NotifyCenter] Start destroying Publisher
09:15:54:398  WARN 11516 --- [Thread-7] c.a.n.common.http.HttpClientBeanHolder   : [HttpClientBeanHolder] Start destroying common HttpClient
09:15:54:528  WARN 11516 --- [Thread-4] c.a.nacos.common.notify.NotifyCenter     : [NotifyCenter] Destruction of the end
09:15:54:595  WARN 11516 --- [Thread-7] c.a.n.common.http.HttpClientBeanHolder   : [HttpClientBeanHolder] Destruction of the end
09:15:56:974  INFO 11516 --- [SpringApplicationShutdownHook] c.a.c.n.registry.NacosServiceRegistry    : De-registering from Nacos Server now...
09:15:57:142  INFO 11516 --- [SpringApplicationShutdownHook] c.a.c.n.registry.NacosServiceRegistry    : De-registration finished.
09:15:58:154  INFO 11516 --- [nacos-grpc-client-executor-527] com.alibaba.nacos.common.remote.client   : [bb36e6d8-094b-4b17-bb12-fc0c4c92c70c] Receive server push request, request = NotifySubscriberRequest, requestId = 44
09:15:58:154  INFO 11516 --- [SpringApplicationShutdownHook] com.alibaba.nacos.common.remote.client   : Shutdown rpc client, set status to shutdown
09:15:58:161  INFO 11516 --- [SpringApplicationShutdownHook] com.alibaba.nacos.common.remote.client   : Shutdown client event executor java.util.concurrent.ScheduledThreadPoolExecutor@15f959b9[Running, pool size = 2, active threads = 2, queued tasks = 0, completed tasks = 0]
09:15:58:157  INFO 11516 --- [nacos-grpc-client-executor-527] com.alibaba.nacos.common.remote.client   : [bb36e6d8-094b-4b17-bb12-fc0c4c92c70c] Ack server push request, request = NotifySubscriberRequest, requestId = 44
09:15:58:165  INFO 11516 --- [SpringApplicationShutdownHook] com.alibaba.nacos.common.remote.client   : Close current connection 1714350959242_192.168.58.1_3337
09:15:58:228  INFO 11516 --- [nacos-grpc-client-executor-528] c.a.n.c.remote.client.grpc.GrpcClient    : [1714350959242_192.168.58.1_3337]Ignore complete event,isRunning:false,isAbandon=false
09:15:58:230  INFO 11516 --- [SpringApplicationShutdownHook] c.a.n.c.remote.client.grpc.GrpcClient    : Shutdown grpc executor java.util.concurrent.ThreadPoolExecutor@1918296c[Running, pool size = 6, active threads = 0, queued tasks = 0, completed tasks = 529]
09:15:58:240  INFO 11516 --- [SpringApplicationShutdownHook] com.zaxxer.hikari.HikariDataSource       : HikariPool-1 - Shutdown initiated...
09:15:58:420  INFO 11516 --- [SpringApplicationShutdownHook] com.zaxxer.hikari.HikariDataSource       : HikariPool-1 - Shutdown completed.
09:23:07:774  INFO 13016 --- [main] com.hmall.user.UserApplication           : Starting UserApplication using Java 17.0.6 on WIN-I0IUI0L6MJS with PID 13016 (D:\ideaworkspace\hmall\user-service\target\classes started by Administrator in D:\ideaworkspace\hmall)
09:23:07:792 DEBUG 13016 --- [main] com.hmall.user.UserApplication           : Running with Spring Boot v2.7.12, Spring v5.3.27
09:23:07:793  INFO 13016 --- [main] com.hmall.user.UserApplication           : The following 1 profile is active: "dev"
09:23:10:593  INFO 13016 --- [main] o.s.cloud.context.scope.GenericScope     : BeanFactory id=c84af717-a19d-34c5-ba5a-cf2bbbf28a33
09:23:12:040  INFO 13016 --- [main] o.s.b.w.embedded.tomcat.TomcatWebServer  : Tomcat initialized with port(s): 8083 (http)
09:23:12:084  INFO 13016 --- [main] o.apache.catalina.core.StandardService   : Starting service [Tomcat]
09:23:12:084  INFO 13016 --- [main] org.apache.catalina.core.StandardEngine  : Starting Servlet engine: [Apache Tomcat/9.0.75]
09:23:12:589  INFO 13016 --- [main] o.a.c.c.C.[Tomcat].[localhost].[/]       : Initializing Spring embedded WebApplicationContext
09:23:12:589  INFO 13016 --- [main] w.s.c.ServletWebServerApplicationContext : Root WebApplicationContext: initialization completed in 4641 ms
09:23:13:739  WARN 13016 --- [main] c.b.m.e.s.MybatisSqlSessionFactoryBean   : Can't find class in '[com.hmall.common.enums]' package. Please check your configuration.
09:23:18:417  INFO 13016 --- [main] o.s.cloud.commons.util.InetUtils         : Cannot determine local hostname
09:23:18:482  INFO 13016 --- [main] pertySourcedRequestMappingHandlerMapping : Mapped URL path [/v2/api-docs] onto method [springfox.documentation.swagger2.web.Swagger2ControllerWebMvc#getDocumentation(String, HttpServletRequest)]
09:23:19:967  INFO 13016 --- [main] o.s.cloud.commons.util.InetUtils         : Cannot determine local hostname
09:23:20:358  INFO 13016 --- [main] com.alibaba.nacos.common.remote.client   : [RpcClientFactory] create a new rpc client of 2742523c-15bc-4f75-abf1-413d1e4b075f
09:23:20:489  INFO 13016 --- [main] org.reflections.Reflections              : Reflections took 43 ms to scan 1 urls, producing 3 keys and 6 values 
09:23:20:536  INFO 13016 --- [main] org.reflections.Reflections              : Reflections took 20 ms to scan 1 urls, producing 4 keys and 9 values 
09:23:20:559  INFO 13016 --- [main] org.reflections.Reflections              : Reflections took 17 ms to scan 1 urls, producing 3 keys and 10 values 
09:23:20:563  WARN 13016 --- [main] org.reflections.Reflections              : given scan urls are empty. set urls in the configuration
09:23:20:586  INFO 13016 --- [main] org.reflections.Reflections              : Reflections took 15 ms to scan 1 urls, producing 1 keys and 5 values 
09:23:20:607  INFO 13016 --- [main] org.reflections.Reflections              : Reflections took 14 ms to scan 1 urls, producing 1 keys and 7 values 
09:23:20:629  INFO 13016 --- [main] org.reflections.Reflections              : Reflections took 16 ms to scan 1 urls, producing 2 keys and 8 values 
09:23:20:633  WARN 13016 --- [main] org.reflections.Reflections              : given scan urls are empty. set urls in the configuration
09:23:20:635  INFO 13016 --- [main] com.alibaba.nacos.common.remote.client   : [2742523c-15bc-4f75-abf1-413d1e4b075f] RpcClient init label, labels = {module=naming, source=sdk}
09:23:20:639  INFO 13016 --- [main] com.alibaba.nacos.common.remote.client   : [2742523c-15bc-4f75-abf1-413d1e4b075f] RpcClient init, ServerListFactory = com.alibaba.nacos.client.naming.core.ServerListManager
09:23:20:639  INFO 13016 --- [main] com.alibaba.nacos.common.remote.client   : [2742523c-15bc-4f75-abf1-413d1e4b075f] Registry connection listener to current client:com.alibaba.nacos.client.naming.remote.gprc.redo.NamingGrpcRedoService
09:23:20:640  INFO 13016 --- [main] com.alibaba.nacos.common.remote.client   : [2742523c-15bc-4f75-abf1-413d1e4b075f] Register server push request handler:com.alibaba.nacos.client.naming.remote.gprc.NamingPushRequestHandler
09:23:20:642  INFO 13016 --- [main] com.alibaba.nacos.common.remote.client   : [2742523c-15bc-4f75-abf1-413d1e4b075f] Try to connect to server on start up, server: {serverIp = '192.168.58.129', server main port = 8848}
09:23:24:410  INFO 13016 --- [main] com.alibaba.nacos.common.remote.client   : [2742523c-15bc-4f75-abf1-413d1e4b075f] Success to connect to server [192.168.58.129:8848] on start up, connectionId = 1714353807978_192.168.58.1_5601
09:23:24:431  INFO 13016 --- [com.alibaba.nacos.client.remote.worker] com.alibaba.nacos.common.remote.client   : [2742523c-15bc-4f75-abf1-413d1e4b075f] Notify connected event to listeners.
09:23:24:432  INFO 13016 --- [main] com.alibaba.nacos.common.remote.client   : [2742523c-15bc-4f75-abf1-413d1e4b075f] Register server push request handler:com.alibaba.nacos.common.remote.client.RpcClient$ConnectResetRequestHandler
09:23:24:432  INFO 13016 --- [main] com.alibaba.nacos.common.remote.client   : [2742523c-15bc-4f75-abf1-413d1e4b075f] Register server push request handler:com.alibaba.nacos.common.remote.client.RpcClient$$Lambda$978/0x00000008013ec6b8
09:23:24:519  INFO 13016 --- [main] o.s.b.w.embedded.tomcat.TomcatWebServer  : Tomcat started on port(s): 8083 (http) with context path ''
09:23:24:546  INFO 13016 --- [main] c.a.c.n.registry.NacosServiceRegistry    : nacos registry, DEFAULT_GROUP user-service 192.168.58.1:8083 register finished
09:23:25:063  INFO 13016 --- [nacos-grpc-client-executor-8] com.alibaba.nacos.common.remote.client   : [2742523c-15bc-4f75-abf1-413d1e4b075f] Receive server push request, request = NotifySubscriberRequest, requestId = 53
09:23:25:067  INFO 13016 --- [nacos-grpc-client-executor-8] com.alibaba.nacos.common.remote.client   : [2742523c-15bc-4f75-abf1-413d1e4b075f] Ack server push request, request = NotifySubscriberRequest, requestId = 53
09:23:25:927  INFO 13016 --- [main] o.s.cloud.commons.util.InetUtils         : Cannot determine local hostname
09:23:25:927  INFO 13016 --- [main] d.s.w.p.DocumentationPluginsBootstrapper : Documentation plugins bootstrapped
09:23:25:931  INFO 13016 --- [main] d.s.w.p.DocumentationPluginsBootstrapper : Found 1 custom documentation plugin(s)
09:23:25:958  INFO 13016 --- [main] s.d.s.w.s.ApiListingReferenceScanner     : Scanning for api listing references
09:23:26:081  INFO 13016 --- [main] com.hmall.user.UserApplication           : Started UserApplication in 22.359 seconds (JVM running for 24.706)
09:48:38:498  INFO 13016 --- [com.alibaba.nacos.client.remote.worker] com.alibaba.nacos.common.remote.client   : [2742523c-15bc-4f75-abf1-413d1e4b075f] Server healthy check fail, currentConnection = 1714353807978_192.168.58.1_5601
09:48:38:627  INFO 13016 --- [com.alibaba.nacos.client.remote.worker] com.alibaba.nacos.common.remote.client   : [2742523c-15bc-4f75-abf1-413d1e4b075f] Try to reconnect to a new server, server is  not appointed, will choose a random server.
09:48:41:570  INFO 13016 --- [com.alibaba.nacos.client.remote.worker] com.alibaba.nacos.common.remote.client   : [2742523c-15bc-4f75-abf1-413d1e4b075f] Success to connect a server [192.168.58.129:8848], connectionId = 1714355325127_192.168.58.1_6880
09:48:41:571  INFO 13016 --- [com.alibaba.nacos.client.remote.worker] com.alibaba.nacos.common.remote.client   : [2742523c-15bc-4f75-abf1-413d1e4b075f] Abandon prev connection, server is 192.168.58.129:8848, connectionId is 1714353807978_192.168.58.1_5601
09:48:41:576  INFO 13016 --- [com.alibaba.nacos.client.remote.worker] com.alibaba.nacos.common.remote.client   : Close current connection 1714353807978_192.168.58.1_5601
09:48:41:705  INFO 13016 --- [com.alibaba.nacos.client.remote.worker] com.alibaba.nacos.common.remote.client   : [2742523c-15bc-4f75-abf1-413d1e4b075f] Notify disconnected event to listeners
09:48:41:720  WARN 13016 --- [nacos-grpc-client-executor-334] c.a.n.c.remote.client.grpc.GrpcClient    : [1714353807978_192.168.58.1_5601]Ignore error event,isRunning:true,isAbandon=true
09:48:41:764  INFO 13016 --- [com.alibaba.nacos.client.remote.worker] com.alibaba.nacos.common.remote.client   : [2742523c-15bc-4f75-abf1-413d1e4b075f] Notify connected event to listeners.
09:48:43:830  INFO 13016 --- [nacos-grpc-client-executor-337] com.alibaba.nacos.common.remote.client   : [2742523c-15bc-4f75-abf1-413d1e4b075f] Receive server push request, request = NotifySubscriberRequest, requestId = 55
09:48:43:833  INFO 13016 --- [nacos-grpc-client-executor-337] com.alibaba.nacos.common.remote.client   : [2742523c-15bc-4f75-abf1-413d1e4b075f] Ack server push request, request = NotifySubscriberRequest, requestId = 55
09:50:41:277  INFO 13016 --- [http-nio-8083-exec-1] o.a.c.c.C.[Tomcat].[localhost].[/]       : Initializing Spring DispatcherServlet 'dispatcherServlet'
09:50:41:280  INFO 13016 --- [http-nio-8083-exec-1] o.s.web.servlet.DispatcherServlet        : Initializing Servlet 'dispatcherServlet'
09:50:41:362  INFO 13016 --- [http-nio-8083-exec-1] o.s.web.servlet.DispatcherServlet        : Completed initialization in 82 ms
09:50:42:142  WARN 13016 --- [http-nio-8083-exec-1] c.b.m.c.t.support.ReflectLambdaMeta      : Unable to make field private final java.lang.Class java.lang.invoke.SerializedLambda.capturingClass accessible: module java.base does not "opens java.lang.invoke" to unnamed module @4d5d943d
09:50:42:189  INFO 13016 --- [http-nio-8083-exec-1] com.zaxxer.hikari.HikariDataSource       : HikariPool-1 - Starting...
09:50:43:826  INFO 13016 --- [http-nio-8083-exec-1] com.zaxxer.hikari.HikariDataSource       : HikariPool-1 - Start completed.
09:50:43:904 DEBUG 13016 --- [http-nio-8083-exec-1] c.h.user.mapper.UserMapper.selectList    : ==>  Preparing: SELECT id,username,password,phone,create_time,update_time,status,balance FROM user WHERE (username = ?)
09:50:44:261 DEBUG 13016 --- [http-nio-8083-exec-1] c.h.user.mapper.UserMapper.selectList    : ==> Parameters: jack(String)
09:50:45:923 DEBUG 13016 --- [http-nio-8083-exec-1] c.h.user.mapper.UserMapper.selectList    : <==      Total: 1
09:50:51:506 DEBUG 13016 --- [http-nio-8083-exec-2] c.h.user.mapper.UserMapper.selectList    : ==>  Preparing: SELECT id,username,password,phone,create_time,update_time,status,balance FROM user WHERE (username = ?)
09:50:51:506 DEBUG 13016 --- [http-nio-8083-exec-2] c.h.user.mapper.UserMapper.selectList    : ==> Parameters: jack(String)
09:50:51:508 DEBUG 13016 --- [http-nio-8083-exec-2] c.h.user.mapper.UserMapper.selectList    : <==      Total: 1
09:51:55:080 DEBUG 13016 --- [http-nio-8083-exec-4] c.h.u.mapper.AddressMapper.selectList    : ==>  Preparing: SELECT id,user_id,province,city,town,mobile,street,contact,is_default,notes FROM address WHERE (user_id = ?)
09:51:55:081 DEBUG 13016 --- [http-nio-8083-exec-4] c.h.u.mapper.AddressMapper.selectList    : ==> Parameters: 1(Long)
09:51:55:102 DEBUG 13016 --- [http-nio-8083-exec-4] c.h.u.mapper.AddressMapper.selectList    : <==      Total: 4
09:55:06:328  INFO 13016 --- [http-nio-8083-exec-6] c.h.user.service.impl.UserServiceImpl    : 开始扣款
09:55:06:408 DEBUG 13016 --- [http-nio-8083-exec-6] c.h.user.mapper.UserMapper.selectById    : ==>  Preparing: SELECT id,username,password,phone,create_time,update_time,status,balance FROM user WHERE id=?
09:55:06:415 DEBUG 13016 --- [http-nio-8083-exec-6] c.h.user.mapper.UserMapper.selectById    : ==> Parameters: 1(Long)
09:55:06:472 DEBUG 13016 --- [http-nio-8083-exec-6] c.h.user.mapper.UserMapper.selectById    : <==      Total: 1
09:55:06:627 DEBUG 13016 --- [http-nio-8083-exec-6] c.h.user.mapper.UserMapper.updateMoney   : ==>  Preparing: update user set balance = balance - 759200 where id = ?
09:55:06:627 DEBUG 13016 --- [http-nio-8083-exec-6] c.h.user.mapper.UserMapper.updateMoney   : ==> Parameters: 1(Long)
09:55:06:654 DEBUG 13016 --- [http-nio-8083-exec-6] c.h.user.mapper.UserMapper.updateMoney   : <==    Updates: 1
09:55:06:655  INFO 13016 --- [http-nio-8083-exec-6] c.h.user.service.impl.UserServiceImpl    : 扣款成功
10:00:31:649 ERROR 13016 --- [com.alibaba.nacos.client.naming.updater.0] com.alibaba.nacos.common.remote.client   : Send request fail, request = ServiceQueryRequest{headers={}, requestId='null'}, retryTimes = 0, errorMessage = java.util.concurrent.TimeoutException: Waited 3000 milliseconds (plus 2 milliseconds, 689700 nanoseconds delay) for com.alibaba.nacos.shaded.io.grpc.stub.ClientCalls$GrpcFuture@58161771[status=PENDING, info=[GrpcFuture{clientCall={delegate={delegate=ClientCallImpl{method=MethodDescriptor{fullMethodName=Request/request, type=UNARY, idempotent=false, safe=false, sampledToLocalTracing=true, requestMarshaller=com.alibaba.nacos.shaded.io.grpc.protobuf.lite.ProtoLiteUtils$MessageMarshaller@247309e2, responseMarshaller=com.alibaba.nacos.shaded.io.grpc.protobuf.lite.ProtoLiteUtils$MessageMarshaller@4b667569, schemaDescriptor=com.alibaba.nacos.api.grpc.auto.RequestGrpc$RequestMethodDescriptorSupplier@1091361d}}}}}]]
10:00:34:381  INFO 13016 --- [com.alibaba.nacos.client.remote.worker] com.alibaba.nacos.common.remote.client   : [2742523c-15bc-4f75-abf1-413d1e4b075f] Server check success, currentServer is 192.168.58.129:8848 
10:07:23:964 DEBUG 13016 --- [http-nio-8083-exec-8] c.h.user.mapper.UserMapper.selectList    : ==>  Preparing: SELECT id,username,password,phone,create_time,update_time,status,balance FROM user WHERE (username = ?)
10:07:24:066 DEBUG 13016 --- [http-nio-8083-exec-8] c.h.user.mapper.UserMapper.selectList    : ==> Parameters: jack(String)
10:07:24:085 DEBUG 13016 --- [http-nio-8083-exec-8] c.h.user.mapper.UserMapper.selectList    : <==      Total: 1
10:24:38:874 ERROR 13016 --- [com.alibaba.nacos.client.naming.updater.0] com.alibaba.nacos.common.remote.client   : Send request fail, request = ServiceQueryRequest{headers={}, requestId='null'}, retryTimes = 0, errorMessage = java.util.concurrent.TimeoutException: Waited 3000 milliseconds (plus 1 milliseconds, 831901 nanoseconds delay) for com.alibaba.nacos.shaded.io.grpc.stub.ClientCalls$GrpcFuture@45c3d20a[status=PENDING, info=[GrpcFuture{clientCall={delegate={delegate=ClientCallImpl{method=MethodDescriptor{fullMethodName=Request/request, type=UNARY, idempotent=false, safe=false, sampledToLocalTracing=true, requestMarshaller=com.alibaba.nacos.shaded.io.grpc.protobuf.lite.ProtoLiteUtils$MessageMarshaller@247309e2, responseMarshaller=com.alibaba.nacos.shaded.io.grpc.protobuf.lite.ProtoLiteUtils$MessageMarshaller@4b667569, schemaDescriptor=com.alibaba.nacos.api.grpc.auto.RequestGrpc$RequestMethodDescriptorSupplier@1091361d}}}}}]]
10:24:39:768  INFO 13016 --- [com.alibaba.nacos.client.remote.worker] com.alibaba.nacos.common.remote.client   : [2742523c-15bc-4f75-abf1-413d1e4b075f] Server healthy check fail, currentConnection = 1714355325127_192.168.58.1_6880
10:24:39:769  INFO 13016 --- [com.alibaba.nacos.client.remote.worker] com.alibaba.nacos.common.remote.client   : [2742523c-15bc-4f75-abf1-413d1e4b075f] Try to reconnect to a new server, server is  not appointed, will choose a random server.
10:24:41:443 ERROR 13016 --- [com.alibaba.nacos.client.naming.updater.1] com.alibaba.nacos.common.remote.client   : Send request fail, request = ServiceQueryRequest{headers={app=unknown}, requestId='null'}, retryTimes = 0, errorMessage = Client not connected, current status:UNHEALTHY
10:24:41:575 ERROR 13016 --- [com.alibaba.nacos.client.naming.updater.1] com.alibaba.nacos.common.remote.client   : Send request fail, request = ServiceQueryRequest{headers={app=unknown}, requestId='null'}, retryTimes = 1, errorMessage = Client not connected, current status:UNHEALTHY
10:24:41:622  INFO 13016 --- [com.alibaba.nacos.client.remote.worker] com.alibaba.nacos.common.remote.client   : [2742523c-15bc-4f75-abf1-413d1e4b075f] Success to connect a server [192.168.58.129:8848], connectionId = 1714357484660_192.168.58.1_8764
10:24:41:630  INFO 13016 --- [com.alibaba.nacos.client.remote.worker] com.alibaba.nacos.common.remote.client   : [2742523c-15bc-4f75-abf1-413d1e4b075f] Abandon prev connection, server is 192.168.58.129:8848, connectionId is 1714355325127_192.168.58.1_6880
10:24:41:630  INFO 13016 --- [com.alibaba.nacos.client.remote.worker] com.alibaba.nacos.common.remote.client   : Close current connection 1714355325127_192.168.58.1_6880
10:24:41:676 ERROR 13016 --- [com.alibaba.nacos.client.naming.updater.1] com.alibaba.nacos.common.remote.client   : Send request fail, request = ServiceQueryRequest{headers={app=unknown}, requestId='null'}, retryTimes = 2, errorMessage = Client not connected, current status:UNHEALTHY
10:24:41:708  INFO 13016 --- [com.alibaba.nacos.client.remote.worker] com.alibaba.nacos.common.remote.client   : [2742523c-15bc-4f75-abf1-413d1e4b075f] Notify disconnected event to listeners
10:24:41:733  WARN 13016 --- [nacos-grpc-client-executor-785] c.a.n.c.remote.client.grpc.GrpcClient    : [1714355325127_192.168.58.1_6880]Ignore error event,isRunning:true,isAbandon=true
10:24:41:755  INFO 13016 --- [com.alibaba.nacos.client.remote.worker] com.alibaba.nacos.common.remote.client   : [2742523c-15bc-4f75-abf1-413d1e4b075f] Notify connected event to listeners.
10:24:42:851  INFO 13016 --- [com.alibaba.nacos.client.remote.worker] com.alibaba.nacos.common.remote.client   : [2742523c-15bc-4f75-abf1-413d1e4b075f] Server check success, currentServer is 192.168.58.129:8848 
10:24:45:865 ERROR 13016 --- [com.alibaba.nacos.client.naming.grpc.redo.0] com.alibaba.nacos.common.remote.client   : Send request fail, request = SubscribeServiceRequest{headers={}, requestId='null'}, retryTimes = 0, errorMessage = java.util.concurrent.TimeoutException: Waited 3000 milliseconds (plus 10 milliseconds, 266500 nanoseconds delay) for com.alibaba.nacos.shaded.io.grpc.stub.ClientCalls$GrpcFuture@4381f40f[status=PENDING, info=[GrpcFuture{clientCall={delegate={delegate=ClientCallImpl{method=MethodDescriptor{fullMethodName=Request/request, type=UNARY, idempotent=false, safe=false, sampledToLocalTracing=true, requestMarshaller=com.alibaba.nacos.shaded.io.grpc.protobuf.lite.ProtoLiteUtils$MessageMarshaller@247309e2, responseMarshaller=com.alibaba.nacos.shaded.io.grpc.protobuf.lite.ProtoLiteUtils$MessageMarshaller@4b667569, schemaDescriptor=com.alibaba.nacos.api.grpc.auto.RequestGrpc$RequestMethodDescriptorSupplier@1091361d}}}}}]]
10:24:47:059  INFO 13016 --- [com.alibaba.nacos.client.remote.worker] com.alibaba.nacos.common.remote.client   : [2742523c-15bc-4f75-abf1-413d1e4b075f] Server check success, currentServer is 192.168.58.129:8848 
10:24:47:405  INFO 13016 --- [nacos-grpc-client-executor-791] com.alibaba.nacos.common.remote.client   : [2742523c-15bc-4f75-abf1-413d1e4b075f] Receive server push request, request = NotifySubscriberRequest, requestId = 82
10:24:47:407  INFO 13016 --- [nacos-grpc-client-executor-791] com.alibaba.nacos.common.remote.client   : [2742523c-15bc-4f75-abf1-413d1e4b075f] Ack server push request, request = NotifySubscriberRequest, requestId = 82
10:24:49:389  INFO 13016 --- [nacos-grpc-client-executor-792] com.alibaba.nacos.common.remote.client   : [2742523c-15bc-4f75-abf1-413d1e4b075f] Receive server push request, request = NotifySubscriberRequest, requestId = 88
10:24:49:391  INFO 13016 --- [nacos-grpc-client-executor-792] com.alibaba.nacos.common.remote.client   : [2742523c-15bc-4f75-abf1-413d1e4b075f] Ack server push request, request = NotifySubscriberRequest, requestId = 88
10:24:49:487  INFO 13016 --- [nacos-grpc-client-executor-794] com.alibaba.nacos.common.remote.client   : [2742523c-15bc-4f75-abf1-413d1e4b075f] Receive server push request, request = NotifySubscriberRequest, requestId = 94
10:24:49:489  INFO 13016 --- [nacos-grpc-client-executor-794] com.alibaba.nacos.common.remote.client   : [2742523c-15bc-4f75-abf1-413d1e4b075f] Ack server push request, request = NotifySubscriberRequest, requestId = 94
10:27:50:349 ERROR 13016 --- [com.alibaba.nacos.client.naming.updater.1] com.alibaba.nacos.common.remote.client   : Send request fail, request = ServiceQueryRequest{headers={}, requestId='null'}, retryTimes = 0, errorMessage = java.util.concurrent.TimeoutException: Waited 3000 milliseconds (plus 286799 nanoseconds delay) for com.alibaba.nacos.shaded.io.grpc.stub.ClientCalls$GrpcFuture@2a245395[status=PENDING, info=[GrpcFuture{clientCall={delegate={delegate=ClientCallImpl{method=MethodDescriptor{fullMethodName=Request/request, type=UNARY, idempotent=false, safe=false, sampledToLocalTracing=true, requestMarshaller=com.alibaba.nacos.shaded.io.grpc.protobuf.lite.ProtoLiteUtils$MessageMarshaller@247309e2, responseMarshaller=com.alibaba.nacos.shaded.io.grpc.protobuf.lite.ProtoLiteUtils$MessageMarshaller@4b667569, schemaDescriptor=com.alibaba.nacos.api.grpc.auto.RequestGrpc$RequestMethodDescriptorSupplier@1091361d}}}}}]]
10:27:50:611  INFO 13016 --- [com.alibaba.nacos.client.remote.worker] com.alibaba.nacos.common.remote.client   : [2742523c-15bc-4f75-abf1-413d1e4b075f] Server healthy check fail, currentConnection = 1714357484660_192.168.58.1_8764
10:27:50:611  INFO 13016 --- [com.alibaba.nacos.client.remote.worker] com.alibaba.nacos.common.remote.client   : [2742523c-15bc-4f75-abf1-413d1e4b075f] Try to reconnect to a new server, server is  not appointed, will choose a random server.
10:27:52:455 ERROR 13016 --- [com.alibaba.nacos.client.naming.updater.1] com.alibaba.nacos.common.remote.client   : Send request fail, request = ServiceQueryRequest{headers={app=unknown}, requestId='null'}, retryTimes = 0, errorMessage = Client not connected, current status:UNHEALTHY
10:27:52:556 ERROR 13016 --- [com.alibaba.nacos.client.naming.updater.1] com.alibaba.nacos.common.remote.client   : Send request fail, request = ServiceQueryRequest{headers={app=unknown}, requestId='null'}, retryTimes = 1, errorMessage = Client not connected, current status:UNHEALTHY
10:27:52:658 ERROR 13016 --- [com.alibaba.nacos.client.naming.updater.1] com.alibaba.nacos.common.remote.client   : Send request fail, request = ServiceQueryRequest{headers={app=unknown}, requestId='null'}, retryTimes = 2, errorMessage = Client not connected, current status:UNHEALTHY
10:27:53:623 ERROR 13016 --- [com.alibaba.nacos.client.remote.worker] c.a.n.c.remote.client.grpc.GrpcClient    : Server check fail, please check server 192.168.58.129 ,port 9848 is available , error ={}

java.util.concurrent.TimeoutException: Waited 3000 milliseconds (plus 3 milliseconds, 130701 nanoseconds delay) for com.alibaba.nacos.shaded.io.grpc.stub.ClientCalls$GrpcFuture@5bc9645e[status=PENDING, info=[GrpcFuture{clientCall={delegate={delegate=ClientCallImpl{method=MethodDescriptor{fullMethodName=Request/request, type=UNARY, idempotent=false, safe=false, sampledToLocalTracing=true, requestMarshaller=com.alibaba.nacos.shaded.io.grpc.protobuf.lite.ProtoLiteUtils$MessageMarshaller@247309e2, responseMarshaller=com.alibaba.nacos.shaded.io.grpc.protobuf.lite.ProtoLiteUtils$MessageMarshaller@4b667569, schemaDescriptor=com.alibaba.nacos.api.grpc.auto.RequestGrpc$RequestMethodDescriptorSupplier@1091361d}}}}}]]
	at com.alibaba.nacos.shaded.com.google.common.util.concurrent.AbstractFuture.get(AbstractFuture.java:508) ~[nacos-client-2.0.4.jar:na]
	at com.alibaba.nacos.common.remote.client.grpc.GrpcClient.serverCheck(GrpcClient.java:148) ~[nacos-client-2.0.4.jar:na]
	at com.alibaba.nacos.common.remote.client.grpc.GrpcClient.connectToServer(GrpcClient.java:264) ~[nacos-client-2.0.4.jar:na]
	at com.alibaba.nacos.common.remote.client.RpcClient.reconnect(RpcClient.java:522) ~[nacos-client-2.0.4.jar:na]
	at com.alibaba.nacos.common.remote.client.RpcClient.lambda$start$2(RpcClient.java:370) ~[nacos-client-2.0.4.jar:na]
	at java.base/java.util.concurrent.Executors$RunnableAdapter.call(Executors.java:539) ~[na:na]
	at java.base/java.util.concurrent.FutureTask.run(FutureTask.java:264) ~[na:na]
	at java.base/java.util.concurrent.ScheduledThreadPoolExecutor$ScheduledFutureTask.run(ScheduledThreadPoolExecutor.java:304) ~[na:na]
	at java.base/java.util.concurrent.ThreadPoolExecutor.runWorker(ThreadPoolExecutor.java:1136) ~[na:na]
	at java.base/java.util.concurrent.ThreadPoolExecutor$Worker.run(ThreadPoolExecutor.java:635) ~[na:na]
	at java.base/java.lang.Thread.run(Thread.java:833) ~[na:na]

10:27:56:768 ERROR 13016 --- [com.alibaba.nacos.client.naming.updater.0] com.alibaba.nacos.common.remote.client   : Send request fail, request = ServiceQueryRequest{headers={app=unknown}, requestId='null'}, retryTimes = 0, errorMessage = Client not connected, current status:UNHEALTHY
10:27:56:769 ERROR 13016 --- [com.alibaba.nacos.client.remote.worker] c.a.n.c.remote.client.grpc.GrpcClient    : Server check fail, please check server 192.168.58.129 ,port 9848 is available , error ={}

java.util.concurrent.TimeoutException: Waited 3000 milliseconds (plus 1 milliseconds, 749199 nanoseconds delay) for com.alibaba.nacos.shaded.io.grpc.stub.ClientCalls$GrpcFuture@45c6f438[status=PENDING, info=[GrpcFuture{clientCall={delegate={delegate=ClientCallImpl{method=MethodDescriptor{fullMethodName=Request/request, type=UNARY, idempotent=false, safe=false, sampledToLocalTracing=true, requestMarshaller=com.alibaba.nacos.shaded.io.grpc.protobuf.lite.ProtoLiteUtils$MessageMarshaller@247309e2, responseMarshaller=com.alibaba.nacos.shaded.io.grpc.protobuf.lite.ProtoLiteUtils$MessageMarshaller@4b667569, schemaDescriptor=com.alibaba.nacos.api.grpc.auto.RequestGrpc$RequestMethodDescriptorSupplier@1091361d}}}}}]]
	at com.alibaba.nacos.shaded.com.google.common.util.concurrent.AbstractFuture.get(AbstractFuture.java:508) ~[nacos-client-2.0.4.jar:na]
	at com.alibaba.nacos.common.remote.client.grpc.GrpcClient.serverCheck(GrpcClient.java:148) ~[nacos-client-2.0.4.jar:na]
	at com.alibaba.nacos.common.remote.client.grpc.GrpcClient.connectToServer(GrpcClient.java:264) ~[nacos-client-2.0.4.jar:na]
	at com.alibaba.nacos.common.remote.client.RpcClient.reconnect(RpcClient.java:522) ~[nacos-client-2.0.4.jar:na]
	at com.alibaba.nacos.common.remote.client.RpcClient.lambda$start$2(RpcClient.java:370) ~[nacos-client-2.0.4.jar:na]
	at java.base/java.util.concurrent.Executors$RunnableAdapter.call(Executors.java:539) ~[na:na]
	at java.base/java.util.concurrent.FutureTask.run(FutureTask.java:264) ~[na:na]
	at java.base/java.util.concurrent.ScheduledThreadPoolExecutor$ScheduledFutureTask.run(ScheduledThreadPoolExecutor.java:304) ~[na:na]
	at java.base/java.util.concurrent.ThreadPoolExecutor.runWorker(ThreadPoolExecutor.java:1136) ~[na:na]
	at java.base/java.util.concurrent.ThreadPoolExecutor$Worker.run(ThreadPoolExecutor.java:635) ~[na:na]
	at java.base/java.lang.Thread.run(Thread.java:833) ~[na:na]

10:27:56:773  INFO 13016 --- [com.alibaba.nacos.client.remote.worker] com.alibaba.nacos.common.remote.client   : [2742523c-15bc-4f75-abf1-413d1e4b075f] Fail to connect server, after trying 1 times, last try server is {serverIp = '192.168.58.129', server main port = 8848}, error = unknown
10:27:56:870 ERROR 13016 --- [com.alibaba.nacos.client.naming.updater.0] com.alibaba.nacos.common.remote.client   : Send request fail, request = ServiceQueryRequest{headers={app=unknown}, requestId='null'}, retryTimes = 1, errorMessage = Client not connected, current status:UNHEALTHY
10:27:56:974 ERROR 13016 --- [com.alibaba.nacos.client.naming.updater.0] com.alibaba.nacos.common.remote.client   : Send request fail, request = ServiceQueryRequest{headers={app=unknown}, requestId='null'}, retryTimes = 2, errorMessage = Client not connected, current status:UNHEALTHY
10:27:59:979 ERROR 13016 --- [com.alibaba.nacos.client.remote.worker] c.a.n.c.remote.client.grpc.GrpcClient    : Server check fail, please check server 192.168.58.129 ,port 9848 is available , error ={}

java.util.concurrent.TimeoutException: Waited 3000 milliseconds (plus 1 milliseconds, 106699 nanoseconds delay) for com.alibaba.nacos.shaded.io.grpc.stub.ClientCalls$GrpcFuture@575eb198[status=PENDING, info=[GrpcFuture{clientCall={delegate={delegate=ClientCallImpl{method=MethodDescriptor{fullMethodName=Request/request, type=UNARY, idempotent=false, safe=false, sampledToLocalTracing=true, requestMarshaller=com.alibaba.nacos.shaded.io.grpc.protobuf.lite.ProtoLiteUtils$MessageMarshaller@247309e2, responseMarshaller=com.alibaba.nacos.shaded.io.grpc.protobuf.lite.ProtoLiteUtils$MessageMarshaller@4b667569, schemaDescriptor=com.alibaba.nacos.api.grpc.auto.RequestGrpc$RequestMethodDescriptorSupplier@1091361d}}}}}]]
	at com.alibaba.nacos.shaded.com.google.common.util.concurrent.AbstractFuture.get(AbstractFuture.java:508) ~[nacos-client-2.0.4.jar:na]
	at com.alibaba.nacos.common.remote.client.grpc.GrpcClient.serverCheck(GrpcClient.java:148) ~[nacos-client-2.0.4.jar:na]
	at com.alibaba.nacos.common.remote.client.grpc.GrpcClient.connectToServer(GrpcClient.java:264) ~[nacos-client-2.0.4.jar:na]
	at com.alibaba.nacos.common.remote.client.RpcClient.reconnect(RpcClient.java:522) ~[nacos-client-2.0.4.jar:na]
	at com.alibaba.nacos.common.remote.client.RpcClient.lambda$start$2(RpcClient.java:370) ~[nacos-client-2.0.4.jar:na]
	at java.base/java.util.concurrent.Executors$RunnableAdapter.call(Executors.java:539) ~[na:na]
	at java.base/java.util.concurrent.FutureTask.run(FutureTask.java:264) ~[na:na]
	at java.base/java.util.concurrent.ScheduledThreadPoolExecutor$ScheduledFutureTask.run(ScheduledThreadPoolExecutor.java:304) ~[na:na]
	at java.base/java.util.concurrent.ThreadPoolExecutor.runWorker(ThreadPoolExecutor.java:1136) ~[na:na]
	at java.base/java.util.concurrent.ThreadPoolExecutor$Worker.run(ThreadPoolExecutor.java:635) ~[na:na]
	at java.base/java.lang.Thread.run(Thread.java:833) ~[na:na]

10:27:59:981  INFO 13016 --- [com.alibaba.nacos.client.remote.worker] com.alibaba.nacos.common.remote.client   : [2742523c-15bc-4f75-abf1-413d1e4b075f] Fail to connect server, after trying 2 times, last try server is {serverIp = '192.168.58.129', server main port = 8848}, error = unknown
10:28:03:285 ERROR 13016 --- [com.alibaba.nacos.client.remote.worker] c.a.n.c.remote.client.grpc.GrpcClient    : Server check fail, please check server 192.168.58.129 ,port 9848 is available , error ={}

java.util.concurrent.TimeoutException: Waited 3000 milliseconds (plus 346000 nanoseconds delay) for com.alibaba.nacos.shaded.io.grpc.stub.ClientCalls$GrpcFuture@108b4f2e[status=PENDING, info=[GrpcFuture{clientCall={delegate={delegate=ClientCallImpl{method=MethodDescriptor{fullMethodName=Request/request, type=UNARY, idempotent=false, safe=false, sampledToLocalTracing=true, requestMarshaller=com.alibaba.nacos.shaded.io.grpc.protobuf.lite.ProtoLiteUtils$MessageMarshaller@247309e2, responseMarshaller=com.alibaba.nacos.shaded.io.grpc.protobuf.lite.ProtoLiteUtils$MessageMarshaller@4b667569, schemaDescriptor=com.alibaba.nacos.api.grpc.auto.RequestGrpc$RequestMethodDescriptorSupplier@1091361d}}}}}]]
	at com.alibaba.nacos.shaded.com.google.common.util.concurrent.AbstractFuture.get(AbstractFuture.java:508) ~[nacos-client-2.0.4.jar:na]
	at com.alibaba.nacos.common.remote.client.grpc.GrpcClient.serverCheck(GrpcClient.java:148) ~[nacos-client-2.0.4.jar:na]
	at com.alibaba.nacos.common.remote.client.grpc.GrpcClient.connectToServer(GrpcClient.java:264) ~[nacos-client-2.0.4.jar:na]
	at com.alibaba.nacos.common.remote.client.RpcClient.reconnect(RpcClient.java:522) ~[nacos-client-2.0.4.jar:na]
	at com.alibaba.nacos.common.remote.client.RpcClient.lambda$start$2(RpcClient.java:370) ~[nacos-client-2.0.4.jar:na]
	at java.base/java.util.concurrent.Executors$RunnableAdapter.call(Executors.java:539) ~[na:na]
	at java.base/java.util.concurrent.FutureTask.run(FutureTask.java:264) ~[na:na]
	at java.base/java.util.concurrent.ScheduledThreadPoolExecutor$ScheduledFutureTask.run(ScheduledThreadPoolExecutor.java:304) ~[na:na]
	at java.base/java.util.concurrent.ThreadPoolExecutor.runWorker(ThreadPoolExecutor.java:1136) ~[na:na]
	at java.base/java.util.concurrent.ThreadPoolExecutor$Worker.run(ThreadPoolExecutor.java:635) ~[na:na]
	at java.base/java.lang.Thread.run(Thread.java:833) ~[na:na]

10:28:03:287  INFO 13016 --- [com.alibaba.nacos.client.remote.worker] com.alibaba.nacos.common.remote.client   : [2742523c-15bc-4f75-abf1-413d1e4b075f] Fail to connect server, after trying 3 times, last try server is {serverIp = '192.168.58.129', server main port = 8848}, error = unknown
10:28:05:079 ERROR 13016 --- [com.alibaba.nacos.client.naming.updater.0] com.alibaba.nacos.common.remote.client   : Send request fail, request = ServiceQueryRequest{headers={app=unknown}, requestId='null'}, retryTimes = 0, errorMessage = Client not connected, current status:UNHEALTHY
10:28:05:180 ERROR 13016 --- [com.alibaba.nacos.client.naming.updater.0] com.alibaba.nacos.common.remote.client   : Send request fail, request = ServiceQueryRequest{headers={app=unknown}, requestId='null'}, retryTimes = 1, errorMessage = Client not connected, current status:UNHEALTHY
10:28:05:282 ERROR 13016 --- [com.alibaba.nacos.client.naming.updater.0] com.alibaba.nacos.common.remote.client   : Send request fail, request = ServiceQueryRequest{headers={app=unknown}, requestId='null'}, retryTimes = 2, errorMessage = Client not connected, current status:UNHEALTHY
10:28:06:709 ERROR 13016 --- [com.alibaba.nacos.client.remote.worker] c.a.n.c.remote.client.grpc.GrpcClient    : Server check fail, please check server 192.168.58.129 ,port 9848 is available , error ={}

java.util.concurrent.TimeoutException: Waited 3000 milliseconds (plus 1 milliseconds, 395700 nanoseconds delay) for com.alibaba.nacos.shaded.io.grpc.stub.ClientCalls$GrpcFuture@2d3cfdc0[status=PENDING, info=[GrpcFuture{clientCall={delegate={delegate=ClientCallImpl{method=MethodDescriptor{fullMethodName=Request/request, type=UNARY, idempotent=false, safe=false, sampledToLocalTracing=true, requestMarshaller=com.alibaba.nacos.shaded.io.grpc.protobuf.lite.ProtoLiteUtils$MessageMarshaller@247309e2, responseMarshaller=com.alibaba.nacos.shaded.io.grpc.protobuf.lite.ProtoLiteUtils$MessageMarshaller@4b667569, schemaDescriptor=com.alibaba.nacos.api.grpc.auto.RequestGrpc$RequestMethodDescriptorSupplier@1091361d}}}}}]]
	at com.alibaba.nacos.shaded.com.google.common.util.concurrent.AbstractFuture.get(AbstractFuture.java:508) ~[nacos-client-2.0.4.jar:na]
	at com.alibaba.nacos.common.remote.client.grpc.GrpcClient.serverCheck(GrpcClient.java:148) ~[nacos-client-2.0.4.jar:na]
	at com.alibaba.nacos.common.remote.client.grpc.GrpcClient.connectToServer(GrpcClient.java:264) ~[nacos-client-2.0.4.jar:na]
	at com.alibaba.nacos.common.remote.client.RpcClient.reconnect(RpcClient.java:522) ~[nacos-client-2.0.4.jar:na]
	at com.alibaba.nacos.common.remote.client.RpcClient.lambda$start$2(RpcClient.java:370) ~[nacos-client-2.0.4.jar:na]
	at java.base/java.util.concurrent.Executors$RunnableAdapter.call(Executors.java:539) ~[na:na]
	at java.base/java.util.concurrent.FutureTask.run(FutureTask.java:264) ~[na:na]
	at java.base/java.util.concurrent.ScheduledThreadPoolExecutor$ScheduledFutureTask.run(ScheduledThreadPoolExecutor.java:304) ~[na:na]
	at java.base/java.util.concurrent.ThreadPoolExecutor.runWorker(ThreadPoolExecutor.java:1136) ~[na:na]
	at java.base/java.util.concurrent.ThreadPoolExecutor$Worker.run(ThreadPoolExecutor.java:635) ~[na:na]
	at java.base/java.lang.Thread.run(Thread.java:833) ~[na:na]

10:28:06:726  INFO 13016 --- [com.alibaba.nacos.client.remote.worker] com.alibaba.nacos.common.remote.client   : [2742523c-15bc-4f75-abf1-413d1e4b075f] Fail to connect server, after trying 4 times, last try server is {serverIp = '192.168.58.129', server main port = 8848}, error = unknown
10:28:10:235 ERROR 13016 --- [com.alibaba.nacos.client.remote.worker] c.a.n.c.remote.client.grpc.GrpcClient    : Server check fail, please check server 192.168.58.129 ,port 9848 is available , error ={}

java.util.concurrent.TimeoutException: Waited 3000 milliseconds (plus 1 milliseconds, 195101 nanoseconds delay) for com.alibaba.nacos.shaded.io.grpc.stub.ClientCalls$GrpcFuture@b0b1cf5[status=PENDING, info=[GrpcFuture{clientCall={delegate={delegate=ClientCallImpl{method=MethodDescriptor{fullMethodName=Request/request, type=UNARY, idempotent=false, safe=false, sampledToLocalTracing=true, requestMarshaller=com.alibaba.nacos.shaded.io.grpc.protobuf.lite.ProtoLiteUtils$MessageMarshaller@247309e2, responseMarshaller=com.alibaba.nacos.shaded.io.grpc.protobuf.lite.ProtoLiteUtils$MessageMarshaller@4b667569, schemaDescriptor=com.alibaba.nacos.api.grpc.auto.RequestGrpc$RequestMethodDescriptorSupplier@1091361d}}}}}]]
	at com.alibaba.nacos.shaded.com.google.common.util.concurrent.AbstractFuture.get(AbstractFuture.java:508) ~[nacos-client-2.0.4.jar:na]
	at com.alibaba.nacos.common.remote.client.grpc.GrpcClient.serverCheck(GrpcClient.java:148) ~[nacos-client-2.0.4.jar:na]
	at com.alibaba.nacos.common.remote.client.grpc.GrpcClient.connectToServer(GrpcClient.java:264) ~[nacos-client-2.0.4.jar:na]
	at com.alibaba.nacos.common.remote.client.RpcClient.reconnect(RpcClient.java:522) ~[nacos-client-2.0.4.jar:na]
	at com.alibaba.nacos.common.remote.client.RpcClient.lambda$start$2(RpcClient.java:370) ~[nacos-client-2.0.4.jar:na]
	at java.base/java.util.concurrent.Executors$RunnableAdapter.call(Executors.java:539) ~[na:na]
	at java.base/java.util.concurrent.FutureTask.run(FutureTask.java:264) ~[na:na]
	at java.base/java.util.concurrent.ScheduledThreadPoolExecutor$ScheduledFutureTask.run(ScheduledThreadPoolExecutor.java:304) ~[na:na]
	at java.base/java.util.concurrent.ThreadPoolExecutor.runWorker(ThreadPoolExecutor.java:1136) ~[na:na]
	at java.base/java.util.concurrent.ThreadPoolExecutor$Worker.run(ThreadPoolExecutor.java:635) ~[na:na]
	at java.base/java.lang.Thread.run(Thread.java:833) ~[na:na]

10:28:10:237  INFO 13016 --- [com.alibaba.nacos.client.remote.worker] com.alibaba.nacos.common.remote.client   : [2742523c-15bc-4f75-abf1-413d1e4b075f] Fail to connect server, after trying 5 times, last try server is {serverIp = '192.168.58.129', server main port = 8848}, error = unknown
10:28:13:841 ERROR 13016 --- [com.alibaba.nacos.client.remote.worker] c.a.n.c.remote.client.grpc.GrpcClient    : Server check fail, please check server 192.168.58.129 ,port 9848 is available , error ={}

java.util.concurrent.TimeoutException: Waited 3000 milliseconds (plus 71600 nanoseconds delay) for com.alibaba.nacos.shaded.io.grpc.stub.ClientCalls$GrpcFuture@3d3e2c4b[status=PENDING, info=[GrpcFuture{clientCall={delegate={delegate=ClientCallImpl{method=MethodDescriptor{fullMethodName=Request/request, type=UNARY, idempotent=false, safe=false, sampledToLocalTracing=true, requestMarshaller=com.alibaba.nacos.shaded.io.grpc.protobuf.lite.ProtoLiteUtils$MessageMarshaller@247309e2, responseMarshaller=com.alibaba.nacos.shaded.io.grpc.protobuf.lite.ProtoLiteUtils$MessageMarshaller@4b667569, schemaDescriptor=com.alibaba.nacos.api.grpc.auto.RequestGrpc$RequestMethodDescriptorSupplier@1091361d}}}}}]]
	at com.alibaba.nacos.shaded.com.google.common.util.concurrent.AbstractFuture.get(AbstractFuture.java:508) ~[nacos-client-2.0.4.jar:na]
	at com.alibaba.nacos.common.remote.client.grpc.GrpcClient.serverCheck(GrpcClient.java:148) ~[nacos-client-2.0.4.jar:na]
	at com.alibaba.nacos.common.remote.client.grpc.GrpcClient.connectToServer(GrpcClient.java:264) ~[nacos-client-2.0.4.jar:na]
	at com.alibaba.nacos.common.remote.client.RpcClient.reconnect(RpcClient.java:522) ~[nacos-client-2.0.4.jar:na]
	at com.alibaba.nacos.common.remote.client.RpcClient.lambda$start$2(RpcClient.java:370) ~[nacos-client-2.0.4.jar:na]
	at java.base/java.util.concurrent.Executors$RunnableAdapter.call(Executors.java:539) ~[na:na]
	at java.base/java.util.concurrent.FutureTask.run(FutureTask.java:264) ~[na:na]
	at java.base/java.util.concurrent.ScheduledThreadPoolExecutor$ScheduledFutureTask.run(ScheduledThreadPoolExecutor.java:304) ~[na:na]
	at java.base/java.util.concurrent.ThreadPoolExecutor.runWorker(ThreadPoolExecutor.java:1136) ~[na:na]
	at java.base/java.util.concurrent.ThreadPoolExecutor$Worker.run(ThreadPoolExecutor.java:635) ~[na:na]
	at java.base/java.lang.Thread.run(Thread.java:833) ~[na:na]

10:28:13:843  INFO 13016 --- [com.alibaba.nacos.client.remote.worker] com.alibaba.nacos.common.remote.client   : [2742523c-15bc-4f75-abf1-413d1e4b075f] Fail to connect server, after trying 6 times, last try server is {serverIp = '192.168.58.129', server main port = 8848}, error = unknown
10:28:17:554 ERROR 13016 --- [com.alibaba.nacos.client.remote.worker] c.a.n.c.remote.client.grpc.GrpcClient    : Server check fail, please check server 192.168.58.129 ,port 9848 is available , error ={}

java.util.concurrent.TimeoutException: Waited 3000 milliseconds (plus 7 milliseconds, 509500 nanoseconds delay) for com.alibaba.nacos.shaded.io.grpc.stub.ClientCalls$GrpcFuture@638ff8de[status=PENDING, info=[GrpcFuture{clientCall={delegate={delegate=ClientCallImpl{method=MethodDescriptor{fullMethodName=Request/request, type=UNARY, idempotent=false, safe=false, sampledToLocalTracing=true, requestMarshaller=com.alibaba.nacos.shaded.io.grpc.protobuf.lite.ProtoLiteUtils$MessageMarshaller@247309e2, responseMarshaller=com.alibaba.nacos.shaded.io.grpc.protobuf.lite.ProtoLiteUtils$MessageMarshaller@4b667569, schemaDescriptor=com.alibaba.nacos.api.grpc.auto.RequestGrpc$RequestMethodDescriptorSupplier@1091361d}}}}}]]
	at com.alibaba.nacos.shaded.com.google.common.util.concurrent.AbstractFuture.get(AbstractFuture.java:508) ~[nacos-client-2.0.4.jar:na]
	at com.alibaba.nacos.common.remote.client.grpc.GrpcClient.serverCheck(GrpcClient.java:148) ~[nacos-client-2.0.4.jar:na]
	at com.alibaba.nacos.common.remote.client.grpc.GrpcClient.connectToServer(GrpcClient.java:264) ~[nacos-client-2.0.4.jar:na]
	at com.alibaba.nacos.common.remote.client.RpcClient.reconnect(RpcClient.java:522) ~[nacos-client-2.0.4.jar:na]
	at com.alibaba.nacos.common.remote.client.RpcClient.lambda$start$2(RpcClient.java:370) ~[nacos-client-2.0.4.jar:na]
	at java.base/java.util.concurrent.Executors$RunnableAdapter.call(Executors.java:539) ~[na:na]
	at java.base/java.util.concurrent.FutureTask.run(FutureTask.java:264) ~[na:na]
	at java.base/java.util.concurrent.ScheduledThreadPoolExecutor$ScheduledFutureTask.run(ScheduledThreadPoolExecutor.java:304) ~[na:na]
	at java.base/java.util.concurrent.ThreadPoolExecutor.runWorker(ThreadPoolExecutor.java:1136) ~[na:na]
	at java.base/java.util.concurrent.ThreadPoolExecutor$Worker.run(ThreadPoolExecutor.java:635) ~[na:na]
	at java.base/java.lang.Thread.run(Thread.java:833) ~[na:na]

10:28:17:558  INFO 13016 --- [com.alibaba.nacos.client.remote.worker] com.alibaba.nacos.common.remote.client   : [2742523c-15bc-4f75-abf1-413d1e4b075f] Fail to connect server, after trying 7 times, last try server is {serverIp = '192.168.58.129', server main port = 8848}, error = unknown
10:28:21:369 ERROR 13016 --- [com.alibaba.nacos.client.remote.worker] c.a.n.c.remote.client.grpc.GrpcClient    : Server check fail, please check server 192.168.58.129 ,port 9848 is available , error ={}

java.util.concurrent.TimeoutException: Waited 3000 milliseconds (plus 1 milliseconds, 169799 nanoseconds delay) for com.alibaba.nacos.shaded.io.grpc.stub.ClientCalls$GrpcFuture@62d4fcbf[status=PENDING, info=[GrpcFuture{clientCall={delegate={delegate=ClientCallImpl{method=MethodDescriptor{fullMethodName=Request/request, type=UNARY, idempotent=false, safe=false, sampledToLocalTracing=true, requestMarshaller=com.alibaba.nacos.shaded.io.grpc.protobuf.lite.ProtoLiteUtils$MessageMarshaller@247309e2, responseMarshaller=com.alibaba.nacos.shaded.io.grpc.protobuf.lite.ProtoLiteUtils$MessageMarshaller@4b667569, schemaDescriptor=com.alibaba.nacos.api.grpc.auto.RequestGrpc$RequestMethodDescriptorSupplier@1091361d}}}}}]]
	at com.alibaba.nacos.shaded.com.google.common.util.concurrent.AbstractFuture.get(AbstractFuture.java:508) ~[nacos-client-2.0.4.jar:na]
	at com.alibaba.nacos.common.remote.client.grpc.GrpcClient.serverCheck(GrpcClient.java:148) ~[nacos-client-2.0.4.jar:na]
	at com.alibaba.nacos.common.remote.client.grpc.GrpcClient.connectToServer(GrpcClient.java:264) ~[nacos-client-2.0.4.jar:na]
	at com.alibaba.nacos.common.remote.client.RpcClient.reconnect(RpcClient.java:522) ~[nacos-client-2.0.4.jar:na]
	at com.alibaba.nacos.common.remote.client.RpcClient.lambda$start$2(RpcClient.java:370) ~[nacos-client-2.0.4.jar:na]
	at java.base/java.util.concurrent.Executors$RunnableAdapter.call(Executors.java:539) ~[na:na]
	at java.base/java.util.concurrent.FutureTask.run(FutureTask.java:264) ~[na:na]
	at java.base/java.util.concurrent.ScheduledThreadPoolExecutor$ScheduledFutureTask.run(ScheduledThreadPoolExecutor.java:304) ~[na:na]
	at java.base/java.util.concurrent.ThreadPoolExecutor.runWorker(ThreadPoolExecutor.java:1136) ~[na:na]
	at java.base/java.util.concurrent.ThreadPoolExecutor$Worker.run(ThreadPoolExecutor.java:635) ~[na:na]
	at java.base/java.lang.Thread.run(Thread.java:833) ~[na:na]

10:28:21:371  INFO 13016 --- [com.alibaba.nacos.client.remote.worker] com.alibaba.nacos.common.remote.client   : [2742523c-15bc-4f75-abf1-413d1e4b075f] Fail to connect server, after trying 8 times, last try server is {serverIp = '192.168.58.129', server main port = 8848}, error = unknown
10:28:21:387 ERROR 13016 --- [com.alibaba.nacos.client.naming.updater.1] com.alibaba.nacos.common.remote.client   : Send request fail, request = ServiceQueryRequest{headers={app=unknown}, requestId='null'}, retryTimes = 0, errorMessage = Client not connected, current status:UNHEALTHY
10:28:21:489 ERROR 13016 --- [com.alibaba.nacos.client.naming.updater.1] com.alibaba.nacos.common.remote.client   : Send request fail, request = ServiceQueryRequest{headers={app=unknown}, requestId='null'}, retryTimes = 1, errorMessage = Client not connected, current status:UNHEALTHY
10:28:21:590 ERROR 13016 --- [com.alibaba.nacos.client.naming.updater.1] com.alibaba.nacos.common.remote.client   : Send request fail, request = ServiceQueryRequest{headers={app=unknown}, requestId='null'}, retryTimes = 2, errorMessage = Client not connected, current status:UNHEALTHY
10:28:25:275 ERROR 13016 --- [com.alibaba.nacos.client.remote.worker] c.a.n.c.remote.client.grpc.GrpcClient    : Server check fail, please check server 192.168.58.129 ,port 9848 is available , error ={}

java.util.concurrent.TimeoutException: Waited 3000 milliseconds (plus 354300 nanoseconds delay) for com.alibaba.nacos.shaded.io.grpc.stub.ClientCalls$GrpcFuture@1d139181[status=PENDING, info=[GrpcFuture{clientCall={delegate={delegate=ClientCallImpl{method=MethodDescriptor{fullMethodName=Request/request, type=UNARY, idempotent=false, safe=false, sampledToLocalTracing=true, requestMarshaller=com.alibaba.nacos.shaded.io.grpc.protobuf.lite.ProtoLiteUtils$MessageMarshaller@247309e2, responseMarshaller=com.alibaba.nacos.shaded.io.grpc.protobuf.lite.ProtoLiteUtils$MessageMarshaller@4b667569, schemaDescriptor=com.alibaba.nacos.api.grpc.auto.RequestGrpc$RequestMethodDescriptorSupplier@1091361d}}}}}]]
	at com.alibaba.nacos.shaded.com.google.common.util.concurrent.AbstractFuture.get(AbstractFuture.java:508) ~[nacos-client-2.0.4.jar:na]
	at com.alibaba.nacos.common.remote.client.grpc.GrpcClient.serverCheck(GrpcClient.java:148) ~[nacos-client-2.0.4.jar:na]
	at com.alibaba.nacos.common.remote.client.grpc.GrpcClient.connectToServer(GrpcClient.java:264) ~[nacos-client-2.0.4.jar:na]
	at com.alibaba.nacos.common.remote.client.RpcClient.reconnect(RpcClient.java:522) ~[nacos-client-2.0.4.jar:na]
	at com.alibaba.nacos.common.remote.client.RpcClient.lambda$start$2(RpcClient.java:370) ~[nacos-client-2.0.4.jar:na]
	at java.base/java.util.concurrent.Executors$RunnableAdapter.call(Executors.java:539) ~[na:na]
	at java.base/java.util.concurrent.FutureTask.run(FutureTask.java:264) ~[na:na]
	at java.base/java.util.concurrent.ScheduledThreadPoolExecutor$ScheduledFutureTask.run(ScheduledThreadPoolExecutor.java:304) ~[na:na]
	at java.base/java.util.concurrent.ThreadPoolExecutor.runWorker(ThreadPoolExecutor.java:1136) ~[na:na]
	at java.base/java.util.concurrent.ThreadPoolExecutor$Worker.run(ThreadPoolExecutor.java:635) ~[na:na]
	at java.base/java.lang.Thread.run(Thread.java:833) ~[na:na]

10:28:25:277  INFO 13016 --- [com.alibaba.nacos.client.remote.worker] com.alibaba.nacos.common.remote.client   : [2742523c-15bc-4f75-abf1-413d1e4b075f] Fail to connect server, after trying 9 times, last try server is {serverIp = '192.168.58.129', server main port = 8848}, error = unknown
10:28:29:280 ERROR 13016 --- [com.alibaba.nacos.client.remote.worker] c.a.n.c.remote.client.grpc.GrpcClient    : Server check fail, please check server 192.168.58.129 ,port 9848 is available , error ={}

java.util.concurrent.TimeoutException: Waited 3000 milliseconds (plus 299900 nanoseconds delay) for com.alibaba.nacos.shaded.io.grpc.stub.ClientCalls$GrpcFuture@50c4744d[status=PENDING, info=[GrpcFuture{clientCall={delegate={delegate=ClientCallImpl{method=MethodDescriptor{fullMethodName=Request/request, type=UNARY, idempotent=false, safe=false, sampledToLocalTracing=true, requestMarshaller=com.alibaba.nacos.shaded.io.grpc.protobuf.lite.ProtoLiteUtils$MessageMarshaller@247309e2, responseMarshaller=com.alibaba.nacos.shaded.io.grpc.protobuf.lite.ProtoLiteUtils$MessageMarshaller@4b667569, schemaDescriptor=com.alibaba.nacos.api.grpc.auto.RequestGrpc$RequestMethodDescriptorSupplier@1091361d}}}}}]]
	at com.alibaba.nacos.shaded.com.google.common.util.concurrent.AbstractFuture.get(AbstractFuture.java:508) ~[nacos-client-2.0.4.jar:na]
	at com.alibaba.nacos.common.remote.client.grpc.GrpcClient.serverCheck(GrpcClient.java:148) ~[nacos-client-2.0.4.jar:na]
	at com.alibaba.nacos.common.remote.client.grpc.GrpcClient.connectToServer(GrpcClient.java:264) ~[nacos-client-2.0.4.jar:na]
	at com.alibaba.nacos.common.remote.client.RpcClient.reconnect(RpcClient.java:522) ~[nacos-client-2.0.4.jar:na]
	at com.alibaba.nacos.common.remote.client.RpcClient.lambda$start$2(RpcClient.java:370) ~[nacos-client-2.0.4.jar:na]
	at java.base/java.util.concurrent.Executors$RunnableAdapter.call(Executors.java:539) ~[na:na]
	at java.base/java.util.concurrent.FutureTask.run(FutureTask.java:264) ~[na:na]
	at java.base/java.util.concurrent.ScheduledThreadPoolExecutor$ScheduledFutureTask.run(ScheduledThreadPoolExecutor.java:304) ~[na:na]
	at java.base/java.util.concurrent.ThreadPoolExecutor.runWorker(ThreadPoolExecutor.java:1136) ~[na:na]
	at java.base/java.util.concurrent.ThreadPoolExecutor$Worker.run(ThreadPoolExecutor.java:635) ~[na:na]
	at java.base/java.lang.Thread.run(Thread.java:833) ~[na:na]

10:28:29:280  INFO 13016 --- [com.alibaba.nacos.client.remote.worker] com.alibaba.nacos.common.remote.client   : [2742523c-15bc-4f75-abf1-413d1e4b075f] Fail to connect server, after trying 10 times, last try server is {serverIp = '192.168.58.129', server main port = 8848}, error = unknown
10:28:33:384 ERROR 13016 --- [com.alibaba.nacos.client.remote.worker] c.a.n.c.remote.client.grpc.GrpcClient    : Server check fail, please check server 192.168.58.129 ,port 9848 is available , error ={}

java.util.concurrent.TimeoutException: Waited 3000 milliseconds (plus 239100 nanoseconds delay) for com.alibaba.nacos.shaded.io.grpc.stub.ClientCalls$GrpcFuture@5b8c19b5[status=PENDING, info=[GrpcFuture{clientCall={delegate={delegate=ClientCallImpl{method=MethodDescriptor{fullMethodName=Request/request, type=UNARY, idempotent=false, safe=false, sampledToLocalTracing=true, requestMarshaller=com.alibaba.nacos.shaded.io.grpc.protobuf.lite.ProtoLiteUtils$MessageMarshaller@247309e2, responseMarshaller=com.alibaba.nacos.shaded.io.grpc.protobuf.lite.ProtoLiteUtils$MessageMarshaller@4b667569, schemaDescriptor=com.alibaba.nacos.api.grpc.auto.RequestGrpc$RequestMethodDescriptorSupplier@1091361d}}}}}]]
	at com.alibaba.nacos.shaded.com.google.common.util.concurrent.AbstractFuture.get(AbstractFuture.java:508) ~[nacos-client-2.0.4.jar:na]
	at com.alibaba.nacos.common.remote.client.grpc.GrpcClient.serverCheck(GrpcClient.java:148) ~[nacos-client-2.0.4.jar:na]
	at com.alibaba.nacos.common.remote.client.grpc.GrpcClient.connectToServer(GrpcClient.java:264) ~[nacos-client-2.0.4.jar:na]
	at com.alibaba.nacos.common.remote.client.RpcClient.reconnect(RpcClient.java:522) ~[nacos-client-2.0.4.jar:na]
	at com.alibaba.nacos.common.remote.client.RpcClient.lambda$start$2(RpcClient.java:370) ~[nacos-client-2.0.4.jar:na]
	at java.base/java.util.concurrent.Executors$RunnableAdapter.call(Executors.java:539) ~[na:na]
	at java.base/java.util.concurrent.FutureTask.run(FutureTask.java:264) ~[na:na]
	at java.base/java.util.concurrent.ScheduledThreadPoolExecutor$ScheduledFutureTask.run(ScheduledThreadPoolExecutor.java:304) ~[na:na]
	at java.base/java.util.concurrent.ThreadPoolExecutor.runWorker(ThreadPoolExecutor.java:1136) ~[na:na]
	at java.base/java.util.concurrent.ThreadPoolExecutor$Worker.run(ThreadPoolExecutor.java:635) ~[na:na]
	at java.base/java.lang.Thread.run(Thread.java:833) ~[na:na]

10:28:33:391  INFO 13016 --- [com.alibaba.nacos.client.remote.worker] com.alibaba.nacos.common.remote.client   : [2742523c-15bc-4f75-abf1-413d1e4b075f] Fail to connect server, after trying 11 times, last try server is {serverIp = '192.168.58.129', server main port = 8848}, error = unknown
10:28:33:913  INFO 13016 --- [nacos-grpc-client-executor-846] com.alibaba.nacos.common.remote.client   : [2742523c-15bc-4f75-abf1-413d1e4b075f] Receive server push request, request = ClientDetectionRequest, requestId = 108
10:28:33:914  INFO 13016 --- [nacos-grpc-client-executor-846] com.alibaba.nacos.common.remote.client   : [2742523c-15bc-4f75-abf1-413d1e4b075f] Ack server push request, request = ClientDetectionRequest, requestId = 108
10:28:35:270  INFO 13016 --- [nacos-grpc-client-executor-848] c.a.n.c.remote.client.grpc.GrpcClient    : [1714357484660_192.168.58.1_8764]Ignore complete event,isRunning:false,isAbandon=false
10:28:35:607  INFO 13016 --- [com.alibaba.nacos.client.remote.worker] com.alibaba.nacos.common.remote.client   : [2742523c-15bc-4f75-abf1-413d1e4b075f] Success to connect a server [192.168.58.129:8848], connectionId = 1714357718960_192.168.58.1_8988
10:28:35:607  INFO 13016 --- [com.alibaba.nacos.client.remote.worker] com.alibaba.nacos.common.remote.client   : [2742523c-15bc-4f75-abf1-413d1e4b075f] Abandon prev connection, server is 192.168.58.129:8848, connectionId is 1714357484660_192.168.58.1_8764
10:28:35:607  INFO 13016 --- [com.alibaba.nacos.client.remote.worker] com.alibaba.nacos.common.remote.client   : Close current connection 1714357484660_192.168.58.1_8764
10:28:35:608  INFO 13016 --- [com.alibaba.nacos.client.remote.worker] com.alibaba.nacos.common.remote.client   : [2742523c-15bc-4f75-abf1-413d1e4b075f] Notify disconnected event to listeners
10:28:35:609  INFO 13016 --- [com.alibaba.nacos.client.remote.worker] com.alibaba.nacos.common.remote.client   : [2742523c-15bc-4f75-abf1-413d1e4b075f] Notify connected event to listeners.
10:28:36:229  INFO 13016 --- [com.alibaba.nacos.client.remote.worker] com.alibaba.nacos.common.remote.client   : [2742523c-15bc-4f75-abf1-413d1e4b075f] Try to reconnect to a new server, server is  not appointed, will choose a random server.
10:28:37:063  INFO 13016 --- [com.alibaba.nacos.client.remote.worker] com.alibaba.nacos.common.remote.client   : [2742523c-15bc-4f75-abf1-413d1e4b075f] Success to connect a server [192.168.58.129:8848], connectionId = 1714357720820_192.168.58.1_8993
10:28:37:064  INFO 13016 --- [com.alibaba.nacos.client.remote.worker] com.alibaba.nacos.common.remote.client   : [2742523c-15bc-4f75-abf1-413d1e4b075f] Abandon prev connection, server is 192.168.58.129:8848, connectionId is 1714357718960_192.168.58.1_8988
10:28:37:065  INFO 13016 --- [com.alibaba.nacos.client.remote.worker] com.alibaba.nacos.common.remote.client   : Close current connection 1714357718960_192.168.58.1_8988
10:28:37:066  INFO 13016 --- [com.alibaba.nacos.client.remote.worker] com.alibaba.nacos.common.remote.client   : [2742523c-15bc-4f75-abf1-413d1e4b075f] Notify disconnected event to listeners
10:28:37:068  INFO 13016 --- [com.alibaba.nacos.client.remote.worker] com.alibaba.nacos.common.remote.client   : [2742523c-15bc-4f75-abf1-413d1e4b075f] Notify connected event to listeners.
10:28:37:070  WARN 13016 --- [nacos-grpc-client-executor-855] c.a.n.c.remote.client.grpc.GrpcClient    : [1714357718960_192.168.58.1_8988]Ignore error event,isRunning:true,isAbandon=true
10:28:38:316  INFO 13016 --- [nacos-grpc-client-executor-859] com.alibaba.nacos.common.remote.client   : [2742523c-15bc-4f75-abf1-413d1e4b075f] Receive server push request, request = NotifySubscriberRequest, requestId = 139
10:28:38:317  INFO 13016 --- [nacos-grpc-client-executor-859] com.alibaba.nacos.common.remote.client   : [2742523c-15bc-4f75-abf1-413d1e4b075f] Ack server push request, request = NotifySubscriberRequest, requestId = 139
10:53:55:725  INFO 13016 --- [com.alibaba.nacos.client.remote.worker] com.alibaba.nacos.common.remote.client   : [2742523c-15bc-4f75-abf1-413d1e4b075f] Server healthy check fail, currentConnection = 1714357720820_192.168.58.1_8993
10:53:56:139  INFO 13016 --- [com.alibaba.nacos.client.remote.worker] com.alibaba.nacos.common.remote.client   : [2742523c-15bc-4f75-abf1-413d1e4b075f] Try to reconnect to a new server, server is  not appointed, will choose a random server.
10:53:58:371  INFO 13016 --- [com.alibaba.nacos.client.remote.worker] com.alibaba.nacos.common.remote.client   : [2742523c-15bc-4f75-abf1-413d1e4b075f] Success to connect a server [192.168.58.129:8848], connectionId = 1714359241845_192.168.58.1_9943
10:53:58:432  INFO 13016 --- [com.alibaba.nacos.client.remote.worker] com.alibaba.nacos.common.remote.client   : [2742523c-15bc-4f75-abf1-413d1e4b075f] Abandon prev connection, server is 192.168.58.129:8848, connectionId is 1714357720820_192.168.58.1_8993
10:53:58:434  INFO 13016 --- [com.alibaba.nacos.client.remote.worker] com.alibaba.nacos.common.remote.client   : Close current connection 1714357720820_192.168.58.1_8993
10:53:58:445  INFO 13016 --- [com.alibaba.nacos.client.remote.worker] com.alibaba.nacos.common.remote.client   : [2742523c-15bc-4f75-abf1-413d1e4b075f] Notify disconnected event to listeners
10:53:58:446  WARN 13016 --- [nacos-grpc-client-executor-1174] c.a.n.c.remote.client.grpc.GrpcClient    : [1714357720820_192.168.58.1_8993]Ignore error event,isRunning:true,isAbandon=true
10:53:58:473  INFO 13016 --- [com.alibaba.nacos.client.remote.worker] com.alibaba.nacos.common.remote.client   : [2742523c-15bc-4f75-abf1-413d1e4b075f] Notify connected event to listeners.
10:54:00:434  INFO 13016 --- [nacos-grpc-client-executor-1179] com.alibaba.nacos.common.remote.client   : [2742523c-15bc-4f75-abf1-413d1e4b075f] Receive server push request, request = NotifySubscriberRequest, requestId = 165
10:54:00:438  INFO 13016 --- [nacos-grpc-client-executor-1179] com.alibaba.nacos.common.remote.client   : [2742523c-15bc-4f75-abf1-413d1e4b075f] Ack server push request, request = NotifySubscriberRequest, requestId = 165
11:29:22:729  INFO 13016 --- [com.alibaba.nacos.client.remote.worker] com.alibaba.nacos.common.remote.client   : [2742523c-15bc-4f75-abf1-413d1e4b075f] Server healthy check fail, currentConnection = 1714359241845_192.168.58.1_9943
11:29:22:777  INFO 13016 --- [com.alibaba.nacos.client.remote.worker] com.alibaba.nacos.common.remote.client   : [2742523c-15bc-4f75-abf1-413d1e4b075f] Try to reconnect to a new server, server is  not appointed, will choose a random server.
11:29:25:941  INFO 13016 --- [com.alibaba.nacos.client.remote.worker] com.alibaba.nacos.common.remote.client   : [2742523c-15bc-4f75-abf1-413d1e4b075f] Success to connect a server [192.168.58.129:8848], connectionId = 1714361369570_192.168.58.1_12167
11:29:25:943  INFO 13016 --- [com.alibaba.nacos.client.remote.worker] com.alibaba.nacos.common.remote.client   : [2742523c-15bc-4f75-abf1-413d1e4b075f] Abandon prev connection, server is 192.168.58.129:8848, connectionId is 1714359241845_192.168.58.1_9943
11:29:25:943  INFO 13016 --- [com.alibaba.nacos.client.remote.worker] com.alibaba.nacos.common.remote.client   : Close current connection 1714359241845_192.168.58.1_9943
11:29:25:948  INFO 13016 --- [com.alibaba.nacos.client.remote.worker] com.alibaba.nacos.common.remote.client   : [2742523c-15bc-4f75-abf1-413d1e4b075f] Notify disconnected event to listeners
11:29:25:950  WARN 13016 --- [nacos-grpc-client-executor-1620] c.a.n.c.remote.client.grpc.GrpcClient    : [1714359241845_192.168.58.1_9943]Ignore error event,isRunning:true,isAbandon=true
11:29:25:956  INFO 13016 --- [com.alibaba.nacos.client.remote.worker] com.alibaba.nacos.common.remote.client   : [2742523c-15bc-4f75-abf1-413d1e4b075f] Notify connected event to listeners.
11:29:28:344  INFO 13016 --- [nacos-grpc-client-executor-1623] com.alibaba.nacos.common.remote.client   : [2742523c-15bc-4f75-abf1-413d1e4b075f] Receive server push request, request = NotifySubscriberRequest, requestId = 192
11:29:28:354  INFO 13016 --- [nacos-grpc-client-executor-1623] com.alibaba.nacos.common.remote.client   : [2742523c-15bc-4f75-abf1-413d1e4b075f] Ack server push request, request = NotifySubscriberRequest, requestId = 192
